{"level":"info","message":"This is an info message","timestamp":"2024-10-23T06:41:06.909Z"}
{"level":"warn","message":"This is a warning message","timestamp":"2024-10-23T06:41:06.913Z"}
{"level":"error","message":"This is an error message","timestamp":"2024-10-23T06:41:06.913Z"}
{"level":"info","message":"This is an info message","timestamp":"2024-10-23T06:56:16.580Z"}
{"level":"warn","message":"This is a warning message","timestamp":"2024-10-23T06:56:16.582Z"}
{"level":"error","message":"This is an error message","timestamp":"2024-10-23T06:56:16.583Z"}
{"level":"info","message":"This is an info message","timestamp":"2024-10-23T06:56:19.717Z"}
{"level":"warn","message":"This is a warning message","timestamp":"2024-10-23T06:56:19.723Z"}
{"level":"error","message":"This is an error message","timestamp":"2024-10-23T06:56:19.723Z"}
{"level":"info","message":"This is an info message","timestamp":"2024-10-23T06:56:23.721Z"}
{"level":"warn","message":"This is a warning message","timestamp":"2024-10-23T06:56:23.723Z"}
{"level":"error","message":"This is an error message","timestamp":"2024-10-23T06:56:23.724Z"}
{"level":"info","message":"This is an info message","timestamp":"2024-10-23T06:57:27.899Z"}
{"level":"warn","message":"This is a warning message","timestamp":"2024-10-23T06:57:27.901Z"}
{"level":"error","message":"This is an error message","timestamp":"2024-10-23T06:57:27.902Z"}
{"level":"info","message":"This is an info message","timestamp":"2024-10-23T06:58:54.823Z"}
{"level":"warn","message":"This is a warning message","timestamp":"2024-10-23T06:58:54.826Z"}
{"level":"error","message":"This is an error message","timestamp":"2024-10-23T06:58:54.826Z"}
{"level":"info","message":"This is an info message","timestamp":"2024-10-23T06:59:03.438Z"}
{"level":"warn","message":"This is a warning message","timestamp":"2024-10-23T06:59:03.441Z"}
{"level":"error","message":"This is an error message","timestamp":"2024-10-23T06:59:03.441Z"}
{"level":"info","message":"This is an info message","timestamp":"2024-10-23T06:59:08.199Z"}
{"level":"warn","message":"This is a warning message","timestamp":"2024-10-23T06:59:08.201Z"}
{"level":"error","message":"This is an error message","timestamp":"2024-10-23T06:59:08.201Z"}
{"level":"info","message":"This is an info message","timestamp":"2024-10-23T06:59:19.162Z"}
{"level":"warn","message":"This is a warning message","timestamp":"2024-10-23T06:59:19.165Z"}
{"level":"error","message":"This is an error message","timestamp":"2024-10-23T06:59:19.166Z"}
{"level":"info","message":"This is an info message","timestamp":"2024-10-23T06:59:32.295Z"}
{"level":"warn","message":"This is a warning message","timestamp":"2024-10-23T06:59:32.298Z"}
{"level":"error","message":"This is an error message","timestamp":"2024-10-23T06:59:32.298Z"}
{"level":"info","message":"This is an info message","timestamp":"2024-10-23T06:59:41.870Z"}
{"level":"warn","message":"This is a warning message","timestamp":"2024-10-23T06:59:41.875Z"}
{"level":"error","message":"This is an error message","timestamp":"2024-10-23T06:59:41.875Z"}
{"level":"info","message":"This is an info message","timestamp":"2024-10-23T06:59:51.470Z"}
{"level":"warn","message":"This is a warning message","timestamp":"2024-10-23T06:59:51.474Z"}
{"level":"error","message":"This is an error message","timestamp":"2024-10-23T06:59:51.474Z"}
{"level":"info","message":"This is an info message","timestamp":"2024-10-23T07:00:30.350Z"}
{"level":"warn","message":"This is a warning message","timestamp":"2024-10-23T07:00:30.354Z"}
{"level":"error","message":"This is an error message","timestamp":"2024-10-23T07:00:30.354Z"}
{"level":"info","message":"This is an info message","timestamp":"2024-10-23T07:00:41.363Z"}
{"level":"warn","message":"This is a warning message","timestamp":"2024-10-23T07:00:41.365Z"}
{"level":"error","message":"This is an error message","timestamp":"2024-10-23T07:00:41.366Z"}
{"level":"info","message":"This is an info message","timestamp":"2024-10-23T07:01:53.696Z"}
{"level":"warn","message":"This is a warning message","timestamp":"2024-10-23T07:01:53.700Z"}
{"level":"error","message":"This is an error message","timestamp":"2024-10-23T07:01:53.701Z"}
{"level":"info","message":"This is an info message","timestamp":"2024-10-23T07:02:08.292Z"}
{"level":"warn","message":"This is a warning message","timestamp":"2024-10-23T07:02:08.296Z"}
{"level":"error","message":"This is an error message","timestamp":"2024-10-23T07:02:08.297Z"}
{"level":"info","message":"Register user route hit","timestamp":"2024-10-23T07:02:14.023Z"}
{"level":"info","message":"This is an info message","timestamp":"2024-10-23T07:03:25.282Z"}
{"level":"warn","message":"This is a warning message","timestamp":"2024-10-23T07:03:25.284Z"}
{"level":"error","message":"This is an error message","timestamp":"2024-10-23T07:03:25.285Z"}
{"level":"info","message":"This is an info message","timestamp":"2024-10-23T07:06:45.334Z"}
{"level":"warn","message":"This is a warning message","timestamp":"2024-10-23T07:06:45.338Z"}
{"level":"error","message":"This is an error message","timestamp":"2024-10-23T07:06:45.339Z"}
{"level":"info","message":"This is an info message","timestamp":"2024-10-23T07:09:09.950Z"}
{"level":"warn","message":"This is a warning message","timestamp":"2024-10-23T07:09:09.953Z"}
{"level":"error","message":"This is an error message","timestamp":"2024-10-23T07:09:09.953Z"}
{"level":"info","message":"Login user route hit","timestamp":"2024-10-23T07:09:12.271Z"}
{"level":"info","message":"Login user route hit","timestamp":"2024-10-23T07:09:42.210Z"}
