info: ::1 - - [14/Oct/2024:09:34:59 +0000] "GET /api/v1/ HTTP/1.1" 200 9 "-" "PostmanRuntime/7.41.1"

info: ::1 - - [14/Oct/2024:09:35:12 +0000] "GET /api/v1/users HTTP/1.1" 200 65 "-" "PostmanRuntime/7.41.1"

info: ::1 - - [14/Oct/2024:09:37:19 +0000] "PUT /api/v1/users/85 HTTP/1.1" 500 135 "-" "PostmanRuntime/7.41.1"

info: ::1 - - [14/Oct/2024:09:52:49 +0000] "POST /api/v1/users HTTP/1.1" 500 59 "-" "PostmanRuntime/7.41.1"

info: ::1 - - [14/Oct/2024:09:53:35 +0000] "POST /api/v1/users HTTP/1.1" 201 273 "-" "PostmanRuntime/7.41.1"

info: ::1 - - [14/Oct/2024:09:55:42 +0000] "PUT /api/v1/users/670cea1fd739a842ecb9ca57 HTTP/1.1" 202 280 "-" "PostmanRuntime/7.41.1"

info: ::1 - - [14/Oct/2024:09:56:02 +0000] "GET /api/v1/users HTTP/1.1" 200 287 "-" "PostmanRuntime/7.41.1"

info: ::1 - - [14/Oct/2024:09:58:53 +0000] "DELETE /api/v1/users/670cea1fd739a842ecb9ca57 HTTP/1.1" 200 60 "-" "PostmanRuntime/7.41.1"

info: ::1 - - [14/Oct/2024:09:59:04 +0000] "PUT /api/v1/users/ HTTP/1.1" 404 47 "-" "PostmanRuntime/7.41.1"

info: ::1 - - [14/Oct/2024:09:59:11 +0000] "POST /api/v1/users/ HTTP/1.1" 201 280 "-" "PostmanRuntime/7.41.1"

info: ::1 - - [14/Oct/2024:09:59:52 +0000] "POST /api/v1/users/ HTTP/1.1" 201 279 "-" "PostmanRuntime/7.41.1"

info: ::1 - - [14/Oct/2024:09:59:57 +0000] "GET /api/v1/users/ HTTP/1.1" 200 509 "-" "PostmanRuntime/7.41.1"

info: ::1 - - [14/Oct/2024:10:03:27 +0000] "GET /api/v1 HTTP/1.1" 200 9 "-" "PostmanRuntime/7.41.1"

info: ::1 - - [14/Oct/2024:10:03:45 +0000] "GET /api/v1/users HTTP/1.1" 200 509 "-" "PostmanRuntime/7.41.1"

info: ::1 - - [14/Oct/2024:10:06:14 +0000] "POST /api/v1/users HTTP/1.1" 201 258 "-" "PostmanRuntime/7.41.1"

info: ::1 - - [14/Oct/2024:10:07:41 +0000] "GET /api/v1/users HTTP/1.1" 200 710 "-" "PostmanRuntime/7.41.1"

info: ::1 - - [14/Oct/2024:10:13:24 +0000] "DELETE /api/v1/users/670ced1661dc161f4c0e3a38 HTTP/1.1" 200 60 "-" "PostmanRuntime/7.41.1"

info: ::1 - - [14/Oct/2024:10:13:33 +0000] "GET /api/v1/users HTTP/1.1" 200 509 "-" "PostmanRuntime/7.41.1"

info: ::1 - - [14/Oct/2024:10:25:22 +0000] "GET /api/v1/users/670ceb6f61dc161f4c0e3a32 HTTP/1.1" 200 280 "-" "PostmanRuntime/7.41.1"

info: ::1 - - [14/Oct/2024:10:25:36 +0000] "GET /api/v1/ HTTP/1.1" 200 9 "-" "PostmanRuntime/7.41.1"

info: ::1 - - [14/Oct/2024:10:25:44 +0000] "GET /api/v1/users HTTP/1.1" 200 509 "-" "PostmanRuntime/7.41.1"

info: ::1 - - [14/Oct/2024:10:26:12 +0000] "POST /api/v1/users HTTP/1.1" 201 258 "-" "PostmanRuntime/7.41.1"

info: ::1 - - [14/Oct/2024:10:26:41 +0000] "GET /api/v1/users/670cf1c4bc30602f1423e93a HTTP/1.1" 200 258 "-" "PostmanRuntime/7.41.1"

info: ::1 - - [14/Oct/2024:11:14:20 +0000] "GET /api/v1/users/670cf1c4bc30602f1423e93a HTTP/1.1" 400 56 "-" "PostmanRuntime/7.41.1"

info: ::1 - - [14/Oct/2024:11:14:27 +0000] "GET /api/v1/users/670cf1c4bc30602f1423e93a HTTP/1.1" 200 258 "-" "PostmanRuntime/7.41.1"

