info: ::1 - - [18/Oct/2024:05:48:36 +0000] "POST /api/v1/notes/create/ HTTP/1.1" 500 72 "-" "PostmanRuntime/7.42.0"

info: ::1 - - [18/Oct/2024:06:02:30 +0000] "POST /api/v1/notes/create/ HTTP/1.1" 500 72 "-" "PostmanRuntime/7.42.0"

info: ::1 - - [18/Oct/2024:06:03:26 +0000] "POST /api/v1/notes/create/ HTTP/1.1" 500 69 "-" "PostmanRuntime/7.42.0"

info: ::1 - - [18/Oct/2024:06:04:13 +0000] "POST /api/v1/notes/create/ HTTP/1.1" 500 60 "-" "PostmanRuntime/7.42.0"

info: ::1 - - [18/Oct/2024:06:04:23 +0000] "POST /api/v1/notes/create/ HTTP/1.1" 500 60 "-" "PostmanRuntime/7.42.0"

info: ::1 - - [18/Oct/2024:06:06:08 +0000] "POST /api/v1/notes/create/ HTTP/1.1" 500 60 "-" "PostmanRuntime/7.42.0"

info: ::1 - - [18/Oct/2024:06:06:10 +0000] "POST /api/v1/notes/create HTTP/1.1" 500 60 "-" "PostmanRuntime/7.42.0"

info: ::1 - - [18/Oct/2024:06:11:15 +0000] "POST /api/v1/notes/create HTTP/1.1" 201 - "-" "PostmanRuntime/7.42.0"

info: ::1 - - [18/Oct/2024:06:12:06 +0000] "POST /api/v1/notes/create HTTP/1.1" 201 - "-" "PostmanRuntime/7.42.0"

info: ::1 - - [18/Oct/2024:06:16:05 +0000] "POST /api/v1/notes/create HTTP/1.1" 201 - "-" "PostmanRuntime/7.42.0"

info: ::1 - - [18/Oct/2024:06:16:53 +0000] "POST /api/v1/notes/create HTTP/1.1" 201 - "-" "PostmanRuntime/7.42.0"

info: ::1 - - [18/Oct/2024:06:17:14 +0000] "POST /api/v1/notes/create HTTP/1.1" 201 - "-" "PostmanRuntime/7.42.0"

info: ::1 - - [18/Oct/2024:06:18:18 +0000] "POST /api/v1/notes/create HTTP/1.1" 201 - "-" "PostmanRuntime/7.42.0"

info: ::1 - - [18/Oct/2024:06:19:11 +0000] "POST /api/v1/notes/create HTTP/1.1" 201 156 "-" "PostmanRuntime/7.42.0"

info: ::1 - - [18/Oct/2024:06:21:37 +0000] "POST /api/v1/notes/fetch HTTP/1.1" 404 47 "-" "PostmanRuntime/7.42.0"

info: ::1 - - [18/Oct/2024:06:22:41 +0000] "POST /api/v1/notes/fetch HTTP/1.1" 404 47 "-" "PostmanRuntime/7.42.0"

info: ::1 - - [18/Oct/2024:06:23:21 +0000] "POST /api/v1/notes/create HTTP/1.1" 201 - "-" "PostmanRuntime/7.42.0"

info: ::1 - - [18/Oct/2024:06:23:51 +0000] "POST /api/v1/notes/create HTTP/1.1" 201 - "-" "PostmanRuntime/7.42.0"

info: ::1 - - [18/Oct/2024:06:24:08 +0000] "POST /api/v1/notes/create HTTP/1.1" 201 154 "-" "PostmanRuntime/7.42.0"

info: ::1 - - [18/Oct/2024:06:25:07 +0000] "POST /api/v1/notes/fetch HTTP/1.1" 404 47 "-" "PostmanRuntime/7.42.0"

info: ::1 - - [18/Oct/2024:06:25:16 +0000] "POST /api/v1/notes/fetch HTTP/1.1" 404 47 "-" "PostmanRuntime/7.42.0"

info: ::1 - - [18/Oct/2024:06:25:18 +0000] "POST /api/v1/notes/fetch HTTP/1.1" 404 47 "-" "PostmanRuntime/7.42.0"

info: ::1 - - [18/Oct/2024:06:25:41 +0000] "POST /api/v1/notes/fetch HTTP/1.1" 404 47 "-" "PostmanRuntime/7.42.0"

info: ::1 - - [18/Oct/2024:06:26:16 +0000] "POST /api/v1/notes/fetch HTTP/1.1" 404 47 "-" "PostmanRuntime/7.42.0"

info: ::1 - - [18/Oct/2024:06:29:05 +0000] "POST /api/v1/notes/fetch HTTP/1.1" 404 47 "-" "PostmanRuntime/7.42.0"

info: ::1 - - [18/Oct/2024:06:29:10 +0000] "POST /api/v1/notes/fetch HTTP/1.1" 404 47 "-" "PostmanRuntime/7.42.0"

info: ::1 - - [18/Oct/2024:06:30:38 +0000] "GET /api/v1/notes/fetch HTTP/1.1" 500 65 "-" "PostmanRuntime/7.42.0"

info: ::1 - - [18/Oct/2024:06:31:05 +0000] "GET /api/v1/notes/fetch HTTP/1.1" 500 65 "-" "PostmanRuntime/7.42.0"

info: ::1 - - [18/Oct/2024:06:31:45 +0000] "GET /api/v1/notes/fetch HTTP/1.1" 500 65 "-" "PostmanRuntime/7.42.0"

info: ::1 - - [18/Oct/2024:06:32:53 +0000] "GET /api/v1/notes/fetch HTTP/1.1" 500 65 "-" "PostmanRuntime/7.42.0"

info: ::1 - - [18/Oct/2024:06:34:27 +0000] "GET /api/v1/notes/fetch HTTP/1.1" 200 313 "-" "PostmanRuntime/7.42.0"

info: ::1 - - [18/Oct/2024:06:36:53 +0000] "GET /api/v1/notes/update/6711fddfeae6213344b4a804 HTTP/1.1" 404 47 "-" "PostmanRuntime/7.42.0"

info: ::1 - - [18/Oct/2024:06:37:07 +0000] "PUT /api/v1/notes/update/6711fddfeae6213344b4a804 HTTP/1.1" 500 145 "-" "PostmanRuntime/7.42.0"

info: ::1 - - [18/Oct/2024:06:38:28 +0000] "PUT /api/v1/notes/update/6711fddfeae6213344b4a804 HTTP/1.1" 404 28 "-" "PostmanRuntime/7.42.0"

info: ::1 - - [18/Oct/2024:06:38:56 +0000] "PUT /api/v1/notes/update/6711fddfeae6213344b4a804 HTTP/1.1" 404 28 "-" "PostmanRuntime/7.42.0"

info: ::1 - - [18/Oct/2024:06:39:49 +0000] "PUT /api/v1/notes/update/6711fddfeae6213344b4a804 HTTP/1.1" 200 159 "-" "PostmanRuntime/7.42.0"

info: ::1 - - [18/Oct/2024:06:40:41 +0000] "DELETE /api/v1/notes/update/6711fddfeae6213344b4a804 HTTP/1.1" 404 47 "-" "PostmanRuntime/7.42.0"

info: ::1 - - [18/Oct/2024:06:40:47 +0000] "DELETE /api/v1/notes/update/6711fddfeae6213344b4a804 HTTP/1.1" 404 47 "-" "PostmanRuntime/7.42.0"

info: ::1 - - [18/Oct/2024:06:41:11 +0000] "DELETE /api/v1/notes/delete/6711fddfeae6213344b4a804 HTTP/1.1" 200 39 "-" "PostmanRuntime/7.42.0"

info: ::1 - - [18/Oct/2024:06:52:23 +0000] "POST /api/v1/notes/create HTTP/1.1" 201 157 "-" "PostmanRuntime/7.42.0"

info: ::1 - - [18/Oct/2024:06:52:51 +0000] "POST /api/v1/notes/create HTTP/1.1" 201 185 "-" "PostmanRuntime/7.42.0"

info: ::1 - - [18/Oct/2024:06:53:07 +0000] "POST /api/v1/notes/create HTTP/1.1" 201 183 "-" "PostmanRuntime/7.42.0"

info: ::1 - - [18/Oct/2024:09:06:51 +0000] "POST /api/v1/notes/create HTTP/1.1" 201 189 "-" "PostmanRuntime/7.42.0"

info: ::1 - - [18/Oct/2024:09:12:48 +0000] "POST /api/v1/users HTTP/1.1" 500 48 "-" "PostmanRuntime/7.42.0"

info: ::1 - - [18/Oct/2024:09:13:05 +0000] "POST /api/v1/users HTTP/1.1" 201 322 "-" "PostmanRuntime/7.42.0"

info: ::1 - - [18/Oct/2024:09:13:17 +0000] "POST /api/v1/users HTTP/1.1" 500 48 "-" "PostmanRuntime/7.42.0"

info: ::1 - - [18/Oct/2024:09:20:52 +0000] "POST /api/v1/users HTTP/1.1" 500 48 "-" "PostmanRuntime/7.42.0"

info: ::1 - - [18/Oct/2024:09:20:54 +0000] "POST /api/v1/users HTTP/1.1" 500 48 "-" "PostmanRuntime/7.42.0"

info: ::1 - - [18/Oct/2024:09:22:59 +0000] "POST /api/v1/users HTTP/1.1" 500 48 "-" "PostmanRuntime/7.42.0"

info: ::1 - - [18/Oct/2024:09:23:05 +0000] "POST /api/v1/users/ HTTP/1.1" 500 48 "-" "PostmanRuntime/7.42.0"

info: ::1 - - [18/Oct/2024:09:25:26 +0000] "POST /api/v1/users/ HTTP/1.1" 500 48 "-" "PostmanRuntime/7.42.0"

info: ::1 - - [18/Oct/2024:09:25:28 +0000] "POST /api/v1/users/ HTTP/1.1" 500 48 "-" "PostmanRuntime/7.42.0"

info: ::1 - - [18/Oct/2024:09:27:47 +0000] "POST /api/v1/users/ HTTP/1.1" 500 48 "-" "PostmanRuntime/7.42.0"

info: ::1 - - [18/Oct/2024:09:33:02 +0000] "POST /api/v1/users/ HTTP/1.1" 500 48 "-" "PostmanRuntime/7.42.0"

info: ::1 - - [18/Oct/2024:09:33:27 +0000] "POST /api/v1/users/ HTTP/1.1" 500 48 "-" "PostmanRuntime/7.42.0"

info: ::1 - - [18/Oct/2024:10:35:30 +0000] "POST /api/v1/users/ HTTP/1.1" 500 48 "-" "PostmanRuntime/7.42.0"

info: ::1 - - [18/Oct/2024:10:41:40 +0000] "POST /api/v1/users/ HTTP/1.1" 200 855 "-" "PostmanRuntime/7.42.0"

info: ::1 - - [18/Oct/2024:10:43:56 +0000] "POST /api/v1/users/ HTTP/1.1" 200 2 "-" "PostmanRuntime/7.42.0"

info: ::1 - - [18/Oct/2024:10:44:42 +0000] "POST /api/v1/users/ HTTP/1.1" 200 2 "-" "PostmanRuntime/7.42.0"

info: ::1 - - [18/Oct/2024:10:45:28 +0000] "POST /api/v1/users/ HTTP/1.1" 200 2 "-" "PostmanRuntime/7.42.0"

info: ::1 - - [18/Oct/2024:10:48:57 +0000] "POST /api/v1/users/ HTTP/1.1" 201 322 "-" "PostmanRuntime/7.42.0"

info: ::1 - - [18/Oct/2024:11:14:25 +0000] "POST /api/v1/users/login HTTP/1.1" 500 48 "-" "PostmanRuntime/7.42.0"

info: ::1 - - [18/Oct/2024:11:16:31 +0000] "POST /api/v1/users/login HTTP/1.1" 500 48 "-" "PostmanRuntime/7.42.0"

info: ::1 - - [18/Oct/2024:11:17:24 +0000] "POST /api/v1/users/login HTTP/1.1" 200 299 "-" "PostmanRuntime/7.42.0"

info: ::1 - - [18/Oct/2024:11:23:43 +0000] "POST /api/v1/users/login HTTP/1.1" 200 506 "-" "PostmanRuntime/7.42.0"

