info: Server started at http://localhost:3000/api/v1/ {"timestamp":"2024-10-14T09:34:48.103Z"}
info: Connected to the database. {"timestamp":"2024-10-14T09:34:48.145Z"}
error: 
    status - 500 
    message - CastError: Cast to ObjectId failed for value "{ _id: '85' }" (type Object) at path "_id" for model "User"
    at model.Query.exec (D:\BackendWorkspace\nodeProject\node_modules\mongoose\lib\query.js:4498:21)
    at model.Query.Query.then (D:\BackendWorkspace\nodeProject\node_modules\mongoose\lib\query.js:4592:15)
    at processTicksAndRejections (node:internal/process/task_queues:95:5) 
    url - /api/v1/users/85 
    method - PUT 
    IP - ::1
   {"timestamp":"2024-10-14T09:37:19.811Z"}
info: Server started at http://localhost:3000/api/v1/ {"timestamp":"2024-10-14T09:45:06.864Z"}
info: Connected to the database. {"timestamp":"2024-10-14T09:45:06.883Z"}
info: Server started at http://localhost:3000/api/v1/ {"timestamp":"2024-10-14T09:45:13.658Z"}
info: Connected to the database. {"timestamp":"2024-10-14T09:45:13.682Z"}
info: Server started at http://localhost:3000/api/v1/ {"timestamp":"2024-10-14T09:45:16.071Z"}
info: Connected to the database. {"timestamp":"2024-10-14T09:45:16.089Z"}
info: Server started at http://localhost:3000/api/v1/ {"timestamp":"2024-10-14T09:45:25.298Z"}
info: Connected to the database. {"timestamp":"2024-10-14T09:45:25.318Z"}
info: Server started at http://localhost:3000/api/v1/ {"timestamp":"2024-10-14T09:45:27.757Z"}
info: Connected to the database. {"timestamp":"2024-10-14T09:45:27.777Z"}
info: Server started at http://localhost:3000/api/v1/ {"timestamp":"2024-10-14T09:45:41.446Z"}
info: Connected to the database. {"timestamp":"2024-10-14T09:45:41.464Z"}
info: Server started at http://localhost:3000/api/v1/ {"timestamp":"2024-10-14T09:45:59.103Z"}
info: Connected to the database. {"timestamp":"2024-10-14T09:45:59.122Z"}
info: Server started at http://localhost:3000/api/v1/ {"timestamp":"2024-10-14T09:46:04.861Z"}
info: Connected to the database. {"timestamp":"2024-10-14T09:46:04.880Z"}
info: Server started at http://localhost:3000/api/v1/ {"timestamp":"2024-10-14T09:46:09.153Z"}
info: Connected to the database. {"timestamp":"2024-10-14T09:46:09.172Z"}
info: Server started at http://localhost:3000/api/v1/ {"timestamp":"2024-10-14T09:46:11.878Z"}
info: Connected to the database. {"timestamp":"2024-10-14T09:46:11.897Z"}
info: Server started at http://localhost:3000/api/v1/ {"timestamp":"2024-10-14T09:46:17.703Z"}
info: Connected to the database. {"timestamp":"2024-10-14T09:46:17.722Z"}
info: Server started at http://localhost:3000/api/v1/ {"timestamp":"2024-10-14T09:51:11.692Z"}
info: Connected to the database. {"timestamp":"2024-10-14T09:51:11.713Z"}
info: Server started at http://localhost:3000/api/v1/ {"timestamp":"2024-10-14T09:51:14.919Z"}
info: Connected to the database. {"timestamp":"2024-10-14T09:51:14.940Z"}
info: Server started at http://localhost:3000/api/v1/ {"timestamp":"2024-10-14T09:51:21.259Z"}
info: Connected to the database. {"timestamp":"2024-10-14T09:51:21.277Z"}
info: Server started at http://localhost:3000/api/v1/ {"timestamp":"2024-10-14T09:51:28.330Z"}
info: Connected to the database. {"timestamp":"2024-10-14T09:51:28.347Z"}
info: Server started at http://localhost:3000/api/v1/ {"timestamp":"2024-10-14T09:51:34.695Z"}
info: Connected to the database. {"timestamp":"2024-10-14T09:51:34.722Z"}
info: Server started at http://localhost:3000/api/v1/ {"timestamp":"2024-10-14T09:51:40.846Z"}
info: Connected to the database. {"timestamp":"2024-10-14T09:51:40.867Z"}
info: Server started at http://localhost:3000/api/v1/ {"timestamp":"2024-10-14T09:51:47.365Z"}
info: Connected to the database. {"timestamp":"2024-10-14T09:51:47.387Z"}
error: 
    status - 500 
    message - ValidationError: "email" is not allowed 
    url - /api/v1/users 
    method - POST 
    IP - ::1
   {"timestamp":"2024-10-14T09:52:49.278Z"}
info: Server started at http://localhost:3000/api/v1/ {"timestamp":"2024-10-14T09:53:31.269Z"}
info: Connected to the database. {"timestamp":"2024-10-14T09:53:31.285Z"}
info: Server started at http://localhost:3000/api/v1/ {"timestamp":"2024-10-14T09:55:25.468Z"}
info: Connected to the database. {"timestamp":"2024-10-14T09:55:25.493Z"}
info: Server started at http://localhost:3000/api/v1/ {"timestamp":"2024-10-14T10:22:40.590Z"}
info: Connected to the database. {"timestamp":"2024-10-14T10:22:40.614Z"}
info: Server started at http://localhost:3000/api/v1/ {"timestamp":"2024-10-14T10:23:28.074Z"}
info: Connected to the database. {"timestamp":"2024-10-14T10:23:28.089Z"}
info: Server started at http://localhost:3000/api/v1/ {"timestamp":"2024-10-14T10:23:35.718Z"}
info: Connected to the database. {"timestamp":"2024-10-14T10:23:35.737Z"}
info: Server started at http://localhost:3000/api/v1/ {"timestamp":"2024-10-14T10:23:48.437Z"}
info: Connected to the database. {"timestamp":"2024-10-14T10:23:48.457Z"}
info: Server started at http://localhost:3000/api/v1/ {"timestamp":"2024-10-14T10:24:55.514Z"}
info: Connected to the database. {"timestamp":"2024-10-14T10:24:55.531Z"}
info: Server started at http://localhost:3000/api/v1/ {"timestamp":"2024-10-14T11:14:15.190Z"}
info: Connected to the database. {"timestamp":"2024-10-14T11:14:15.205Z"}
error: 
      status - 400
      message - Authorization token is required 
      url - /api/v1/users/670cf1c4bc30602f1423e93a 
      method - GET 
      IP - ::1
     {"timestamp":"2024-10-14T11:14:20.152Z"}
info: Server started at http://localhost:3000/api/v1/ {"timestamp":"2024-10-14T11:14:27.092Z"}
info: Connected to the database. {"timestamp":"2024-10-14T11:14:27.103Z"}
