info: Server started at http://localhost:3000/api/v1/ {"timestamp":"2024-10-23T05:06:26.822Z"}
info: Connected to the database. {"timestamp":"2024-10-23T05:06:26.845Z"}
info: Server started at http://localhost:3000/api/v1/ {"timestamp":"2024-10-23T05:11:02.834Z"}
info: Connected to the database. {"timestamp":"2024-10-23T05:11:02.863Z"}
info: Server started at http://localhost:3000/api/v1/ {"timestamp":"2024-10-23T05:12:38.853Z"}
info: Connected to the database. {"timestamp":"2024-10-23T05:12:38.882Z"}
info: Server started at http://localhost:3000/api/v1/ {"timestamp":"2024-10-23T05:15:28.846Z"}
info: Connected to the database. {"timestamp":"2024-10-23T05:15:28.868Z"}
info: Server started at http://localhost:3000/api/v1/ {"timestamp":"2024-10-23T05:15:32.436Z"}
info: Connected to the database. {"timestamp":"2024-10-23T05:15:32.464Z"}
info: Server started at http://localhost:3000/api/v1/ {"timestamp":"2024-10-23T05:15:36.982Z"}
info: Connected to the database. {"timestamp":"2024-10-23T05:15:37.009Z"}
info: Server started at http://localhost:3000/api/v1/ {"timestamp":"2024-10-23T05:15:53.870Z"}
info: Connected to the database. {"timestamp":"2024-10-23T05:15:53.893Z"}
info: Server started at http://localhost:3000/api/v1/ {"timestamp":"2024-10-23T05:16:08.333Z"}
info: Connected to the database. {"timestamp":"2024-10-23T05:16:08.355Z"}
info: Server started at http://localhost:3000/api/v1/ {"timestamp":"2024-10-23T05:16:51.149Z"}
info: Connected to the database. {"timestamp":"2024-10-23T05:16:51.175Z"}
info: Server started at http://localhost:3000/api/v1/ {"timestamp":"2024-10-23T05:16:55.973Z"}
info: Connected to the database. {"timestamp":"2024-10-23T05:16:55.998Z"}
info: Server started at http://localhost:3000/api/v1/ {"timestamp":"2024-10-23T05:18:56.359Z"}
info: Connected to the database. {"timestamp":"2024-10-23T05:18:56.391Z"}
info: Server started at http://localhost:3000/api/v1/ {"timestamp":"2024-10-23T05:19:18.962Z"}
info: Connected to the database. {"timestamp":"2024-10-23T05:19:18.992Z"}
info: Server started at http://localhost:3000/api/v1/ {"timestamp":"2024-10-23T05:19:32.356Z"}
info: Connected to the database. {"timestamp":"2024-10-23T05:19:32.384Z"}
info: Server started at http://localhost:3000/api/v1/ {"timestamp":"2024-10-23T05:19:39.444Z"}
info: Connected to the database. {"timestamp":"2024-10-23T05:19:39.465Z"}
info: Server started at http://localhost:3000/api/v1/ {"timestamp":"2024-10-23T05:19:42.797Z"}
info: Connected to the database. {"timestamp":"2024-10-23T05:19:42.822Z"}
info: Server started at http://localhost:3000/api/v1/ {"timestamp":"2024-10-23T05:19:52.934Z"}
info: Connected to the database. {"timestamp":"2024-10-23T05:19:52.960Z"}
info: Server started at http://localhost:3000/api/v1/ {"timestamp":"2024-10-23T05:20:03.991Z"}
info: Connected to the database. {"timestamp":"2024-10-23T05:20:04.028Z"}
info: Server started at http://localhost:3000/api/v1/ {"timestamp":"2024-10-23T05:20:48.713Z"}
info: Connected to the database. {"timestamp":"2024-10-23T05:20:48.733Z"}
info: Server started at http://localhost:3000/api/v1/ {"timestamp":"2024-10-23T05:21:15.537Z"}
info: Connected to the database. {"timestamp":"2024-10-23T05:21:15.563Z"}
info: Server started at http://localhost:3000/api/v1/ {"timestamp":"2024-10-23T05:21:24.302Z"}
info: Connected to the database. {"timestamp":"2024-10-23T05:21:24.335Z"}
info: Server started at http://localhost:3000/api/v1/ {"timestamp":"2024-10-23T05:23:21.700Z"}
info: Connected to the database. {"timestamp":"2024-10-23T05:23:21.742Z"}
info: Server started at http://localhost:3000/api/v1/ {"timestamp":"2024-10-23T05:24:36.576Z"}
info: Connected to the database. {"timestamp":"2024-10-23T05:24:36.600Z"}
info: Server started at http://localhost:3000/api/v1/ {"timestamp":"2024-10-23T05:24:42.223Z"}
info: Connected to the database. {"timestamp":"2024-10-23T05:24:42.253Z"}
info: Server started at http://localhost:3000/api/v1/ {"timestamp":"2024-10-23T05:24:52.385Z"}
info: Connected to the database. {"timestamp":"2024-10-23T05:24:52.406Z"}
info: Server started at http://localhost:3000/api/v1/ {"timestamp":"2024-10-23T05:24:56.584Z"}
info: Connected to the database. {"timestamp":"2024-10-23T05:24:56.605Z"}
info: Server started at http://localhost:3000/api/v1/ {"timestamp":"2024-10-23T05:25:08.964Z"}
info: Connected to the database. {"timestamp":"2024-10-23T05:25:08.994Z"}
info: Server started at http://localhost:3000/api/v1/ {"timestamp":"2024-10-23T05:25:13.389Z"}
info: Connected to the database. {"timestamp":"2024-10-23T05:25:13.410Z"}
info: Server started at http://localhost:3000/api/v1/ {"timestamp":"2024-10-23T05:25:24.687Z"}
info: Connected to the database. {"timestamp":"2024-10-23T05:25:24.708Z"}
info: Server started at http://localhost:3000/api/v1/ {"timestamp":"2024-10-23T05:25:40.742Z"}
info: Connected to the database. {"timestamp":"2024-10-23T05:25:40.769Z"}
info: Server started at http://localhost:3000/api/v1/ {"timestamp":"2024-10-23T05:25:47.697Z"}
info: Connected to the database. {"timestamp":"2024-10-23T05:25:47.728Z"}
info: Server started at http://localhost:3000/api/v1/ {"timestamp":"2024-10-23T05:25:56.202Z"}
info: Connected to the database. {"timestamp":"2024-10-23T05:25:56.232Z"}
info: Server started at http://localhost:3000/api/v1/ {"timestamp":"2024-10-23T05:26:02.284Z"}
info: Connected to the database. {"timestamp":"2024-10-23T05:26:02.306Z"}
info: Server started at http://localhost:3000/api/v1/ {"timestamp":"2024-10-23T05:26:12.524Z"}
info: Connected to the database. {"timestamp":"2024-10-23T05:26:12.564Z"}
info: Server started at http://localhost:3000/api/v1/ {"timestamp":"2024-10-23T05:26:21.152Z"}
info: Connected to the database. {"timestamp":"2024-10-23T05:26:21.173Z"}
info: Server started at http://localhost:3000/api/v1/ {"timestamp":"2024-10-23T05:26:25.563Z"}
info: Connected to the database. {"timestamp":"2024-10-23T05:26:25.586Z"}
info: Server started at http://localhost:3000/api/v1/ {"timestamp":"2024-10-23T05:26:30.067Z"}
info: Connected to the database. {"timestamp":"2024-10-23T05:26:30.101Z"}
info: Server started at http://localhost:3000/api/v1/ {"timestamp":"2024-10-23T05:26:34.384Z"}
info: Connected to the database. {"timestamp":"2024-10-23T05:26:34.409Z"}
info: Server started at http://localhost:3000/api/v1/ {"timestamp":"2024-10-23T05:26:38.390Z"}
info: Connected to the database. {"timestamp":"2024-10-23T05:26:38.418Z"}
info: Server started at http://localhost:3000/api/v1/ {"timestamp":"2024-10-23T05:26:42.675Z"}
info: Connected to the database. {"timestamp":"2024-10-23T05:26:42.706Z"}
info: Server started at http://localhost:3000/api/v1/ {"timestamp":"2024-10-23T05:26:46.098Z"}
info: Connected to the database. {"timestamp":"2024-10-23T05:26:46.118Z"}
info: Server started at http://localhost:3000/api/v1/ {"timestamp":"2024-10-23T05:26:51.556Z"}
info: Connected to the database. {"timestamp":"2024-10-23T05:26:51.579Z"}
info: Server started at http://localhost:3000/api/v1/ {"timestamp":"2024-10-23T05:26:59.075Z"}
info: Connected to the database. {"timestamp":"2024-10-23T05:26:59.109Z"}
info: Server started at http://localhost:3000/api/v1/ {"timestamp":"2024-10-23T05:27:07.793Z"}
info: Connected to the database. {"timestamp":"2024-10-23T05:27:07.833Z"}
info: Server started at http://localhost:3000/api/v1/ {"timestamp":"2024-10-23T05:27:16.571Z"}
info: Connected to the database. {"timestamp":"2024-10-23T05:27:16.596Z"}
info: Server started at http://localhost:3000/api/v1/ {"timestamp":"2024-10-23T05:27:22.596Z"}
info: Connected to the database. {"timestamp":"2024-10-23T05:27:22.630Z"}
info: Server started at http://localhost:3000/api/v1/ {"timestamp":"2024-10-23T05:27:34.609Z"}
info: Connected to the database. {"timestamp":"2024-10-23T05:27:34.630Z"}
info: Server started at http://localhost:3000/api/v1/ {"timestamp":"2024-10-23T05:27:40.711Z"}
info: Connected to the database. {"timestamp":"2024-10-23T05:27:40.735Z"}
info: Server started at http://localhost:3000/api/v1/ {"timestamp":"2024-10-23T05:27:47.918Z"}
info: Connected to the database. {"timestamp":"2024-10-23T05:27:47.940Z"}
info: Server started at http://localhost:3000/api/v1/ {"timestamp":"2024-10-23T05:28:27.988Z"}
info: Connected to the database. {"timestamp":"2024-10-23T05:28:28.012Z"}
info: Server started at http://localhost:3000/api/v1/ {"timestamp":"2024-10-23T05:29:37.154Z"}
info: Connected to the database. {"timestamp":"2024-10-23T05:29:37.181Z"}
info: Server started at http://localhost:3000/api/v1/ {"timestamp":"2024-10-23T05:30:03.372Z"}
info: Connected to the database. {"timestamp":"2024-10-23T05:30:03.400Z"}
info: Server started at http://localhost:3000/api/v1/ {"timestamp":"2024-10-23T05:30:34.817Z"}
info: Connected to the database. {"timestamp":"2024-10-23T05:30:34.844Z"}
info: Server started at http://localhost:3000/api/v1/ {"timestamp":"2024-10-23T05:30:52.866Z"}
info: Connected to the database. {"timestamp":"2024-10-23T05:30:52.896Z"}
info: Server started at http://localhost:3000/api/v1/ {"timestamp":"2024-10-23T05:31:13.776Z"}
info: Connected to the database. {"timestamp":"2024-10-23T05:31:13.811Z"}
info: Server started at http://localhost:3000/api/v1/ {"timestamp":"2024-10-23T05:32:17.976Z"}
info: Connected to the database. {"timestamp":"2024-10-23T05:32:18.001Z"}
info: Server started at http://localhost:3000/api/v1/ {"timestamp":"2024-10-23T05:32:32.171Z"}
info: Connected to the database. {"timestamp":"2024-10-23T05:32:32.195Z"}
info: Server started at http://localhost:3000/api/v1/ {"timestamp":"2024-10-23T05:32:57.376Z"}
info: Connected to the database. {"timestamp":"2024-10-23T05:32:57.397Z"}
info: Server started at http://localhost:3000/api/v1/ {"timestamp":"2024-10-23T05:33:08.398Z"}
info: Connected to the database. {"timestamp":"2024-10-23T05:33:08.420Z"}
info: Server started at http://localhost:3000/api/v1/ {"timestamp":"2024-10-23T05:33:19.184Z"}
info: Connected to the database. {"timestamp":"2024-10-23T05:33:19.214Z"}
info: Server started at http://localhost:3000/api/v1/ {"timestamp":"2024-10-23T05:33:22.552Z"}
info: Connected to the database. {"timestamp":"2024-10-23T05:33:22.584Z"}
info: Server started at http://localhost:3000/api/v1/ {"timestamp":"2024-10-23T05:33:33.109Z"}
info: Connected to the database. {"timestamp":"2024-10-23T05:33:33.136Z"}
info: Server started at http://localhost:3000/api/v1/ {"timestamp":"2024-10-23T05:34:02.851Z"}
info: Connected to the database. {"timestamp":"2024-10-23T05:34:02.876Z"}
info: Server started at http://localhost:3000/api/v1/ {"timestamp":"2024-10-23T05:34:09.888Z"}
info: Connected to the database. {"timestamp":"2024-10-23T05:34:09.917Z"}
info: Server started at http://localhost:3000/api/v1/ {"timestamp":"2024-10-23T05:35:59.130Z"}
info: Connected to the database. {"timestamp":"2024-10-23T05:35:59.152Z"}
info: Server started at http://localhost:3000/api/v1/ {"timestamp":"2024-10-23T05:36:05.939Z"}
info: Connected to the database. {"timestamp":"2024-10-23T05:36:05.959Z"}
info: Server started at http://localhost:3000/api/v1/ {"timestamp":"2024-10-23T05:36:10.190Z"}
info: Connected to the database. {"timestamp":"2024-10-23T05:36:10.213Z"}
info: Server started at http://localhost:3000/api/v1/ {"timestamp":"2024-10-23T05:36:18.006Z"}
info: Connected to the database. {"timestamp":"2024-10-23T05:36:18.047Z"}
info: Server started at http://localhost:3000/api/v1/ {"timestamp":"2024-10-23T05:36:48.523Z"}
info: Connected to the database. {"timestamp":"2024-10-23T05:36:48.542Z"}
info: Server started at http://localhost:3000/api/v1/ {"timestamp":"2024-10-23T05:36:54.596Z"}
info: Connected to the database. {"timestamp":"2024-10-23T05:36:54.615Z"}
info: Server started at http://localhost:3000/api/v1/ {"timestamp":"2024-10-23T05:36:58.846Z"}
info: Connected to the database. {"timestamp":"2024-10-23T05:36:58.874Z"}
info: Server started at http://localhost:3000/api/v1/ {"timestamp":"2024-10-23T05:37:09.625Z"}
info: Connected to the database. {"timestamp":"2024-10-23T05:37:09.659Z"}
info: Server started at http://localhost:3000/api/v1/ {"timestamp":"2024-10-23T05:38:06.342Z"}
info: Connected to the database. {"timestamp":"2024-10-23T05:38:06.363Z"}
info: Server started at http://localhost:3000/api/v1/ {"timestamp":"2024-10-23T05:38:10.106Z"}
info: Connected to the database. {"timestamp":"2024-10-23T05:38:10.140Z"}
info: Server started at http://localhost:3000/api/v1/ {"timestamp":"2024-10-23T05:38:23.702Z"}
info: Connected to the database. {"timestamp":"2024-10-23T05:38:23.736Z"}
info: Server started at http://localhost:3000/api/v1/ {"timestamp":"2024-10-23T05:40:04.209Z"}
info: Connected to the database. {"timestamp":"2024-10-23T05:40:04.235Z"}
info: Server started at http://localhost:3000/api/v1/ {"timestamp":"2024-10-23T05:40:11.842Z"}
info: Connected to the database. {"timestamp":"2024-10-23T05:40:11.875Z"}
info: Server started at http://localhost:3000/api/v1/ {"timestamp":"2024-10-23T05:40:19.549Z"}
info: Connected to the database. {"timestamp":"2024-10-23T05:40:19.570Z"}
info: Server started at http://localhost:3000/api/v1/ {"timestamp":"2024-10-23T05:40:24.820Z"}
info: Connected to the database. {"timestamp":"2024-10-23T05:40:24.850Z"}
info: Server started at http://localhost:3000/api/v1/ {"timestamp":"2024-10-23T05:40:29.793Z"}
info: Connected to the database. {"timestamp":"2024-10-23T05:40:29.818Z"}
info: Server started at http://localhost:3000/api/v1/ {"timestamp":"2024-10-23T05:40:37.834Z"}
info: Connected to the database. {"timestamp":"2024-10-23T05:40:37.859Z"}
info: Server started at http://localhost:3000/api/v1/ {"timestamp":"2024-10-23T05:40:42.902Z"}
info: Connected to the database. {"timestamp":"2024-10-23T05:40:42.928Z"}
info: Server started at http://localhost:3000/api/v1/ {"timestamp":"2024-10-23T05:40:57.108Z"}
info: Connected to the database. {"timestamp":"2024-10-23T05:40:57.138Z"}
info: Server started at http://localhost:3000/api/v1/ {"timestamp":"2024-10-23T05:41:01.964Z"}
info: Connected to the database. {"timestamp":"2024-10-23T05:41:01.994Z"}
info: Server started at http://localhost:3000/api/v1/ {"timestamp":"2024-10-23T05:41:07.065Z"}
info: Connected to the database. {"timestamp":"2024-10-23T05:41:07.092Z"}
info: Server started at http://localhost:3000/api/v1/ {"timestamp":"2024-10-23T05:41:16.301Z"}
info: Connected to the database. {"timestamp":"2024-10-23T05:41:16.324Z"}
info: Server started at http://localhost:3000/api/v1/ {"timestamp":"2024-10-23T05:42:44.918Z"}
info: Connected to the database. {"timestamp":"2024-10-23T05:42:44.941Z"}
info: Server started at http://localhost:3000/api/v1/ {"timestamp":"2024-10-23T05:43:23.123Z"}
info: Connected to the database. {"timestamp":"2024-10-23T05:43:23.163Z"}
info: Server started at http://localhost:3000/api/v1/ {"timestamp":"2024-10-23T05:43:48.874Z"}
info: Connected to the database. {"timestamp":"2024-10-23T05:43:48.904Z"}
info: Server started at http://localhost:3000/api/v1/ {"timestamp":"2024-10-23T05:43:59.077Z"}
info: Connected to the database. {"timestamp":"2024-10-23T05:43:59.096Z"}
info: Server started at http://localhost:3000/api/v1/ {"timestamp":"2024-10-23T05:44:10.981Z"}
info: Connected to the database. {"timestamp":"2024-10-23T05:44:11.007Z"}
info: Server started at http://localhost:3000/api/v1/ {"timestamp":"2024-10-23T05:44:29.626Z"}
info: Connected to the database. {"timestamp":"2024-10-23T05:44:29.652Z"}
info: Server started at http://localhost:3000/api/v1/ {"timestamp":"2024-10-23T05:44:44.099Z"}
info: Connected to the database. {"timestamp":"2024-10-23T05:44:44.129Z"}
info: Server started at http://localhost:3000/api/v1/ {"timestamp":"2024-10-23T05:46:25.974Z"}
info: Connected to the database. {"timestamp":"2024-10-23T05:46:26.009Z"}
info: Server started at http://localhost:3000/api/v1/ {"timestamp":"2024-10-23T05:48:27.524Z"}
info: Connected to the database. {"timestamp":"2024-10-23T05:48:27.546Z"}
info: Server started at http://localhost:3000/api/v1/ {"timestamp":"2024-10-23T05:48:30.594Z"}
info: Connected to the database. {"timestamp":"2024-10-23T05:48:30.624Z"}
info: Server started at http://localhost:3000/api/v1/ {"timestamp":"2024-10-23T05:48:35.008Z"}
info: Connected to the database. {"timestamp":"2024-10-23T05:48:35.036Z"}
info: Server started at http://localhost:3000/api/v1/ {"timestamp":"2024-10-23T05:50:03.982Z"}
info: Connected to the database. {"timestamp":"2024-10-23T05:50:04.004Z"}
info: Server started at http://localhost:3000/api/v1/ {"timestamp":"2024-10-23T05:50:49.856Z"}
info: Connected to the database. {"timestamp":"2024-10-23T05:50:49.877Z"}
info: Server started at http://localhost:3000/api/v1/ {"timestamp":"2024-10-23T05:50:54.684Z"}
info: Connected to the database. {"timestamp":"2024-10-23T05:50:54.714Z"}
info: Server started at http://localhost:3000/api/v1/ {"timestamp":"2024-10-23T05:50:58.537Z"}
info: Connected to the database. {"timestamp":"2024-10-23T05:50:58.558Z"}
info: Server started at http://localhost:3000/api/v1/ {"timestamp":"2024-10-23T05:51:03.106Z"}
info: Connected to the database. {"timestamp":"2024-10-23T05:51:03.128Z"}
info: Server started at http://localhost:3000/api/v1/ {"timestamp":"2024-10-23T05:51:08.706Z"}
info: Connected to the database. {"timestamp":"2024-10-23T05:51:08.728Z"}
info: Server started at http://localhost:3000/api/v1/ {"timestamp":"2024-10-23T05:51:18.286Z"}
info: Connected to the database. {"timestamp":"2024-10-23T05:51:18.317Z"}
info: Server started at http://localhost:3000/api/v1/ {"timestamp":"2024-10-23T05:51:47.160Z"}
info: Connected to the database. {"timestamp":"2024-10-23T05:51:47.186Z"}
info: Server started at http://localhost:3000/api/v1/ {"timestamp":"2024-10-23T05:52:01.933Z"}
info: Connected to the database. {"timestamp":"2024-10-23T05:52:01.960Z"}
info: Server started at http://localhost:3000/api/v1/ {"timestamp":"2024-10-23T05:52:10.029Z"}
info: Connected to the database. {"timestamp":"2024-10-23T05:52:10.064Z"}
info: Server started at http://localhost:3000/api/v1/ {"timestamp":"2024-10-23T05:53:51.950Z"}
info: Connected to the database. {"timestamp":"2024-10-23T05:53:51.981Z"}
info: Server started at http://localhost:3000/api/v1/ {"timestamp":"2024-10-23T05:54:21.837Z"}
info: Connected to the database. {"timestamp":"2024-10-23T05:54:21.868Z"}
info: Server started at http://localhost:3000/api/v1/ {"timestamp":"2024-10-23T05:54:34.800Z"}
info: Connected to the database. {"timestamp":"2024-10-23T05:54:34.830Z"}
info: Server started at http://localhost:3000/api/v1/ {"timestamp":"2024-10-23T05:54:48.800Z"}
info: Connected to the database. {"timestamp":"2024-10-23T05:54:48.828Z"}
info: Server started at http://localhost:3000/api/v1/ {"timestamp":"2024-10-23T06:02:26.662Z"}
info: Connected to the database. {"timestamp":"2024-10-23T06:02:26.690Z"}
info: Server started at http://localhost:3000/api/v1/ {"timestamp":"2024-10-23T06:04:26.122Z"}
info: Connected to the database. {"timestamp":"2024-10-23T06:04:26.153Z"}
info: Server started at http://localhost:3000/api/v1/ {"timestamp":"2024-10-23T06:04:32.265Z"}
info: Connected to the database. {"timestamp":"2024-10-23T06:04:32.295Z"}
info: Server started at http://localhost:3000/api/v1/ {"timestamp":"2024-10-23T06:04:37.654Z"}
info: Connected to the database. {"timestamp":"2024-10-23T06:04:37.683Z"}
info: Server started at http://localhost:3000/api/v1/ {"timestamp":"2024-10-23T06:06:46.504Z"}
info: Connected to the database. {"timestamp":"2024-10-23T06:06:46.527Z"}
info: Server started at http://localhost:3000/api/v1/ {"timestamp":"2024-10-23T06:06:53.902Z"}
info: Connected to the database. {"timestamp":"2024-10-23T06:06:53.926Z"}
info: Server started at http://localhost:3000/api/v1/ {"timestamp":"2024-10-23T06:06:59.618Z"}
info: Connected to the database. {"timestamp":"2024-10-23T06:06:59.643Z"}
info: Server started at http://localhost:3000/api/v1/ {"timestamp":"2024-10-23T06:07:20.241Z"}
info: Connected to the database. {"timestamp":"2024-10-23T06:07:20.266Z"}
info: Server started at http://localhost:3000/api/v1/ {"timestamp":"2024-10-23T06:07:24.961Z"}
info: Connected to the database. {"timestamp":"2024-10-23T06:07:24.983Z"}
info: Server started at http://localhost:3000/api/v1/ {"timestamp":"2024-10-23T06:07:33.258Z"}
info: Connected to the database. {"timestamp":"2024-10-23T06:07:33.282Z"}
info: Server started at http://localhost:3000/api/v1/ {"timestamp":"2024-10-23T06:07:41.417Z"}
info: Connected to the database. {"timestamp":"2024-10-23T06:07:41.438Z"}
info: Server started at http://localhost:3000/api/v1/ {"timestamp":"2024-10-23T06:07:44.757Z"}
info: Connected to the database. {"timestamp":"2024-10-23T06:07:44.791Z"}
info: Server started at http://localhost:3000/api/v1/ {"timestamp":"2024-10-23T06:07:54.205Z"}
info: Server started at http://localhost:3000/api/v1/ {"timestamp":"2024-10-23T06:07:59.970Z"}
info: Connected to the database. {"timestamp":"2024-10-23T06:07:59.994Z"}
info: Server started at http://localhost:3000/api/v1/ {"timestamp":"2024-10-23T06:08:05.444Z"}
info: Connected to the database. {"timestamp":"2024-10-23T06:08:05.473Z"}
info: Server started at http://localhost:3000/api/v1/ {"timestamp":"2024-10-23T06:08:31.265Z"}
info: Connected to the database. {"timestamp":"2024-10-23T06:08:31.297Z"}
info: Server started at http://localhost:3000/api/v1/ {"timestamp":"2024-10-23T06:08:58.341Z"}
info: Connected to the database. {"timestamp":"2024-10-23T06:08:58.365Z"}
info: Server started at http://localhost:3000/api/v1/ {"timestamp":"2024-10-23T06:09:06.459Z"}
info: Connected to the database. {"timestamp":"2024-10-23T06:09:06.482Z"}
info: Server started at http://localhost:3000/api/v1/ {"timestamp":"2024-10-23T06:09:15.384Z"}
info: Connected to the database. {"timestamp":"2024-10-23T06:09:15.407Z"}
info: Server started at http://localhost:3000/api/v1/ {"timestamp":"2024-10-23T06:09:18.781Z"}
info: Connected to the database. {"timestamp":"2024-10-23T06:09:18.814Z"}
info: Server started at http://localhost:3000/api/v1/ {"timestamp":"2024-10-23T06:09:27.014Z"}
info: Connected to the database. {"timestamp":"2024-10-23T06:09:27.038Z"}
info: Server started at http://localhost:3000/api/v1/ {"timestamp":"2024-10-23T06:09:33.523Z"}
info: Connected to the database. {"timestamp":"2024-10-23T06:09:33.545Z"}
info: Server started at http://localhost:3000/api/v1/ {"timestamp":"2024-10-23T06:09:51.159Z"}
info: Connected to the database. {"timestamp":"2024-10-23T06:09:51.181Z"}
info: Server started at http://localhost:3000/api/v1/ {"timestamp":"2024-10-23T06:09:55.521Z"}
info: Connected to the database. {"timestamp":"2024-10-23T06:09:55.542Z"}
info: Server started at http://localhost:3000/api/v1/ {"timestamp":"2024-10-23T06:09:59.959Z"}
info: Connected to the database. {"timestamp":"2024-10-23T06:09:59.979Z"}
info: Server started at http://localhost:3000/api/v1/ {"timestamp":"2024-10-23T06:10:04.763Z"}
info: Connected to the database. {"timestamp":"2024-10-23T06:10:04.785Z"}
info: Server started at http://localhost:3000/api/v1/ {"timestamp":"2024-10-23T06:10:18.342Z"}
info: Connected to the database. {"timestamp":"2024-10-23T06:10:18.370Z"}
info: Server started at http://localhost:3000/api/v1/ {"timestamp":"2024-10-23T06:10:23.024Z"}
info: Connected to the database. {"timestamp":"2024-10-23T06:10:23.053Z"}
info: Server started at http://localhost:3000/api/v1/ {"timestamp":"2024-10-23T06:11:00.383Z"}
info: Connected to the database. {"timestamp":"2024-10-23T06:11:00.436Z"}
info: Server started at http://localhost:3000/api/v1/ {"timestamp":"2024-10-23T06:11:08.425Z"}
info: Connected to the database. {"timestamp":"2024-10-23T06:11:08.444Z"}
info: Server started at http://localhost:3000/api/v1/ {"timestamp":"2024-10-23T06:11:17.358Z"}
info: Connected to the database. {"timestamp":"2024-10-23T06:11:17.385Z"}
info: Server started at http://localhost:3000/api/v1/ {"timestamp":"2024-10-23T06:11:22.663Z"}
info: Connected to the database. {"timestamp":"2024-10-23T06:11:22.685Z"}
info: Server started at http://localhost:3000/api/v1/ {"timestamp":"2024-10-23T06:11:26.287Z"}
info: Connected to the database. {"timestamp":"2024-10-23T06:11:26.308Z"}
info: Server started at http://localhost:3000/api/v1/ {"timestamp":"2024-10-23T06:11:34.381Z"}
info: Connected to the database. {"timestamp":"2024-10-23T06:11:34.407Z"}
info: Server started at http://localhost:3000/api/v1/ {"timestamp":"2024-10-23T06:11:42.393Z"}
info: Connected to the database. {"timestamp":"2024-10-23T06:11:42.415Z"}
info: Server started at http://localhost:3000/api/v1/ {"timestamp":"2024-10-23T06:12:00.429Z"}
info: Connected to the database. {"timestamp":"2024-10-23T06:12:00.464Z"}
info: Server started at http://localhost:3000/api/v1/ {"timestamp":"2024-10-23T06:12:55.698Z"}
info: Connected to the database. {"timestamp":"2024-10-23T06:12:55.728Z"}
info: Server started at http://localhost:3000/api/v1/ {"timestamp":"2024-10-23T06:13:06.137Z"}
info: Connected to the database. {"timestamp":"2024-10-23T06:13:06.160Z"}
info: Server started at http://localhost:3000/api/v1/ {"timestamp":"2024-10-23T06:13:11.003Z"}
info: Connected to the database. {"timestamp":"2024-10-23T06:13:11.034Z"}
info: Server started at http://localhost:3000/api/v1/ {"timestamp":"2024-10-23T06:13:14.826Z"}
info: Connected to the database. {"timestamp":"2024-10-23T06:13:14.851Z"}
info: Server started at http://localhost:3000/api/v1/ {"timestamp":"2024-10-23T06:13:18.219Z"}
info: Connected to the database. {"timestamp":"2024-10-23T06:13:18.242Z"}
info: Server started at http://localhost:3000/api/v1/ {"timestamp":"2024-10-23T06:13:25.228Z"}
info: Connected to the database. {"timestamp":"2024-10-23T06:13:25.257Z"}
info: Server started at http://localhost:3000/api/v1/ {"timestamp":"2024-10-23T06:13:33.364Z"}
info: Connected to the database. {"timestamp":"2024-10-23T06:13:33.386Z"}
info: Server started at http://localhost:3000/api/v1/ {"timestamp":"2024-10-23T06:13:38.249Z"}
info: Connected to the database. {"timestamp":"2024-10-23T06:13:38.278Z"}
info: Server started at http://localhost:3000/api/v1/ {"timestamp":"2024-10-23T06:13:41.512Z"}
info: Connected to the database. {"timestamp":"2024-10-23T06:13:41.544Z"}
info: Server started at http://localhost:3000/api/v1/ {"timestamp":"2024-10-23T06:13:46.054Z"}
info: Connected to the database. {"timestamp":"2024-10-23T06:13:46.079Z"}
info: Server started at http://localhost:3000/api/v1/ {"timestamp":"2024-10-23T06:13:54.820Z"}
info: Connected to the database. {"timestamp":"2024-10-23T06:13:54.851Z"}
info: Server started at http://localhost:3000/api/v1/ {"timestamp":"2024-10-23T06:41:07.332Z"}
info: Connected to the database. {"timestamp":"2024-10-23T06:41:07.372Z"}
error: 
    status - 500 
    message - TokenExpiredError: jwt expired
    at D:\BackendWorkspace\nodeProject\node_modules\jsonwebtoken\verify.js:152:21
    at getSecret (D:\BackendWorkspace\nodeProject\node_modules\jsonwebtoken\verify.js:90:14)
    at Object.verify (D:\BackendWorkspace\nodeProject\node_modules\jsonwebtoken\verify.js:94:10)
    at _callee$ (D:\BackendWorkspace\nodeProject\src\middlewares\/auth.middleware.js:25:32)
    at tryCatch (D:\BackendWorkspace\nodeProject\node_modules\@babel\runtime\helpers\regeneratorRuntime.js:45:16)
    at Generator.<anonymous> (D:\BackendWorkspace\nodeProject\node_modules\@babel\runtime\helpers\regeneratorRuntime.js:133:17)
    at Generator.next (D:\BackendWorkspace\nodeProject\node_modules\@babel\runtime\helpers\regeneratorRuntime.js:74:21)
    at asyncGeneratorStep (D:\BackendWorkspace\nodeProject\node_modules\@babel\runtime\helpers\asyncToGenerator.js:3:17)
    at _next (D:\BackendWorkspace\nodeProject\node_modules\@babel\runtime\helpers\asyncToGenerator.js:17:9)
    at D:\BackendWorkspace\nodeProject\node_modules\@babel\runtime\helpers\asyncToGenerator.js:22:7
    at new Promise (<anonymous>)
    at apply (D:\BackendWorkspace\nodeProject\node_modules\@babel\runtime\helpers\asyncToGenerator.js:14:12)
    at userAuth (D:\BackendWorkspace\nodeProject\src\middlewares\/auth.middleware.js:15:22)
    at Layer.handle [as handle_request] (D:\BackendWorkspace\nodeProject\node_modules\express\lib\router\layer.js:95:5)
    at next (D:\BackendWorkspace\nodeProject\node_modules\express\lib\router\route.js:149:13)
    at Route.dispatch (D:\BackendWorkspace\nodeProject\node_modules\express\lib\router\route.js:119:3)
    at Layer.handle [as handle_request] (D:\BackendWorkspace\nodeProject\node_modules\express\lib\router\layer.js:95:5)
    at D:\BackendWorkspace\nodeProject\node_modules\express\lib\router\index.js:284:15
    at Function.process_params (D:\BackendWorkspace\nodeProject\node_modules\express\lib\router\index.js:346:12)
    at next (D:\BackendWorkspace\nodeProject\node_modules\express\lib\router\index.js:280:10)
    at Function.handle (D:\BackendWorkspace\nodeProject\node_modules\express\lib\router\index.js:175:3)
    at router (D:\BackendWorkspace\nodeProject\node_modules\express\lib\router\index.js:47:12)
    at Layer.handle [as handle_request] (D:\BackendWorkspace\nodeProject\node_modules\express\lib\router\layer.js:95:5)
    at trim_prefix (D:\BackendWorkspace\nodeProject\node_modules\express\lib\router\index.js:328:13)
    at D:\BackendWorkspace\nodeProject\node_modules\express\lib\router\index.js:286:9
    at Function.process_params (D:\BackendWorkspace\nodeProject\node_modules\express\lib\router\index.js:346:12)
    at next (D:\BackendWorkspace\nodeProject\node_modules\express\lib\router\index.js:280:10)
    at Function.handle (D:\BackendWorkspace\nodeProject\node_modules\express\lib\router\index.js:175:3)
    at router (D:\BackendWorkspace\nodeProject\node_modules\express\lib\router\index.js:47:12)
    at Layer.handle [as handle_request] (D:\BackendWorkspace\nodeProject\node_modules\express\lib\router\layer.js:95:5)
    at trim_prefix (D:\BackendWorkspace\nodeProject\node_modules\express\lib\router\index.js:328:13)
    at D:\BackendWorkspace\nodeProject\node_modules\express\lib\router\index.js:286:9
    at Function.process_params (D:\BackendWorkspace\nodeProject\node_modules\express\lib\router\index.js:346:12)
    at next (D:\BackendWorkspace\nodeProject\node_modules\express\lib\router\index.js:280:10)
    at logger (D:\BackendWorkspace\nodeProject\node_modules\morgan\index.js:144:5)
    at Layer.handle [as handle_request] (D:\BackendWorkspace\nodeProject\node_modules\express\lib\router\layer.js:95:5)
    at trim_prefix (D:\BackendWorkspace\nodeProject\node_modules\express\lib\router\index.js:328:13)
    at D:\BackendWorkspace\nodeProject\node_modules\express\lib\router\index.js:286:9
    at Function.process_params (D:\BackendWorkspace\nodeProject\node_modules\express\lib\router\index.js:346:12)
    at next (D:\BackendWorkspace\nodeProject\node_modules\express\lib\router\index.js:280:10)
    at D:\BackendWorkspace\nodeProject\node_modules\body-parser\lib\read.js:137:5
    at AsyncResource.runInAsyncScope (node:async_hooks:206:9)
    at invokeCallback (D:\BackendWorkspace\nodeProject\node_modules\raw-body\index.js:238:16)
    at done (D:\BackendWorkspace\nodeProject\node_modules\raw-body\index.js:227:7)
    at IncomingMessage.onEnd (D:\BackendWorkspace\nodeProject\node_modules\raw-body\index.js:287:7)
    at IncomingMessage.emit (node:events:519:28)
    at IncomingMessage.emit (node:domain:488:12)
    at endReadableNT (node:internal/streams/readable:1696:12)
    at processTicksAndRejections (node:internal/process/task_queues:82:21) 
    url - /api/v1/users/login 
    method - POST 
    IP - ::1
   {"timestamp":"2024-10-23T06:41:19.337Z"}
error: 
      status - 400
      message - Authorization token is required 
      url - /api/v1/users/login 
      method - POST 
      IP - ::1
     {"timestamp":"2024-10-23T06:42:07.115Z"}
info: Server started at http://localhost:3000/api/v1/ {"timestamp":"2024-10-23T06:56:16.836Z"}
info: Connected to the database. {"timestamp":"2024-10-23T06:56:16.858Z"}
info: Server started at http://localhost:3000/api/v1/ {"timestamp":"2024-10-23T06:56:20.046Z"}
info: Connected to the database. {"timestamp":"2024-10-23T06:56:20.066Z"}
info: Server started at http://localhost:3000/api/v1/ {"timestamp":"2024-10-23T06:56:23.955Z"}
info: Connected to the database. {"timestamp":"2024-10-23T06:56:23.969Z"}
info: Server started at http://localhost:3000/api/v1/ {"timestamp":"2024-10-23T06:57:28.065Z"}
info: Connected to the database. {"timestamp":"2024-10-23T06:57:28.082Z"}
error: 
    status - 500 
    message - TypeError: _logger.default.info is not a function
    at D:\BackendWorkspace\nodeProject\src\routes\/user.route.js:11:12
    at Layer.handle [as handle_request] (D:\BackendWorkspace\nodeProject\node_modules\express\lib\router\layer.js:95:5)
    at next (D:\BackendWorkspace\nodeProject\node_modules\express\lib\router\route.js:149:13)
    at Route.dispatch (D:\BackendWorkspace\nodeProject\node_modules\express\lib\router\route.js:119:3)
    at Layer.handle [as handle_request] (D:\BackendWorkspace\nodeProject\node_modules\express\lib\router\layer.js:95:5)
    at D:\BackendWorkspace\nodeProject\node_modules\express\lib\router\index.js:284:15
    at Function.process_params (D:\BackendWorkspace\nodeProject\node_modules\express\lib\router\index.js:346:12)
    at next (D:\BackendWorkspace\nodeProject\node_modules\express\lib\router\index.js:280:10)
    at Function.handle (D:\BackendWorkspace\nodeProject\node_modules\express\lib\router\index.js:175:3)
    at router (D:\BackendWorkspace\nodeProject\node_modules\express\lib\router\index.js:47:12)
    at Layer.handle [as handle_request] (D:\BackendWorkspace\nodeProject\node_modules\express\lib\router\layer.js:95:5)
    at trim_prefix (D:\BackendWorkspace\nodeProject\node_modules\express\lib\router\index.js:328:13)
    at D:\BackendWorkspace\nodeProject\node_modules\express\lib\router\index.js:286:9
    at Function.process_params (D:\BackendWorkspace\nodeProject\node_modules\express\lib\router\index.js:346:12)
    at next (D:\BackendWorkspace\nodeProject\node_modules\express\lib\router\index.js:280:10)
    at Function.handle (D:\BackendWorkspace\nodeProject\node_modules\express\lib\router\index.js:175:3)
    at router (D:\BackendWorkspace\nodeProject\node_modules\express\lib\router\index.js:47:12)
    at Layer.handle [as handle_request] (D:\BackendWorkspace\nodeProject\node_modules\express\lib\router\layer.js:95:5)
    at trim_prefix (D:\BackendWorkspace\nodeProject\node_modules\express\lib\router\index.js:328:13)
    at D:\BackendWorkspace\nodeProject\node_modules\express\lib\router\index.js:286:9
    at Function.process_params (D:\BackendWorkspace\nodeProject\node_modules\express\lib\router\index.js:346:12)
    at next (D:\BackendWorkspace\nodeProject\node_modules\express\lib\router\index.js:280:10)
    at logger (D:\BackendWorkspace\nodeProject\node_modules\morgan\index.js:144:5)
    at Layer.handle [as handle_request] (D:\BackendWorkspace\nodeProject\node_modules\express\lib\router\layer.js:95:5)
    at trim_prefix (D:\BackendWorkspace\nodeProject\node_modules\express\lib\router\index.js:328:13)
    at D:\BackendWorkspace\nodeProject\node_modules\express\lib\router\index.js:286:9
    at Function.process_params (D:\BackendWorkspace\nodeProject\node_modules\express\lib\router\index.js:346:12)
    at next (D:\BackendWorkspace\nodeProject\node_modules\express\lib\router\index.js:280:10)
    at D:\BackendWorkspace\nodeProject\node_modules\body-parser\lib\read.js:137:5
    at AsyncResource.runInAsyncScope (node:async_hooks:206:9)
    at invokeCallback (D:\BackendWorkspace\nodeProject\node_modules\raw-body\index.js:238:16)
    at done (D:\BackendWorkspace\nodeProject\node_modules\raw-body\index.js:227:7)
    at IncomingMessage.onEnd (D:\BackendWorkspace\nodeProject\node_modules\raw-body\index.js:287:7)
    at IncomingMessage.emit (node:events:519:28)
    at IncomingMessage.emit (node:domain:488:12)
    at endReadableNT (node:internal/streams/readable:1696:12)
    at processTicksAndRejections (node:internal/process/task_queues:82:21) 
    url - /api/v1/users/register 
    method - POST 
    IP - ::1
   {"timestamp":"2024-10-23T06:58:30.662Z"}
info: Server started at http://localhost:3000/api/v1/ {"timestamp":"2024-10-23T06:58:54.925Z"}
info: Connected to the database. {"timestamp":"2024-10-23T06:58:54.936Z"}
info: Server started at http://localhost:3000/api/v1/ {"timestamp":"2024-10-23T06:59:03.543Z"}
info: Connected to the database. {"timestamp":"2024-10-23T06:59:03.556Z"}
info: Server started at http://localhost:3000/api/v1/ {"timestamp":"2024-10-23T06:59:08.317Z"}
info: Connected to the database. {"timestamp":"2024-10-23T06:59:08.332Z"}
info: Server started at http://localhost:3000/api/v1/ {"timestamp":"2024-10-23T06:59:19.346Z"}
info: Connected to the database. {"timestamp":"2024-10-23T06:59:19.369Z"}
info: Server started at http://localhost:3000/api/v1/ {"timestamp":"2024-10-23T06:59:32.474Z"}
info: Connected to the database. {"timestamp":"2024-10-23T06:59:32.496Z"}
info: Server started at http://localhost:3000/api/v1/ {"timestamp":"2024-10-23T06:59:42.109Z"}
info: Connected to the database. {"timestamp":"2024-10-23T06:59:42.139Z"}
info: Server started at http://localhost:3000/api/v1/ {"timestamp":"2024-10-23T06:59:51.703Z"}
info: Connected to the database. {"timestamp":"2024-10-23T06:59:51.733Z"}
info: Server started at http://localhost:3000/api/v1/ {"timestamp":"2024-10-23T07:00:24.115Z"}
info: Connected to the database. {"timestamp":"2024-10-23T07:00:24.145Z"}
info: Server started at http://localhost:3000/api/v1/ {"timestamp":"2024-10-23T07:00:30.562Z"}
info: Connected to the database. {"timestamp":"2024-10-23T07:00:30.586Z"}
info: Server started at http://localhost:3000/api/v1/ {"timestamp":"2024-10-23T07:00:41.492Z"}
info: Connected to the database. {"timestamp":"2024-10-23T07:00:41.511Z"}
info: Server started at http://localhost:3000/api/v1/ {"timestamp":"2024-10-23T07:01:53.888Z"}
info: Connected to the database. {"timestamp":"2024-10-23T07:01:53.912Z"}
info: Server started at http://localhost:3000/api/v1/ {"timestamp":"2024-10-23T07:02:08.459Z"}
info: Connected to the database. {"timestamp":"2024-10-23T07:02:08.484Z"}
info: Server started at http://localhost:3000/api/v1/ {"timestamp":"2024-10-23T07:03:25.402Z"}
info: Connected to the database. {"timestamp":"2024-10-23T07:03:25.415Z"}
error: 
      status - 400
      message - Authorization token is required 
      url - /api/v1/users/login 
      method - POST 
      IP - ::1
     {"timestamp":"2024-10-23T07:03:28.105Z"}
error: 
    status - 500 
    message - TokenExpiredError: jwt expired
    at D:\BackendWorkspace\nodeProject\node_modules\jsonwebtoken\verify.js:152:21
    at getSecret (D:\BackendWorkspace\nodeProject\node_modules\jsonwebtoken\verify.js:90:14)
    at Object.verify (D:\BackendWorkspace\nodeProject\node_modules\jsonwebtoken\verify.js:94:10)
    at _callee$ (D:\BackendWorkspace\nodeProject\src\middlewares\/auth.middleware.js:25:32)
    at tryCatch (D:\BackendWorkspace\nodeProject\node_modules\@babel\runtime\helpers\regeneratorRuntime.js:45:16)
    at Generator.<anonymous> (D:\BackendWorkspace\nodeProject\node_modules\@babel\runtime\helpers\regeneratorRuntime.js:133:17)
    at Generator.next (D:\BackendWorkspace\nodeProject\node_modules\@babel\runtime\helpers\regeneratorRuntime.js:74:21)
    at asyncGeneratorStep (D:\BackendWorkspace\nodeProject\node_modules\@babel\runtime\helpers\asyncToGenerator.js:3:17)
    at _next (D:\BackendWorkspace\nodeProject\node_modules\@babel\runtime\helpers\asyncToGenerator.js:17:9)
    at D:\BackendWorkspace\nodeProject\node_modules\@babel\runtime\helpers\asyncToGenerator.js:22:7
    at new Promise (<anonymous>)
    at apply (D:\BackendWorkspace\nodeProject\node_modules\@babel\runtime\helpers\asyncToGenerator.js:14:12)
    at userAuth (D:\BackendWorkspace\nodeProject\src\middlewares\/auth.middleware.js:15:22)
    at Layer.handle [as handle_request] (D:\BackendWorkspace\nodeProject\node_modules\express\lib\router\layer.js:95:5)
    at next (D:\BackendWorkspace\nodeProject\node_modules\express\lib\router\route.js:149:13)
    at Route.dispatch (D:\BackendWorkspace\nodeProject\node_modules\express\lib\router\route.js:119:3)
    at Layer.handle [as handle_request] (D:\BackendWorkspace\nodeProject\node_modules\express\lib\router\layer.js:95:5)
    at D:\BackendWorkspace\nodeProject\node_modules\express\lib\router\index.js:284:15
    at Function.process_params (D:\BackendWorkspace\nodeProject\node_modules\express\lib\router\index.js:346:12)
    at next (D:\BackendWorkspace\nodeProject\node_modules\express\lib\router\index.js:280:10)
    at Function.handle (D:\BackendWorkspace\nodeProject\node_modules\express\lib\router\index.js:175:3)
    at router (D:\BackendWorkspace\nodeProject\node_modules\express\lib\router\index.js:47:12)
    at Layer.handle [as handle_request] (D:\BackendWorkspace\nodeProject\node_modules\express\lib\router\layer.js:95:5)
    at trim_prefix (D:\BackendWorkspace\nodeProject\node_modules\express\lib\router\index.js:328:13)
    at D:\BackendWorkspace\nodeProject\node_modules\express\lib\router\index.js:286:9
    at Function.process_params (D:\BackendWorkspace\nodeProject\node_modules\express\lib\router\index.js:346:12)
    at next (D:\BackendWorkspace\nodeProject\node_modules\express\lib\router\index.js:280:10)
    at Function.handle (D:\BackendWorkspace\nodeProject\node_modules\express\lib\router\index.js:175:3)
    at router (D:\BackendWorkspace\nodeProject\node_modules\express\lib\router\index.js:47:12)
    at Layer.handle [as handle_request] (D:\BackendWorkspace\nodeProject\node_modules\express\lib\router\layer.js:95:5)
    at trim_prefix (D:\BackendWorkspace\nodeProject\node_modules\express\lib\router\index.js:328:13)
    at D:\BackendWorkspace\nodeProject\node_modules\express\lib\router\index.js:286:9
    at Function.process_params (D:\BackendWorkspace\nodeProject\node_modules\express\lib\router\index.js:346:12)
    at next (D:\BackendWorkspace\nodeProject\node_modules\express\lib\router\index.js:280:10)
    at logger (D:\BackendWorkspace\nodeProject\node_modules\morgan\index.js:144:5)
    at Layer.handle [as handle_request] (D:\BackendWorkspace\nodeProject\node_modules\express\lib\router\layer.js:95:5)
    at trim_prefix (D:\BackendWorkspace\nodeProject\node_modules\express\lib\router\index.js:328:13)
    at D:\BackendWorkspace\nodeProject\node_modules\express\lib\router\index.js:286:9
    at Function.process_params (D:\BackendWorkspace\nodeProject\node_modules\express\lib\router\index.js:346:12)
    at next (D:\BackendWorkspace\nodeProject\node_modules\express\lib\router\index.js:280:10)
    at D:\BackendWorkspace\nodeProject\node_modules\body-parser\lib\read.js:137:5
    at AsyncResource.runInAsyncScope (node:async_hooks:206:9)
    at invokeCallback (D:\BackendWorkspace\nodeProject\node_modules\raw-body\index.js:238:16)
    at done (D:\BackendWorkspace\nodeProject\node_modules\raw-body\index.js:227:7)
    at IncomingMessage.onEnd (D:\BackendWorkspace\nodeProject\node_modules\raw-body\index.js:287:7)
    at IncomingMessage.emit (node:events:519:28)
    at IncomingMessage.emit (node:domain:488:12)
    at endReadableNT (node:internal/streams/readable:1696:12)
    at processTicksAndRejections (node:internal/process/task_queues:82:21) 
    url - /api/v1/users/login 
    method - POST 
    IP - ::1
   {"timestamp":"2024-10-23T07:03:38.367Z"}
info: Server started at http://localhost:3000/api/v1/ {"timestamp":"2024-10-23T07:06:45.571Z"}
info: Connected to the database. {"timestamp":"2024-10-23T07:06:45.602Z"}
error: 
    status - 500 
    message - TokenExpiredError: jwt expired
    at D:\BackendWorkspace\nodeProject\node_modules\jsonwebtoken\verify.js:152:21
    at getSecret (D:\BackendWorkspace\nodeProject\node_modules\jsonwebtoken\verify.js:90:14)
    at Object.verify (D:\BackendWorkspace\nodeProject\node_modules\jsonwebtoken\verify.js:94:10)
    at _callee$ (D:\BackendWorkspace\nodeProject\src\middlewares\/auth.middleware.js:25:32)
    at tryCatch (D:\BackendWorkspace\nodeProject\node_modules\@babel\runtime\helpers\regeneratorRuntime.js:45:16)
    at Generator.<anonymous> (D:\BackendWorkspace\nodeProject\node_modules\@babel\runtime\helpers\regeneratorRuntime.js:133:17)
    at Generator.next (D:\BackendWorkspace\nodeProject\node_modules\@babel\runtime\helpers\regeneratorRuntime.js:74:21)
    at asyncGeneratorStep (D:\BackendWorkspace\nodeProject\node_modules\@babel\runtime\helpers\asyncToGenerator.js:3:17)
    at _next (D:\BackendWorkspace\nodeProject\node_modules\@babel\runtime\helpers\asyncToGenerator.js:17:9)
    at D:\BackendWorkspace\nodeProject\node_modules\@babel\runtime\helpers\asyncToGenerator.js:22:7
    at new Promise (<anonymous>)
    at apply (D:\BackendWorkspace\nodeProject\node_modules\@babel\runtime\helpers\asyncToGenerator.js:14:12)
    at userAuth (D:\BackendWorkspace\nodeProject\src\middlewares\/auth.middleware.js:15:22)
    at Layer.handle [as handle_request] (D:\BackendWorkspace\nodeProject\node_modules\express\lib\router\layer.js:95:5)
    at next (D:\BackendWorkspace\nodeProject\node_modules\express\lib\router\route.js:149:13)
    at Route.dispatch (D:\BackendWorkspace\nodeProject\node_modules\express\lib\router\route.js:119:3)
    at Layer.handle [as handle_request] (D:\BackendWorkspace\nodeProject\node_modules\express\lib\router\layer.js:95:5)
    at D:\BackendWorkspace\nodeProject\node_modules\express\lib\router\index.js:284:15
    at Function.process_params (D:\BackendWorkspace\nodeProject\node_modules\express\lib\router\index.js:346:12)
    at next (D:\BackendWorkspace\nodeProject\node_modules\express\lib\router\index.js:280:10)
    at Function.handle (D:\BackendWorkspace\nodeProject\node_modules\express\lib\router\index.js:175:3)
    at router (D:\BackendWorkspace\nodeProject\node_modules\express\lib\router\index.js:47:12)
    at Layer.handle [as handle_request] (D:\BackendWorkspace\nodeProject\node_modules\express\lib\router\layer.js:95:5)
    at trim_prefix (D:\BackendWorkspace\nodeProject\node_modules\express\lib\router\index.js:328:13)
    at D:\BackendWorkspace\nodeProject\node_modules\express\lib\router\index.js:286:9
    at Function.process_params (D:\BackendWorkspace\nodeProject\node_modules\express\lib\router\index.js:346:12)
    at next (D:\BackendWorkspace\nodeProject\node_modules\express\lib\router\index.js:280:10)
    at Function.handle (D:\BackendWorkspace\nodeProject\node_modules\express\lib\router\index.js:175:3)
    at router (D:\BackendWorkspace\nodeProject\node_modules\express\lib\router\index.js:47:12)
    at Layer.handle [as handle_request] (D:\BackendWorkspace\nodeProject\node_modules\express\lib\router\layer.js:95:5)
    at trim_prefix (D:\BackendWorkspace\nodeProject\node_modules\express\lib\router\index.js:328:13)
    at D:\BackendWorkspace\nodeProject\node_modules\express\lib\router\index.js:286:9
    at Function.process_params (D:\BackendWorkspace\nodeProject\node_modules\express\lib\router\index.js:346:12)
    at next (D:\BackendWorkspace\nodeProject\node_modules\express\lib\router\index.js:280:10)
    at logger (D:\BackendWorkspace\nodeProject\node_modules\morgan\index.js:144:5)
    at Layer.handle [as handle_request] (D:\BackendWorkspace\nodeProject\node_modules\express\lib\router\layer.js:95:5)
    at trim_prefix (D:\BackendWorkspace\nodeProject\node_modules\express\lib\router\index.js:328:13)
    at D:\BackendWorkspace\nodeProject\node_modules\express\lib\router\index.js:286:9
    at Function.process_params (D:\BackendWorkspace\nodeProject\node_modules\express\lib\router\index.js:346:12)
    at next (D:\BackendWorkspace\nodeProject\node_modules\express\lib\router\index.js:280:10)
    at D:\BackendWorkspace\nodeProject\node_modules\body-parser\lib\read.js:137:5
    at AsyncResource.runInAsyncScope (node:async_hooks:206:9)
    at invokeCallback (D:\BackendWorkspace\nodeProject\node_modules\raw-body\index.js:238:16)
    at done (D:\BackendWorkspace\nodeProject\node_modules\raw-body\index.js:227:7)
    at IncomingMessage.onEnd (D:\BackendWorkspace\nodeProject\node_modules\raw-body\index.js:287:7)
    at IncomingMessage.emit (node:events:519:28)
    at IncomingMessage.emit (node:domain:488:12)
    at endReadableNT (node:internal/streams/readable:1696:12)
    at processTicksAndRejections (node:internal/process/task_queues:82:21) 
    url - /api/v1/users/login 
    method - POST 
    IP - ::1
   {"timestamp":"2024-10-23T07:06:49.876Z"}
error: 
      status - 400
      message - Authorization token is required 
      url - /api/v1/users/login 
      method - POST 
      IP - ::1
     {"timestamp":"2024-10-23T07:06:55.833Z"}
info: Server started at http://localhost:3000/api/v1/ {"timestamp":"2024-10-23T07:09:10.117Z"}
info: Connected to the database. {"timestamp":"2024-10-23T07:09:10.139Z"}
