info: ::1 - - [14/Oct/2024:09:34:59 +0000] "GET /api/v1/ HTTP/1.1" 200 9 "-" "PostmanRuntime/7.41.1"

info: ::1 - - [14/Oct/2024:09:35:12 +0000] "GET /api/v1/users HTTP/1.1" 200 65 "-" "PostmanRuntime/7.41.1"

info: ::1 - - [14/Oct/2024:09:37:19 +0000] "PUT /api/v1/users/85 HTTP/1.1" 500 135 "-" "PostmanRuntime/7.41.1"

info: ::1 - - [14/Oct/2024:09:52:49 +0000] "POST /api/v1/users HTTP/1.1" 500 59 "-" "PostmanRuntime/7.41.1"

info: ::1 - - [14/Oct/2024:09:53:35 +0000] "POST /api/v1/users HTTP/1.1" 201 273 "-" "PostmanRuntime/7.41.1"

info: ::1 - - [14/Oct/2024:09:55:42 +0000] "PUT /api/v1/users/670cea1fd739a842ecb9ca57 HTTP/1.1" 202 280 "-" "PostmanRuntime/7.41.1"

info: ::1 - - [14/Oct/2024:09:56:02 +0000] "GET /api/v1/users HTTP/1.1" 200 287 "-" "PostmanRuntime/7.41.1"

info: ::1 - - [14/Oct/2024:09:58:53 +0000] "DELETE /api/v1/users/670cea1fd739a842ecb9ca57 HTTP/1.1" 200 60 "-" "PostmanRuntime/7.41.1"

info: ::1 - - [14/Oct/2024:09:59:04 +0000] "PUT /api/v1/users/ HTTP/1.1" 404 47 "-" "PostmanRuntime/7.41.1"

info: ::1 - - [14/Oct/2024:09:59:11 +0000] "POST /api/v1/users/ HTTP/1.1" 201 280 "-" "PostmanRuntime/7.41.1"

info: ::1 - - [14/Oct/2024:09:59:52 +0000] "POST /api/v1/users/ HTTP/1.1" 201 279 "-" "PostmanRuntime/7.41.1"

info: ::1 - - [14/Oct/2024:09:59:57 +0000] "GET /api/v1/users/ HTTP/1.1" 200 509 "-" "PostmanRuntime/7.41.1"

info: ::1 - - [14/Oct/2024:10:03:27 +0000] "GET /api/v1 HTTP/1.1" 200 9 "-" "PostmanRuntime/7.41.1"

info: ::1 - - [14/Oct/2024:10:03:45 +0000] "GET /api/v1/users HTTP/1.1" 200 509 "-" "PostmanRuntime/7.41.1"

info: ::1 - - [14/Oct/2024:10:06:14 +0000] "POST /api/v1/users HTTP/1.1" 201 258 "-" "PostmanRuntime/7.41.1"

info: ::1 - - [14/Oct/2024:10:07:41 +0000] "GET /api/v1/users HTTP/1.1" 200 710 "-" "PostmanRuntime/7.41.1"

info: ::1 - - [14/Oct/2024:10:13:24 +0000] "DELETE /api/v1/users/670ced1661dc161f4c0e3a38 HTTP/1.1" 200 60 "-" "PostmanRuntime/7.41.1"

info: ::1 - - [14/Oct/2024:10:13:33 +0000] "GET /api/v1/users HTTP/1.1" 200 509 "-" "PostmanRuntime/7.41.1"

info: ::1 - - [14/Oct/2024:10:25:22 +0000] "GET /api/v1/users/670ceb6f61dc161f4c0e3a32 HTTP/1.1" 200 280 "-" "PostmanRuntime/7.41.1"

info: ::1 - - [14/Oct/2024:10:25:36 +0000] "GET /api/v1/ HTTP/1.1" 200 9 "-" "PostmanRuntime/7.41.1"

info: ::1 - - [14/Oct/2024:10:25:44 +0000] "GET /api/v1/users HTTP/1.1" 200 509 "-" "PostmanRuntime/7.41.1"

info: ::1 - - [14/Oct/2024:10:26:12 +0000] "POST /api/v1/users HTTP/1.1" 201 258 "-" "PostmanRuntime/7.41.1"

info: ::1 - - [14/Oct/2024:10:26:41 +0000] "GET /api/v1/users/670cf1c4bc30602f1423e93a HTTP/1.1" 200 258 "-" "PostmanRuntime/7.41.1"

info: ::1 - - [14/Oct/2024:11:14:20 +0000] "GET /api/v1/users/670cf1c4bc30602f1423e93a HTTP/1.1" 400 56 "-" "PostmanRuntime/7.41.1"

info: ::1 - - [14/Oct/2024:11:14:27 +0000] "GET /api/v1/users/670cf1c4bc30602f1423e93a HTTP/1.1" 200 258 "-" "PostmanRuntime/7.41.1"

info: ::1 - - [15/Oct/2024:07:44:33 +0000] "PUT //670e0f8a116056abd7558183 HTTP/1.1" 404 47 "-" "PostmanRuntime/7.42.0"

info: ::1 - - [15/Oct/2024:07:48:12 +0000] "POST / HTTP/1.1" 404 47 "-" "PostmanRuntime/7.42.0"

info: ::1 - - [15/Oct/2024:07:48:22 +0000] "POST / HTTP/1.1" 404 47 "-" "PostmanRuntime/7.42.0"

info: ::1 - - [15/Oct/2024:07:49:02 +0000] "POST / HTTP/1.1" 404 47 "-" "PostmanRuntime/7.42.0"

info: ::1 - - [15/Oct/2024:07:51:26 +0000] "POST / HTTP/1.1" 404 47 "-" "PostmanRuntime/7.42.0"

info: ::1 - - [15/Oct/2024:07:51:50 +0000] "POST /users/ HTTP/1.1" 404 47 "-" "PostmanRuntime/7.42.0"

info: ::1 - - [15/Oct/2024:07:52:00 +0000] "POST /users/ HTTP/1.1" 404 47 "-" "PostmanRuntime/7.42.0"

info: ::1 - - [15/Oct/2024:07:52:05 +0000] "POST /users HTTP/1.1" 404 47 "-" "PostmanRuntime/7.42.0"

info: ::1 - - [15/Oct/2024:07:53:26 +0000] "POST /users HTTP/1.1" 404 47 "-" "PostmanRuntime/7.42.0"

info: ::1 - - [15/Oct/2024:07:54:24 +0000] "POST /api/v1/users/ HTTP/1.1" 201 276 "-" "PostmanRuntime/7.42.0"

info: ::1 - - [15/Oct/2024:07:54:43 +0000] "POST /api/v1/users/ HTTP/1.1" 201 277 "-" "PostmanRuntime/7.42.0"

info: ::1 - - [15/Oct/2024:07:58:08 +0000] "DELETE /api/v1/users/670e1fc3cdbe065008aeb5a1 HTTP/1.1" 200 60 "-" "PostmanRuntime/7.42.0"

info: ::1 - - [16/Oct/2024:08:14:15 +0000] "POST /api/v1/users HTTP/1.1" 500 139 "-" "PostmanRuntime/7.42.0"

info: ::1 - - [16/Oct/2024:08:14:47 +0000] "POST /api/v1/users HTTP/1.1" 201 273 "-" "PostmanRuntime/7.42.0"

info: ::1 - - [16/Oct/2024:08:19:30 +0000] "POST /api/v1/users HTTP/1.1" 201 273 "-" "PostmanRuntime/7.42.0"

error: uncaughtException: notesRoute is not defined
ReferenceError: notesRoute is not defined
    at routes (D:\BackendWorkspace\nodeProject\src\routes\/index.js:15:24)
    at Object.<anonymous> (D:\BackendWorkspace\nodeProject\src\/index.js:32:38)
    at Module._compile (node:internal/modules/cjs/loader:1358:14)
    at Module._compile (D:\BackendWorkspace\nodeProject\node_modules\pirates\lib\index.js:117:24)
    at Module._extensions..js (node:internal/modules/cjs/loader:1416:10)
    at Object.newLoader [as .js] (D:\BackendWorkspace\nodeProject\node_modules\pirates\lib\index.js:121:7)
    at Module.load (node:internal/modules/cjs/loader:1208:32)
    at Function.Module._load (node:internal/modules/cjs/loader:1024:12)
    at Function.runMain (node:internal/modules/run_main:174:12)
    at Object.<anonymous> (D:\BackendWorkspace\nodeProject\node_modules\@babel\node\src\_babel-node.ts:159:12)
    at Module._compile (node:internal/modules/cjs/loader:1358:14)
    at Object.Module._extensions..js (node:internal/modules/cjs/loader:1416:10)
    at Module.load (node:internal/modules/cjs/loader:1208:32)
    at Function.Module._load (node:internal/modules/cjs/loader:1024:12)
    at Function.executeUserEntryPoint [as runMain] (node:internal/modules/run_main:174:12)
    at node:internal/main/run_main_module:28:49 {"date":"Wed Oct 16 2024 15:19:18 GMT+0530 (India Standard Time)","error":{},"exception":true,"os":{"loadavg":[0,0,0],"uptime":529708.656},"process":{"argv":["node","D:\\BackendWorkspace\\nodeProject\\src\\index.js"],"cwd":"D:\\BackendWorkspace\\nodeProject","execPath":"C:\\Program Files\\nodejs\\node.exe","gid":null,"memoryUsage":{"arrayBuffers":18289627,"external":21258534,"heapTotal":80773120,"heapUsed":50093768,"rss":120524800},"pid":14548,"uid":null,"version":"v20.16.0"},"stack":"ReferenceError: notesRoute is not defined\n    at routes (D:\\BackendWorkspace\\nodeProject\\src\\routes\\/index.js:15:24)\n    at Object.<anonymous> (D:\\BackendWorkspace\\nodeProject\\src\\/index.js:32:38)\n    at Module._compile (node:internal/modules/cjs/loader:1358:14)\n    at Module._compile (D:\\BackendWorkspace\\nodeProject\\node_modules\\pirates\\lib\\index.js:117:24)\n    at Module._extensions..js (node:internal/modules/cjs/loader:1416:10)\n    at Object.newLoader [as .js] (D:\\BackendWorkspace\\nodeProject\\node_modules\\pirates\\lib\\index.js:121:7)\n    at Module.load (node:internal/modules/cjs/loader:1208:32)\n    at Function.Module._load (node:internal/modules/cjs/loader:1024:12)\n    at Function.runMain (node:internal/modules/run_main:174:12)\n    at Object.<anonymous> (D:\\BackendWorkspace\\nodeProject\\node_modules\\@babel\\node\\src\\_babel-node.ts:159:12)\n    at Module._compile (node:internal/modules/cjs/loader:1358:14)\n    at Object.Module._extensions..js (node:internal/modules/cjs/loader:1416:10)\n    at Module.load (node:internal/modules/cjs/loader:1208:32)\n    at Function.Module._load (node:internal/modules/cjs/loader:1024:12)\n    at Function.executeUserEntryPoint [as runMain] (node:internal/modules/run_main:174:12)\n    at node:internal/main/run_main_module:28:49","trace":[{"column":24,"file":"D:\\BackendWorkspace\\nodeProject\\src\\routes\\/index.js","function":"routes","line":15,"method":null,"native":false},{"column":38,"file":"D:\\BackendWorkspace\\nodeProject\\src\\/index.js","function":null,"line":32,"method":null,"native":false},{"column":14,"file":"node:internal/modules/cjs/loader","function":"Module._compile","line":1358,"method":"_compile","native":false},{"column":24,"file":"D:\\BackendWorkspace\\nodeProject\\node_modules\\pirates\\lib\\index.js","function":"Module._compile","line":117,"method":"_compile","native":false},{"column":10,"file":"node:internal/modules/cjs/loader","function":"Module._extensions..js","line":1416,"method":".js","native":false},{"column":7,"file":"D:\\BackendWorkspace\\nodeProject\\node_modules\\pirates\\lib\\index.js","function":"Object.newLoader [as .js]","line":121,"method":"js]","native":false},{"column":32,"file":"node:internal/modules/cjs/loader","function":"Module.load","line":1208,"method":"load","native":false},{"column":12,"file":"node:internal/modules/cjs/loader","function":"Module._load","line":1024,"method":"_load","native":false},{"column":12,"file":"node:internal/modules/run_main","function":"Function.runMain","line":174,"method":"runMain","native":false},{"column":12,"file":"D:\\BackendWorkspace\\nodeProject\\node_modules\\@babel\\node\\src\\_babel-node.ts","function":null,"line":159,"method":null,"native":false},{"column":14,"file":"node:internal/modules/cjs/loader","function":"Module._compile","line":1358,"method":"_compile","native":false},{"column":10,"file":"node:internal/modules/cjs/loader","function":"Module._extensions..js","line":1416,"method":".js","native":false},{"column":32,"file":"node:internal/modules/cjs/loader","function":"Module.load","line":1208,"method":"load","native":false},{"column":12,"file":"node:internal/modules/cjs/loader","function":"Module._load","line":1024,"method":"_load","native":false},{"column":12,"file":"node:internal/modules/run_main","function":"Function.executeUserEntryPoint [as runMain]","line":174,"method":"executeUserEntryPoint [as runMain]","native":false},{"column":49,"file":"node:internal/main/run_main_module","function":null,"line":28,"method":null,"native":false}]}
info: ::1 - - [16/Oct/2024:09:53:14 +0000] "POST /api/v1/notes/create HTTP/1.1" 500 93 "-" "PostmanRuntime/7.42.0"

error: uncaughtException: database names cannot contain the character '/'
MongoError: database names cannot contain the character '/'
    at Function.create (D:\BackendWorkspace\nodeProject\node_modules\mongodb\lib\core\error.js:59:12)
    at validateDatabaseName (D:\BackendWorkspace\nodeProject\node_modules\mongodb\lib\operations\db_ops.js:351:24)
    at new Db (D:\BackendWorkspace\nodeProject\node_modules\mongodb\lib\db.js:193:3)
    at MongoClient.db (D:\BackendWorkspace\nodeProject\node_modules\mongodb\lib\mongo_client.js:379:14)
    at _setClient (D:\BackendWorkspace\nodeProject\node_modules\mongoose\lib\connection.js:883:58)
    at D:\BackendWorkspace\nodeProject\node_modules\mongoose\lib\connection.js:841:7
    at D:\BackendWorkspace\nodeProject\node_modules\mongodb\lib\utils.js:704:5
    at D:\BackendWorkspace\nodeProject\node_modules\mongodb\lib\mongo_client.js:286:7
    at connectCallback (D:\BackendWorkspace\nodeProject\node_modules\mongodb\lib\operations\connect.js:367:5)
    at D:\BackendWorkspace\nodeProject\node_modules\mongodb\lib\operations\connect.js:557:5
    at Object.connectHandler [as callback] (D:\BackendWorkspace\nodeProject\node_modules\mongodb\lib\core\sdam\topology.js:298:43)
    at processWaitQueue (D:\BackendWorkspace\nodeProject\node_modules\mongodb\lib\core\sdam\topology.js:1066:21)
    at NativeTopology.serverUpdateHandler (D:\BackendWorkspace\nodeProject\node_modules\mongodb\lib\core\sdam\topology.js:571:7)
    at Server.emit (node:events:519:28)
    at Server.emit (node:domain:488:12)
    at Monitor.<anonymous> (D:\BackendWorkspace\nodeProject\node_modules\mongodb\lib\core\sdam\server.js:154:12)
    at Monitor.emit (node:events:531:35)
    at Monitor.emit (node:domain:488:12)
    at D:\BackendWorkspace\nodeProject\node_modules\mongodb\lib\core\sdam\monitor.js:292:13
    at callback (D:\BackendWorkspace\nodeProject\node_modules\mongodb\lib\core\connection\connect.js:75:5)
    at D:\BackendWorkspace\nodeProject\node_modules\mongodb\lib\core\connection\connect.js:165:7
    at MessageStream.messageHandler (D:\BackendWorkspace\nodeProject\node_modules\mongodb\lib\cmap\connection.js:308:5)
    at MessageStream.emit (node:events:519:28)
    at MessageStream.emit (node:domain:488:12)
    at processIncomingData (D:\BackendWorkspace\nodeProject\node_modules\mongodb\lib\cmap\message_stream.js:144:12)
    at MessageStream._write (D:\BackendWorkspace\nodeProject\node_modules\mongodb\lib\cmap\message_stream.js:42:5)
    at writeOrBuffer (node:internal/streams/writable:570:12)
    at _write (node:internal/streams/writable:499:10)
    at MessageStream.Writable.write (node:internal/streams/writable:508:10)
    at Socket.ondata (node:internal/streams/readable:1007:22)
    at Socket.emit (node:events:519:28)
    at Socket.emit (node:domain:488:12)
    at addChunk (node:internal/streams/readable:559:12)
    at readableAddChunkPushByteMode (node:internal/streams/readable:510:3)
    at Socket.Readable.push (node:internal/streams/readable:390:5)
    at TCP.onStreamRead (node:internal/stream_base_commons:191:23) {"date":"Wed Oct 16 2024 15:30:11 GMT+0530 (India Standard Time)","error":{"driver":true,"name":"MongoError"},"exception":true,"os":{"loadavg":[0,0,0],"uptime":530361.328},"process":{"argv":["node","D:\\BackendWorkspace\\nodeProject\\src\\index.js"],"cwd":"D:\\BackendWorkspace\\nodeProject","execPath":"C:\\Program Files\\nodejs\\node.exe","gid":null,"memoryUsage":{"arrayBuffers":18303841,"external":21291207,"heapTotal":82440192,"heapUsed":46793152,"rss":121647104},"pid":9116,"uid":null,"version":"v20.16.0"},"stack":"MongoError: database names cannot contain the character '/'\n    at Function.create (D:\\BackendWorkspace\\nodeProject\\node_modules\\mongodb\\lib\\core\\error.js:59:12)\n    at validateDatabaseName (D:\\BackendWorkspace\\nodeProject\\node_modules\\mongodb\\lib\\operations\\db_ops.js:351:24)\n    at new Db (D:\\BackendWorkspace\\nodeProject\\node_modules\\mongodb\\lib\\db.js:193:3)\n    at MongoClient.db (D:\\BackendWorkspace\\nodeProject\\node_modules\\mongodb\\lib\\mongo_client.js:379:14)\n    at _setClient (D:\\BackendWorkspace\\nodeProject\\node_modules\\mongoose\\lib\\connection.js:883:58)\n    at D:\\BackendWorkspace\\nodeProject\\node_modules\\mongoose\\lib\\connection.js:841:7\n    at D:\\BackendWorkspace\\nodeProject\\node_modules\\mongodb\\lib\\utils.js:704:5\n    at D:\\BackendWorkspace\\nodeProject\\node_modules\\mongodb\\lib\\mongo_client.js:286:7\n    at connectCallback (D:\\BackendWorkspace\\nodeProject\\node_modules\\mongodb\\lib\\operations\\connect.js:367:5)\n    at D:\\BackendWorkspace\\nodeProject\\node_modules\\mongodb\\lib\\operations\\connect.js:557:5\n    at Object.connectHandler [as callback] (D:\\BackendWorkspace\\nodeProject\\node_modules\\mongodb\\lib\\core\\sdam\\topology.js:298:43)\n    at processWaitQueue (D:\\BackendWorkspace\\nodeProject\\node_modules\\mongodb\\lib\\core\\sdam\\topology.js:1066:21)\n    at NativeTopology.serverUpdateHandler (D:\\BackendWorkspace\\nodeProject\\node_modules\\mongodb\\lib\\core\\sdam\\topology.js:571:7)\n    at Server.emit (node:events:519:28)\n    at Server.emit (node:domain:488:12)\n    at Monitor.<anonymous> (D:\\BackendWorkspace\\nodeProject\\node_modules\\mongodb\\lib\\core\\sdam\\server.js:154:12)\n    at Monitor.emit (node:events:531:35)\n    at Monitor.emit (node:domain:488:12)\n    at D:\\BackendWorkspace\\nodeProject\\node_modules\\mongodb\\lib\\core\\sdam\\monitor.js:292:13\n    at callback (D:\\BackendWorkspace\\nodeProject\\node_modules\\mongodb\\lib\\core\\connection\\connect.js:75:5)\n    at D:\\BackendWorkspace\\nodeProject\\node_modules\\mongodb\\lib\\core\\connection\\connect.js:165:7\n    at MessageStream.messageHandler (D:\\BackendWorkspace\\nodeProject\\node_modules\\mongodb\\lib\\cmap\\connection.js:308:5)\n    at MessageStream.emit (node:events:519:28)\n    at MessageStream.emit (node:domain:488:12)\n    at processIncomingData (D:\\BackendWorkspace\\nodeProject\\node_modules\\mongodb\\lib\\cmap\\message_stream.js:144:12)\n    at MessageStream._write (D:\\BackendWorkspace\\nodeProject\\node_modules\\mongodb\\lib\\cmap\\message_stream.js:42:5)\n    at writeOrBuffer (node:internal/streams/writable:570:12)\n    at _write (node:internal/streams/writable:499:10)\n    at MessageStream.Writable.write (node:internal/streams/writable:508:10)\n    at Socket.ondata (node:internal/streams/readable:1007:22)\n    at Socket.emit (node:events:519:28)\n    at Socket.emit (node:domain:488:12)\n    at addChunk (node:internal/streams/readable:559:12)\n    at readableAddChunkPushByteMode (node:internal/streams/readable:510:3)\n    at Socket.Readable.push (node:internal/streams/readable:390:5)\n    at TCP.onStreamRead (node:internal/stream_base_commons:191:23)","trace":[{"column":12,"file":"D:\\BackendWorkspace\\nodeProject\\node_modules\\mongodb\\lib\\core\\error.js","function":"Function.create","line":59,"method":"create","native":false},{"column":24,"file":"D:\\BackendWorkspace\\nodeProject\\node_modules\\mongodb\\lib\\operations\\db_ops.js","function":"validateDatabaseName","line":351,"method":null,"native":false},{"column":3,"file":"D:\\BackendWorkspace\\nodeProject\\node_modules\\mongodb\\lib\\db.js","function":"new Db","line":193,"method":null,"native":false},{"column":14,"file":"D:\\BackendWorkspace\\nodeProject\\node_modules\\mongodb\\lib\\mongo_client.js","function":"MongoClient.db","line":379,"method":"db","native":false},{"column":58,"file":"D:\\BackendWorkspace\\nodeProject\\node_modules\\mongoose\\lib\\connection.js","function":"_setClient","line":883,"method":null,"native":false},{"column":7,"file":"D:\\BackendWorkspace\\nodeProject\\node_modules\\mongoose\\lib\\connection.js","function":null,"line":841,"method":null,"native":false},{"column":5,"file":"D:\\BackendWorkspace\\nodeProject\\node_modules\\mongodb\\lib\\utils.js","function":null,"line":704,"method":null,"native":false},{"column":7,"file":"D:\\BackendWorkspace\\nodeProject\\node_modules\\mongodb\\lib\\mongo_client.js","function":null,"line":286,"method":null,"native":false},{"column":5,"file":"D:\\BackendWorkspace\\nodeProject\\node_modules\\mongodb\\lib\\operations\\connect.js","function":"connectCallback","line":367,"method":null,"native":false},{"column":5,"file":"D:\\BackendWorkspace\\nodeProject\\node_modules\\mongodb\\lib\\operations\\connect.js","function":null,"line":557,"method":null,"native":false},{"column":43,"file":"D:\\BackendWorkspace\\nodeProject\\node_modules\\mongodb\\lib\\core\\sdam\\topology.js","function":"Object.connectHandler [as callback]","line":298,"method":"connectHandler [as callback]","native":false},{"column":21,"file":"D:\\BackendWorkspace\\nodeProject\\node_modules\\mongodb\\lib\\core\\sdam\\topology.js","function":"processWaitQueue","line":1066,"method":null,"native":false},{"column":7,"file":"D:\\BackendWorkspace\\nodeProject\\node_modules\\mongodb\\lib\\core\\sdam\\topology.js","function":"NativeTopology.serverUpdateHandler","line":571,"method":"serverUpdateHandler","native":false},{"column":28,"file":"node:events","function":"Server.emit","line":519,"method":"emit","native":false},{"column":12,"file":"node:domain","function":"Server.emit","line":488,"method":"emit","native":false},{"column":12,"file":"D:\\BackendWorkspace\\nodeProject\\node_modules\\mongodb\\lib\\core\\sdam\\server.js","function":null,"line":154,"method":null,"native":false},{"column":35,"file":"node:events","function":"Monitor.emit","line":531,"method":"emit","native":false},{"column":12,"file":"node:domain","function":"Monitor.emit","line":488,"method":"emit","native":false},{"column":13,"file":"D:\\BackendWorkspace\\nodeProject\\node_modules\\mongodb\\lib\\core\\sdam\\monitor.js","function":null,"line":292,"method":null,"native":false},{"column":5,"file":"D:\\BackendWorkspace\\nodeProject\\node_modules\\mongodb\\lib\\core\\connection\\connect.js","function":"callback","line":75,"method":null,"native":false},{"column":7,"file":"D:\\BackendWorkspace\\nodeProject\\node_modules\\mongodb\\lib\\core\\connection\\connect.js","function":null,"line":165,"method":null,"native":false},{"column":5,"file":"D:\\BackendWorkspace\\nodeProject\\node_modules\\mongodb\\lib\\cmap\\connection.js","function":"MessageStream.messageHandler","line":308,"method":"messageHandler","native":false},{"column":28,"file":"node:events","function":"MessageStream.emit","line":519,"method":"emit","native":false},{"column":12,"file":"node:domain","function":"MessageStream.emit","line":488,"method":"emit","native":false},{"column":12,"file":"D:\\BackendWorkspace\\nodeProject\\node_modules\\mongodb\\lib\\cmap\\message_stream.js","function":"processIncomingData","line":144,"method":null,"native":false},{"column":5,"file":"D:\\BackendWorkspace\\nodeProject\\node_modules\\mongodb\\lib\\cmap\\message_stream.js","function":"MessageStream._write","line":42,"method":"_write","native":false},{"column":12,"file":"node:internal/streams/writable","function":"writeOrBuffer","line":570,"method":null,"native":false},{"column":10,"file":"node:internal/streams/writable","function":"_write","line":499,"method":null,"native":false},{"column":10,"file":"node:internal/streams/writable","function":"MessageStream.Writable.write","line":508,"method":"write","native":false},{"column":22,"file":"node:internal/streams/readable","function":"Socket.ondata","line":1007,"method":"ondata","native":false},{"column":28,"file":"node:events","function":"Socket.emit","line":519,"method":"emit","native":false},{"column":12,"file":"node:domain","function":"Socket.emit","line":488,"method":"emit","native":false},{"column":12,"file":"node:internal/streams/readable","function":"addChunk","line":559,"method":null,"native":false},{"column":3,"file":"node:internal/streams/readable","function":"readableAddChunkPushByteMode","line":510,"method":null,"native":false},{"column":5,"file":"node:internal/streams/readable","function":"Socket.Readable.push","line":390,"method":"push","native":false},{"column":23,"file":"node:internal/stream_base_commons","function":"TCP.onStreamRead","line":191,"method":"onStreamRead","native":false}]}
info: ::1 - - [16/Oct/2024:10:34:55 +0000] "POST /api/v1/notes/create HTTP/1.1" 404 47 "-" "PostmanRuntime/7.42.0"

info: ::1 - - [16/Oct/2024:10:42:06 +0000] "POST /api/v1/notes/create HTTP/1.1" 400 56 "-" "PostmanRuntime/7.42.0"

info: ::1 - - [16/Oct/2024:10:46:06 +0000] "POST /api/v1/notes/create HTTP/1.1" 400 58 "-" "PostmanRuntime/7.42.0"

info: ::1 - - [16/Oct/2024:10:46:07 +0000] "POST /api/v1/notes/create HTTP/1.1" 400 58 "-" "PostmanRuntime/7.42.0"

info: ::1 - - [16/Oct/2024:10:48:30 +0000] "POST /api/v1/notes/create HTTP/1.1" 401 54 "-" "PostmanRuntime/7.42.0"

info: ::1 - - [16/Oct/2024:10:56:14 +0000] "POST /api/v1/users HTTP/1.1" 500 81 "-" "PostmanRuntime/7.42.0"

info: ::1 - - [16/Oct/2024:10:56:37 +0000] "POST /api/v1/users/ HTTP/1.1" 500 81 "-" "PostmanRuntime/7.42.0"

info: ::1 - - [16/Oct/2024:10:59:45 +0000] "POST /api/v1/users/ HTTP/1.1" 500 81 "-" "PostmanRuntime/7.42.0"

info: ::1 - - [16/Oct/2024:11:02:29 +0000] "POST /api/v1/users/ HTTP/1.1" 500 81 "-" "PostmanRuntime/7.42.0"

info: ::1 - - [16/Oct/2024:11:04:06 +0000] "POST /api/v1/users/ HTTP/1.1" 500 81 "-" "PostmanRuntime/7.42.0"

info: ::1 - - [16/Oct/2024:11:06:45 +0000] "POST /api/v1/users/ HTTP/1.1" 500 81 "-" "PostmanRuntime/7.42.0"

info: ::1 - - [16/Oct/2024:11:12:46 +0000] "POST /api/v1/users/ HTTP/1.1" 200 2 "-" "PostmanRuntime/7.42.0"

info: ::1 - - [16/Oct/2024:11:14:32 +0000] "POST /api/v1/users/ HTTP/1.1" 200 2 "-" "PostmanRuntime/7.42.0"

info: ::1 - - [16/Oct/2024:11:15:08 +0000] "POST /api/v1/users/ HTTP/1.1" 200 2 "-" "PostmanRuntime/7.42.0"

info: ::1 - - [16/Oct/2024:11:15:12 +0000] "POST /api/v1/users/ HTTP/1.1" 200 2 "-" "PostmanRuntime/7.42.0"

info: ::1 - - [16/Oct/2024:11:16:54 +0000] "POST /api/v1/users/ HTTP/1.1" 200 2 "-" "PostmanRuntime/7.42.0"

info: ::1 - - [16/Oct/2024:11:17:27 +0000] "POST /api/v1/users/ HTTP/1.1" 200 2 "-" "PostmanRuntime/7.42.0"

info: ::1 - - [16/Oct/2024:11:19:47 +0000] "POST /api/v1/users/ HTTP/1.1" 200 2 "-" "PostmanRuntime/7.42.0"

info: ::1 - - [16/Oct/2024:11:22:22 +0000] "POST /api/v1/users/ HTTP/1.1" 200 2 "-" "PostmanRuntime/7.42.0"

info: ::1 - - [16/Oct/2024:11:24:12 +0000] "POST /api/v1/users/ HTTP/1.1" 200 2 "-" "PostmanRuntime/7.42.0"

info: ::1 - - [16/Oct/2024:11:24:36 +0000] "POST /api/v1/users/ HTTP/1.1" 200 2 "-" "PostmanRuntime/7.42.0"

info: ::1 - - [16/Oct/2024:11:26:02 +0000] "POST /api/v1/users/ HTTP/1.1" 200 2 "-" "PostmanRuntime/7.42.0"

info: ::1 - - [16/Oct/2024:11:26:43 +0000] "POST /api/v1/users/ HTTP/1.1" 200 2 "-" "PostmanRuntime/7.42.0"

info: ::1 - - [16/Oct/2024:11:27:25 +0000] "POST /api/v1/users/ HTTP/1.1" 200 2 "-" "PostmanRuntime/7.42.0"

info: ::1 - - [16/Oct/2024:11:28:52 +0000] "POST /api/v1/users/ HTTP/1.1" 200 2 "-" "PostmanRuntime/7.42.0"

info: ::1 - - [16/Oct/2024:11:31:34 +0000] "POST /api/v1/users/ HTTP/1.1" 200 2 "-" "PostmanRuntime/7.42.0"

info: ::1 - - [16/Oct/2024:11:31:38 +0000] "POST /api/v1/users HTTP/1.1" 200 2 "-" "PostmanRuntime/7.42.0"

info: ::1 - - [16/Oct/2024:11:34:16 +0000] "POST /api/v1/users HTTP/1.1" 200 2 "-" "PostmanRuntime/7.42.0"

error: uncaughtException: The argument 'id' must be a non-empty string. Received ''
TypeError: The argument 'id' must be a non-empty string. Received ''
    at Module.require (node:internal/modules/cjs/loader:1228:11)
    at require (node:internal/modules/helpers:179:18)
    at Object.<anonymous> (D:\BackendWorkspace\nodeProject\src\config\/database.js:3:1)
    at Module._compile (node:internal/modules/cjs/loader:1358:14)
    at Module._compile (D:\BackendWorkspace\nodeProject\node_modules\pirates\lib\index.js:117:24)
    at Module._extensions..js (node:internal/modules/cjs/loader:1416:10)
    at Object.newLoader [as .js] (D:\BackendWorkspace\nodeProject\node_modules\pirates\lib\index.js:121:7)
    at Module.load (node:internal/modules/cjs/loader:1208:32)
    at Function.Module._load (node:internal/modules/cjs/loader:1024:12)
    at Module.require (node:internal/modules/cjs/loader:1233:19)
    at require (node:internal/modules/helpers:179:18)
    at Object.<anonymous> (D:\BackendWorkspace\nodeProject\src\/index.js:9:1)
    at Module._compile (node:internal/modules/cjs/loader:1358:14)
    at Module._compile (D:\BackendWorkspace\nodeProject\node_modules\pirates\lib\index.js:117:24)
    at Module._extensions..js (node:internal/modules/cjs/loader:1416:10)
    at Object.newLoader [as .js] (D:\BackendWorkspace\nodeProject\node_modules\pirates\lib\index.js:121:7)
    at Module.load (node:internal/modules/cjs/loader:1208:32)
    at Function.Module._load (node:internal/modules/cjs/loader:1024:12)
    at Function.runMain (node:internal/modules/run_main:174:12)
    at Object.<anonymous> (D:\BackendWorkspace\nodeProject\node_modules\@babel\node\src\_babel-node.ts:159:12)
    at Module._compile (node:internal/modules/cjs/loader:1358:14)
    at Object.Module._extensions..js (node:internal/modules/cjs/loader:1416:10)
    at Module.load (node:internal/modules/cjs/loader:1208:32)
    at Function.Module._load (node:internal/modules/cjs/loader:1024:12)
    at Function.executeUserEntryPoint [as runMain] (node:internal/modules/run_main:174:12)
    at node:internal/main/run_main_module:28:49 {"date":"Wed Oct 16 2024 17:04:48 GMT+0530 (India Standard Time)","error":{"code":"ERR_INVALID_ARG_VALUE"},"exception":true,"os":{"loadavg":[0,0,0],"uptime":536039.109},"process":{"argv":["node","D:\\BackendWorkspace\\nodeProject\\src\\index.js"],"cwd":"D:\\BackendWorkspace\\nodeProject","execPath":"C:\\Program Files\\nodejs\\node.exe","gid":null,"memoryUsage":{"arrayBuffers":18311881,"external":21280060,"heapTotal":78151680,"heapUsed":52332152,"rss":116178944},"pid":9564,"uid":null,"version":"v20.16.0"},"stack":"TypeError: The argument 'id' must be a non-empty string. Received ''\n    at Module.require (node:internal/modules/cjs/loader:1228:11)\n    at require (node:internal/modules/helpers:179:18)\n    at Object.<anonymous> (D:\\BackendWorkspace\\nodeProject\\src\\config\\/database.js:3:1)\n    at Module._compile (node:internal/modules/cjs/loader:1358:14)\n    at Module._compile (D:\\BackendWorkspace\\nodeProject\\node_modules\\pirates\\lib\\index.js:117:24)\n    at Module._extensions..js (node:internal/modules/cjs/loader:1416:10)\n    at Object.newLoader [as .js] (D:\\BackendWorkspace\\nodeProject\\node_modules\\pirates\\lib\\index.js:121:7)\n    at Module.load (node:internal/modules/cjs/loader:1208:32)\n    at Function.Module._load (node:internal/modules/cjs/loader:1024:12)\n    at Module.require (node:internal/modules/cjs/loader:1233:19)\n    at require (node:internal/modules/helpers:179:18)\n    at Object.<anonymous> (D:\\BackendWorkspace\\nodeProject\\src\\/index.js:9:1)\n    at Module._compile (node:internal/modules/cjs/loader:1358:14)\n    at Module._compile (D:\\BackendWorkspace\\nodeProject\\node_modules\\pirates\\lib\\index.js:117:24)\n    at Module._extensions..js (node:internal/modules/cjs/loader:1416:10)\n    at Object.newLoader [as .js] (D:\\BackendWorkspace\\nodeProject\\node_modules\\pirates\\lib\\index.js:121:7)\n    at Module.load (node:internal/modules/cjs/loader:1208:32)\n    at Function.Module._load (node:internal/modules/cjs/loader:1024:12)\n    at Function.runMain (node:internal/modules/run_main:174:12)\n    at Object.<anonymous> (D:\\BackendWorkspace\\nodeProject\\node_modules\\@babel\\node\\src\\_babel-node.ts:159:12)\n    at Module._compile (node:internal/modules/cjs/loader:1358:14)\n    at Object.Module._extensions..js (node:internal/modules/cjs/loader:1416:10)\n    at Module.load (node:internal/modules/cjs/loader:1208:32)\n    at Function.Module._load (node:internal/modules/cjs/loader:1024:12)\n    at Function.executeUserEntryPoint [as runMain] (node:internal/modules/run_main:174:12)\n    at node:internal/main/run_main_module:28:49","trace":[{"column":11,"file":"node:internal/modules/cjs/loader","function":"Module.require","line":1228,"method":"require","native":false},{"column":18,"file":"node:internal/modules/helpers","function":"require","line":179,"method":null,"native":false},{"column":1,"file":"D:\\BackendWorkspace\\nodeProject\\src\\config\\/database.js","function":null,"line":3,"method":null,"native":false},{"column":14,"file":"node:internal/modules/cjs/loader","function":"Module._compile","line":1358,"method":"_compile","native":false},{"column":24,"file":"D:\\BackendWorkspace\\nodeProject\\node_modules\\pirates\\lib\\index.js","function":"Module._compile","line":117,"method":"_compile","native":false},{"column":10,"file":"node:internal/modules/cjs/loader","function":"Module._extensions..js","line":1416,"method":".js","native":false},{"column":7,"file":"D:\\BackendWorkspace\\nodeProject\\node_modules\\pirates\\lib\\index.js","function":"Object.newLoader [as .js]","line":121,"method":"js]","native":false},{"column":32,"file":"node:internal/modules/cjs/loader","function":"Module.load","line":1208,"method":"load","native":false},{"column":12,"file":"node:internal/modules/cjs/loader","function":"Module._load","line":1024,"method":"_load","native":false},{"column":19,"file":"node:internal/modules/cjs/loader","function":"Module.require","line":1233,"method":"require","native":false},{"column":18,"file":"node:internal/modules/helpers","function":"require","line":179,"method":null,"native":false},{"column":1,"file":"D:\\BackendWorkspace\\nodeProject\\src\\/index.js","function":null,"line":9,"method":null,"native":false},{"column":14,"file":"node:internal/modules/cjs/loader","function":"Module._compile","line":1358,"method":"_compile","native":false},{"column":24,"file":"D:\\BackendWorkspace\\nodeProject\\node_modules\\pirates\\lib\\index.js","function":"Module._compile","line":117,"method":"_compile","native":false},{"column":10,"file":"node:internal/modules/cjs/loader","function":"Module._extensions..js","line":1416,"method":".js","native":false},{"column":7,"file":"D:\\BackendWorkspace\\nodeProject\\node_modules\\pirates\\lib\\index.js","function":"Object.newLoader [as .js]","line":121,"method":"js]","native":false},{"column":32,"file":"node:internal/modules/cjs/loader","function":"Module.load","line":1208,"method":"load","native":false},{"column":12,"file":"node:internal/modules/cjs/loader","function":"Module._load","line":1024,"method":"_load","native":false},{"column":12,"file":"node:internal/modules/run_main","function":"Function.runMain","line":174,"method":"runMain","native":false},{"column":12,"file":"D:\\BackendWorkspace\\nodeProject\\node_modules\\@babel\\node\\src\\_babel-node.ts","function":null,"line":159,"method":null,"native":false},{"column":14,"file":"node:internal/modules/cjs/loader","function":"Module._compile","line":1358,"method":"_compile","native":false},{"column":10,"file":"node:internal/modules/cjs/loader","function":"Module._extensions..js","line":1416,"method":".js","native":false},{"column":32,"file":"node:internal/modules/cjs/loader","function":"Module.load","line":1208,"method":"load","native":false},{"column":12,"file":"node:internal/modules/cjs/loader","function":"Module._load","line":1024,"method":"_load","native":false},{"column":12,"file":"node:internal/modules/run_main","function":"Function.executeUserEntryPoint [as runMain]","line":174,"method":"executeUserEntryPoint [as runMain]","native":false},{"column":49,"file":"node:internal/main/run_main_module","function":null,"line":28,"method":null,"native":false}]}
info: ::1 - - [16/Oct/2024:11:35:22 +0000] "POST /api/v1/users HTTP/1.1" 200 2 "-" "PostmanRuntime/7.42.0"

info: ::1 - - [16/Oct/2024:11:40:35 +0000] "POST /api/v1/users HTTP/1.1" 201 276 "-" "PostmanRuntime/7.42.0"

info: ::1 - - [16/Oct/2024:11:41:05 +0000] "POST /api/v1/users HTTP/1.1" 201 276 "-" "PostmanRuntime/7.42.0"

info: ::1 - - [16/Oct/2024:11:41:36 +0000] "POST /api/v1/users HTTP/1.1" 201 276 "-" "PostmanRuntime/7.42.0"

info: ::1 - - [16/Oct/2024:17:06:26 +0000] "POST /api/v1/users HTTP/1.1" 201 276 "-" "PostmanRuntime/7.42.0"

info: ::1 - - [16/Oct/2024:17:28:29 +0000] "POST /api/v1/users HTTP/1.1" 200 2 "-" "PostmanRuntime/7.42.0"

info: ::1 - - [16/Oct/2024:17:29:40 +0000] "POST /api/v1/users HTTP/1.1" 201 324 "-" "PostmanRuntime/7.42.0"

info: ::1 - - [16/Oct/2024:17:31:08 +0000] "POST /api/v1/users/login HTTP/1.1" 500 37 "-" "PostmanRuntime/7.42.0"

info: ::1 - - [16/Oct/2024:17:32:05 +0000] "POST /api/v1/users/login HTTP/1.1" 500 37 "-" "PostmanRuntime/7.42.0"

info: ::1 - - [16/Oct/2024:17:33:11 +0000] "POST /api/v1/users/login HTTP/1.1" 500 37 "-" "PostmanRuntime/7.42.0"

info: ::1 - - [16/Oct/2024:17:33:29 +0000] "POST /api/v1/users/login HTTP/1.1" 500 37 "-" "PostmanRuntime/7.42.0"

info: ::1 - - [16/Oct/2024:17:36:57 +0000] "POST /api/v1/users/login HTTP/1.1" 500 37 "-" "PostmanRuntime/7.42.0"

info: ::1 - - [16/Oct/2024:17:43:18 +0000] "POST /api/v1/users/login HTTP/1.1" 200 301 "-" "PostmanRuntime/7.42.0"

info: ::1 - - [16/Oct/2024:17:44:01 +0000] "POST /api/v1/users/login HTTP/1.1" 401 39 "-" "PostmanRuntime/7.42.0"

info: ::1 - - [16/Oct/2024:17:45:36 +0000] "POST /api/v1/users/login HTTP/1.1" 401 39 "-" "PostmanRuntime/7.42.0"

info: ::1 - - [16/Oct/2024:17:45:58 +0000] "POST /api/v1/users/login HTTP/1.1" 200 301 "-" "PostmanRuntime/7.42.0"

info: ::1 - - [16/Oct/2024:17:46:26 +0000] "POST /api/v1/users/login HTTP/1.1" 401 39 "-" "PostmanRuntime/7.42.0"

info: ::1 - - [16/Oct/2024:17:46:38 +0000] "POST /api/v1/users/login HTTP/1.1" 401 39 "-" "PostmanRuntime/7.42.0"

info: ::1 - - [16/Oct/2024:17:47:53 +0000] "POST /api/v1/users/login HTTP/1.1" 401 39 "-" "PostmanRuntime/7.42.0"

info: ::1 - - [16/Oct/2024:17:47:58 +0000] "POST /api/v1/users/login HTTP/1.1" 401 39 "-" "PostmanRuntime/7.42.0"

info: ::1 - - [16/Oct/2024:17:50:31 +0000] "POST /api/v1/users HTTP/1.1" 201 324 "-" "PostmanRuntime/7.42.0"

info: ::1 - - [16/Oct/2024:17:50:39 +0000] "POST /api/v1/users HTTP/1.1" 200 609 "-" "PostmanRuntime/7.42.0"

info: ::1 - - [16/Oct/2024:17:50:57 +0000] "POST /api/v1/users/login HTTP/1.1" 200 301 "-" "PostmanRuntime/7.42.0"

info: ::1 - - [17/Oct/2024:06:29:47 +0000] "POST /api/v1/users/login HTTP/1.1" 200 301 "-" "PostmanRuntime/7.42.0"

info: ::1 - - [17/Oct/2024:06:30:43 +0000] "POST /api/v1/users/ HTTP/1.1" 201 325 "-" "PostmanRuntime/7.42.0"

info: ::1 - - [17/Oct/2024:06:30:58 +0000] "POST /api/v1/users/login HTTP/1.1" 200 302 "-" "PostmanRuntime/7.42.0"

info: ::1 - - [17/Oct/2024:06:59:02 +0000] "POST /api/v1/notes/create/ HTTP/1.1" 400 58 "-" "PostmanRuntime/7.42.0"

info: ::1 - - [17/Oct/2024:07:01:21 +0000] "POST /api/v1/notes/create/ HTTP/1.1" 401 54 "-" "PostmanRuntime/7.42.0"

info: ::1 - - [17/Oct/2024:17:26:30 +0000] "POST /api/v1/notes/create/ HTTP/1.1" 500 65 "-" "PostmanRuntime/7.42.0"

info: ::1 - - [17/Oct/2024:17:28:17 +0000] "POST /api/v1/notes/create/ HTTP/1.1" 500 72 "-" "PostmanRuntime/7.42.0"

info: ::1 - - [17/Oct/2024:17:28:20 +0000] "POST /api/v1/notes/create/ HTTP/1.1" 500 72 "-" "PostmanRuntime/7.42.0"

info: ::1 - - [17/Oct/2024:17:29:10 +0000] "POST /api/v1/notes/create/ HTTP/1.1" 500 72 "-" "PostmanRuntime/7.42.0"

info: ::1 - - [17/Oct/2024:17:35:39 +0000] "POST /api/v1/notes/create/ HTTP/1.1" 500 72 "-" "PostmanRuntime/7.42.0"

info: ::1 - - [17/Oct/2024:17:35:43 +0000] "POST /api/v1/notes/create/ HTTP/1.1" 500 72 "-" "PostmanRuntime/7.42.0"

info: ::1 - - [17/Oct/2024:17:36:19 +0000] "POST /api/v1/notes/create/ HTTP/1.1" 500 72 "-" "PostmanRuntime/7.42.0"

info: ::1 - - [17/Oct/2024:17:46:28 +0000] "POST /api/v1/notes/create/ HTTP/1.1" 500 72 "-" "PostmanRuntime/7.42.0"

info: ::1 - - [17/Oct/2024:17:50:59 +0000] "POST /api/v1/notes/create/ HTTP/1.1" 403 27 "-" "PostmanRuntime/7.42.0"

info: ::1 - - [17/Oct/2024:17:52:07 +0000] "POST /api/v1/notes/create/ HTTP/1.1" 500 72 "-" "PostmanRuntime/7.42.0"

info: ::1 - - [18/Oct/2024:05:48:36 +0000] "POST /api/v1/notes/create/ HTTP/1.1" 500 72 "-" "PostmanRuntime/7.42.0"

info: ::1 - - [18/Oct/2024:06:02:30 +0000] "POST /api/v1/notes/create/ HTTP/1.1" 500 72 "-" "PostmanRuntime/7.42.0"

info: ::1 - - [18/Oct/2024:06:03:26 +0000] "POST /api/v1/notes/create/ HTTP/1.1" 500 69 "-" "PostmanRuntime/7.42.0"

info: ::1 - - [18/Oct/2024:06:04:13 +0000] "POST /api/v1/notes/create/ HTTP/1.1" 500 60 "-" "PostmanRuntime/7.42.0"

info: ::1 - - [18/Oct/2024:06:04:23 +0000] "POST /api/v1/notes/create/ HTTP/1.1" 500 60 "-" "PostmanRuntime/7.42.0"

info: ::1 - - [18/Oct/2024:06:06:08 +0000] "POST /api/v1/notes/create/ HTTP/1.1" 500 60 "-" "PostmanRuntime/7.42.0"

info: ::1 - - [18/Oct/2024:06:06:10 +0000] "POST /api/v1/notes/create HTTP/1.1" 500 60 "-" "PostmanRuntime/7.42.0"

info: ::1 - - [18/Oct/2024:06:11:15 +0000] "POST /api/v1/notes/create HTTP/1.1" 201 - "-" "PostmanRuntime/7.42.0"

info: ::1 - - [18/Oct/2024:06:12:06 +0000] "POST /api/v1/notes/create HTTP/1.1" 201 - "-" "PostmanRuntime/7.42.0"

info: ::1 - - [18/Oct/2024:06:16:05 +0000] "POST /api/v1/notes/create HTTP/1.1" 201 - "-" "PostmanRuntime/7.42.0"

info: ::1 - - [18/Oct/2024:06:16:53 +0000] "POST /api/v1/notes/create HTTP/1.1" 201 - "-" "PostmanRuntime/7.42.0"

info: ::1 - - [18/Oct/2024:06:17:14 +0000] "POST /api/v1/notes/create HTTP/1.1" 201 - "-" "PostmanRuntime/7.42.0"

info: ::1 - - [18/Oct/2024:06:18:18 +0000] "POST /api/v1/notes/create HTTP/1.1" 201 - "-" "PostmanRuntime/7.42.0"

info: ::1 - - [18/Oct/2024:06:19:11 +0000] "POST /api/v1/notes/create HTTP/1.1" 201 156 "-" "PostmanRuntime/7.42.0"

info: ::1 - - [18/Oct/2024:06:21:37 +0000] "POST /api/v1/notes/fetch HTTP/1.1" 404 47 "-" "PostmanRuntime/7.42.0"

info: ::1 - - [18/Oct/2024:06:22:41 +0000] "POST /api/v1/notes/fetch HTTP/1.1" 404 47 "-" "PostmanRuntime/7.42.0"

info: ::1 - - [18/Oct/2024:06:23:21 +0000] "POST /api/v1/notes/create HTTP/1.1" 201 - "-" "PostmanRuntime/7.42.0"

info: ::1 - - [18/Oct/2024:06:23:51 +0000] "POST /api/v1/notes/create HTTP/1.1" 201 - "-" "PostmanRuntime/7.42.0"

info: ::1 - - [18/Oct/2024:06:24:08 +0000] "POST /api/v1/notes/create HTTP/1.1" 201 154 "-" "PostmanRuntime/7.42.0"

info: ::1 - - [18/Oct/2024:06:25:07 +0000] "POST /api/v1/notes/fetch HTTP/1.1" 404 47 "-" "PostmanRuntime/7.42.0"

info: ::1 - - [18/Oct/2024:06:25:16 +0000] "POST /api/v1/notes/fetch HTTP/1.1" 404 47 "-" "PostmanRuntime/7.42.0"

info: ::1 - - [18/Oct/2024:06:25:18 +0000] "POST /api/v1/notes/fetch HTTP/1.1" 404 47 "-" "PostmanRuntime/7.42.0"

info: ::1 - - [18/Oct/2024:06:25:41 +0000] "POST /api/v1/notes/fetch HTTP/1.1" 404 47 "-" "PostmanRuntime/7.42.0"

info: ::1 - - [18/Oct/2024:06:26:16 +0000] "POST /api/v1/notes/fetch HTTP/1.1" 404 47 "-" "PostmanRuntime/7.42.0"

info: ::1 - - [18/Oct/2024:06:29:05 +0000] "POST /api/v1/notes/fetch HTTP/1.1" 404 47 "-" "PostmanRuntime/7.42.0"

info: ::1 - - [18/Oct/2024:06:29:10 +0000] "POST /api/v1/notes/fetch HTTP/1.1" 404 47 "-" "PostmanRuntime/7.42.0"

info: ::1 - - [18/Oct/2024:06:30:38 +0000] "GET /api/v1/notes/fetch HTTP/1.1" 500 65 "-" "PostmanRuntime/7.42.0"

info: ::1 - - [18/Oct/2024:06:31:05 +0000] "GET /api/v1/notes/fetch HTTP/1.1" 500 65 "-" "PostmanRuntime/7.42.0"

info: ::1 - - [18/Oct/2024:06:31:45 +0000] "GET /api/v1/notes/fetch HTTP/1.1" 500 65 "-" "PostmanRuntime/7.42.0"

info: ::1 - - [18/Oct/2024:06:32:53 +0000] "GET /api/v1/notes/fetch HTTP/1.1" 500 65 "-" "PostmanRuntime/7.42.0"

info: ::1 - - [18/Oct/2024:06:34:27 +0000] "GET /api/v1/notes/fetch HTTP/1.1" 200 313 "-" "PostmanRuntime/7.42.0"

info: ::1 - - [18/Oct/2024:06:36:53 +0000] "GET /api/v1/notes/update/6711fddfeae6213344b4a804 HTTP/1.1" 404 47 "-" "PostmanRuntime/7.42.0"

info: ::1 - - [18/Oct/2024:06:37:07 +0000] "PUT /api/v1/notes/update/6711fddfeae6213344b4a804 HTTP/1.1" 500 145 "-" "PostmanRuntime/7.42.0"

info: ::1 - - [18/Oct/2024:06:38:28 +0000] "PUT /api/v1/notes/update/6711fddfeae6213344b4a804 HTTP/1.1" 404 28 "-" "PostmanRuntime/7.42.0"

info: ::1 - - [18/Oct/2024:06:38:56 +0000] "PUT /api/v1/notes/update/6711fddfeae6213344b4a804 HTTP/1.1" 404 28 "-" "PostmanRuntime/7.42.0"

info: ::1 - - [18/Oct/2024:06:39:49 +0000] "PUT /api/v1/notes/update/6711fddfeae6213344b4a804 HTTP/1.1" 200 159 "-" "PostmanRuntime/7.42.0"

info: ::1 - - [18/Oct/2024:06:40:41 +0000] "DELETE /api/v1/notes/update/6711fddfeae6213344b4a804 HTTP/1.1" 404 47 "-" "PostmanRuntime/7.42.0"

info: ::1 - - [18/Oct/2024:06:40:47 +0000] "DELETE /api/v1/notes/update/6711fddfeae6213344b4a804 HTTP/1.1" 404 47 "-" "PostmanRuntime/7.42.0"

info: ::1 - - [18/Oct/2024:06:41:11 +0000] "DELETE /api/v1/notes/delete/6711fddfeae6213344b4a804 HTTP/1.1" 200 39 "-" "PostmanRuntime/7.42.0"

info: ::1 - - [18/Oct/2024:06:52:23 +0000] "POST /api/v1/notes/create HTTP/1.1" 201 157 "-" "PostmanRuntime/7.42.0"

info: ::1 - - [18/Oct/2024:06:52:51 +0000] "POST /api/v1/notes/create HTTP/1.1" 201 185 "-" "PostmanRuntime/7.42.0"

info: ::1 - - [18/Oct/2024:06:53:07 +0000] "POST /api/v1/notes/create HTTP/1.1" 201 183 "-" "PostmanRuntime/7.42.0"

error: uncaughtException: listen EADDRINUSE: address already in use :::3000
Error: listen EADDRINUSE: address already in use :::3000
    at Server.setupListenHandle [as _listen2] (node:net:1904:16)
    at listenInCluster (node:net:1961:12)
    at Server.listen (node:net:2063:7)
    at Function.listen (D:\BackendWorkspace\nodeProject\node_modules\express\lib\application.js:635:24)
    at Object.<anonymous> (D:\BackendWorkspace\nodeProject\src\/index.js:37:5)
    at Module._compile (node:internal/modules/cjs/loader:1358:14)
    at Module._compile (D:\BackendWorkspace\nodeProject\node_modules\pirates\lib\index.js:117:24)
    at Module._extensions..js (node:internal/modules/cjs/loader:1416:10)
    at Object.newLoader [as .js] (D:\BackendWorkspace\nodeProject\node_modules\pirates\lib\index.js:121:7)
    at Module.load (node:internal/modules/cjs/loader:1208:32)
    at Function.Module._load (node:internal/modules/cjs/loader:1024:12)
    at Function.runMain (node:internal/modules/run_main:174:12)
    at Object.<anonymous> (D:\BackendWorkspace\nodeProject\node_modules\@babel\node\src\_babel-node.ts:159:12)
    at Module._compile (node:internal/modules/cjs/loader:1358:14)
    at Object.Module._extensions..js (node:internal/modules/cjs/loader:1416:10)
    at Module.load (node:internal/modules/cjs/loader:1208:32)
    at Function.Module._load (node:internal/modules/cjs/loader:1024:12)
    at Function.executeUserEntryPoint [as runMain] (node:internal/modules/run_main:174:12)
    at node:internal/main/run_main_module:28:49 {"date":"Fri Oct 18 2024 14:31:48 GMT+0530 (India Standard Time)","error":{"address":"::","code":"EADDRINUSE","errno":-4091,"port":3000,"syscall":"listen"},"exception":true,"os":{"loadavg":[0,0,0],"uptime":5023.484},"process":{"argv":["node","D:\\BackendWorkspace\\nodeProject\\src\\index.js"],"cwd":"D:\\BackendWorkspace\\nodeProject","execPath":"C:\\Program Files\\nodejs\\node.exe","gid":null,"memoryUsage":{"arrayBuffers":18299571,"external":21286937,"heapTotal":79724544,"heapUsed":51522152,"rss":118697984},"pid":15248,"uid":null,"version":"v20.16.0"},"stack":"Error: listen EADDRINUSE: address already in use :::3000\n    at Server.setupListenHandle [as _listen2] (node:net:1904:16)\n    at listenInCluster (node:net:1961:12)\n    at Server.listen (node:net:2063:7)\n    at Function.listen (D:\\BackendWorkspace\\nodeProject\\node_modules\\express\\lib\\application.js:635:24)\n    at Object.<anonymous> (D:\\BackendWorkspace\\nodeProject\\src\\/index.js:37:5)\n    at Module._compile (node:internal/modules/cjs/loader:1358:14)\n    at Module._compile (D:\\BackendWorkspace\\nodeProject\\node_modules\\pirates\\lib\\index.js:117:24)\n    at Module._extensions..js (node:internal/modules/cjs/loader:1416:10)\n    at Object.newLoader [as .js] (D:\\BackendWorkspace\\nodeProject\\node_modules\\pirates\\lib\\index.js:121:7)\n    at Module.load (node:internal/modules/cjs/loader:1208:32)\n    at Function.Module._load (node:internal/modules/cjs/loader:1024:12)\n    at Function.runMain (node:internal/modules/run_main:174:12)\n    at Object.<anonymous> (D:\\BackendWorkspace\\nodeProject\\node_modules\\@babel\\node\\src\\_babel-node.ts:159:12)\n    at Module._compile (node:internal/modules/cjs/loader:1358:14)\n    at Object.Module._extensions..js (node:internal/modules/cjs/loader:1416:10)\n    at Module.load (node:internal/modules/cjs/loader:1208:32)\n    at Function.Module._load (node:internal/modules/cjs/loader:1024:12)\n    at Function.executeUserEntryPoint [as runMain] (node:internal/modules/run_main:174:12)\n    at node:internal/main/run_main_module:28:49","trace":[{"column":16,"file":"node:net","function":"Server.setupListenHandle [as _listen2]","line":1904,"method":"setupListenHandle [as _listen2]","native":false},{"column":12,"file":"node:net","function":"listenInCluster","line":1961,"method":null,"native":false},{"column":7,"file":"node:net","function":"Server.listen","line":2063,"method":"listen","native":false},{"column":24,"file":"D:\\BackendWorkspace\\nodeProject\\node_modules\\express\\lib\\application.js","function":"Function.listen","line":635,"method":"listen","native":false},{"column":5,"file":"D:\\BackendWorkspace\\nodeProject\\src\\/index.js","function":null,"line":37,"method":null,"native":false},{"column":14,"file":"node:internal/modules/cjs/loader","function":"Module._compile","line":1358,"method":"_compile","native":false},{"column":24,"file":"D:\\BackendWorkspace\\nodeProject\\node_modules\\pirates\\lib\\index.js","function":"Module._compile","line":117,"method":"_compile","native":false},{"column":10,"file":"node:internal/modules/cjs/loader","function":"Module._extensions..js","line":1416,"method":".js","native":false},{"column":7,"file":"D:\\BackendWorkspace\\nodeProject\\node_modules\\pirates\\lib\\index.js","function":"Object.newLoader [as .js]","line":121,"method":"js]","native":false},{"column":32,"file":"node:internal/modules/cjs/loader","function":"Module.load","line":1208,"method":"load","native":false},{"column":12,"file":"node:internal/modules/cjs/loader","function":"Module._load","line":1024,"method":"_load","native":false},{"column":12,"file":"node:internal/modules/run_main","function":"Function.runMain","line":174,"method":"runMain","native":false},{"column":12,"file":"D:\\BackendWorkspace\\nodeProject\\node_modules\\@babel\\node\\src\\_babel-node.ts","function":null,"line":159,"method":null,"native":false},{"column":14,"file":"node:internal/modules/cjs/loader","function":"Module._compile","line":1358,"method":"_compile","native":false},{"column":10,"file":"node:internal/modules/cjs/loader","function":"Module._extensions..js","line":1416,"method":".js","native":false},{"column":32,"file":"node:internal/modules/cjs/loader","function":"Module.load","line":1208,"method":"load","native":false},{"column":12,"file":"node:internal/modules/cjs/loader","function":"Module._load","line":1024,"method":"_load","native":false},{"column":12,"file":"node:internal/modules/run_main","function":"Function.executeUserEntryPoint [as runMain]","line":174,"method":"executeUserEntryPoint [as runMain]","native":false},{"column":49,"file":"node:internal/main/run_main_module","function":null,"line":28,"method":null,"native":false}]}
error: uncaughtException: listen EADDRINUSE: address already in use :::3000
Error: listen EADDRINUSE: address already in use :::3000
    at Server.setupListenHandle [as _listen2] (node:net:1904:16)
    at listenInCluster (node:net:1961:12)
    at Server.listen (node:net:2063:7)
    at Function.listen (D:\BackendWorkspace\nodeProject\node_modules\express\lib\application.js:635:24)
    at Object.<anonymous> (D:\BackendWorkspace\nodeProject\src\/index.js:37:5)
    at Module._compile (node:internal/modules/cjs/loader:1358:14)
    at Module._compile (D:\BackendWorkspace\nodeProject\node_modules\pirates\lib\index.js:117:24)
    at Module._extensions..js (node:internal/modules/cjs/loader:1416:10)
    at Object.newLoader [as .js] (D:\BackendWorkspace\nodeProject\node_modules\pirates\lib\index.js:121:7)
    at Module.load (node:internal/modules/cjs/loader:1208:32)
    at Function.Module._load (node:internal/modules/cjs/loader:1024:12)
    at Function.runMain (node:internal/modules/run_main:174:12)
    at Object.<anonymous> (D:\BackendWorkspace\nodeProject\node_modules\@babel\node\src\_babel-node.ts:159:12)
    at Module._compile (node:internal/modules/cjs/loader:1358:14)
    at Object.Module._extensions..js (node:internal/modules/cjs/loader:1416:10)
    at Module.load (node:internal/modules/cjs/loader:1208:32)
    at Function.Module._load (node:internal/modules/cjs/loader:1024:12)
    at Function.executeUserEntryPoint [as runMain] (node:internal/modules/run_main:174:12)
    at node:internal/main/run_main_module:28:49 {"date":"Fri Oct 18 2024 14:32:39 GMT+0530 (India Standard Time)","error":{"address":"::","code":"EADDRINUSE","errno":-4091,"port":3000,"syscall":"listen"},"exception":true,"os":{"loadavg":[0,0,0],"uptime":5074.859},"process":{"argv":["node","D:\\BackendWorkspace\\nodeProject\\src\\index.js"],"cwd":"D:\\BackendWorkspace\\nodeProject","execPath":"C:\\Program Files\\nodejs\\node.exe","gid":null,"memoryUsage":{"arrayBuffers":18299571,"external":21286937,"heapTotal":80510976,"heapUsed":51503192,"rss":122294272},"pid":16808,"uid":null,"version":"v20.16.0"},"stack":"Error: listen EADDRINUSE: address already in use :::3000\n    at Server.setupListenHandle [as _listen2] (node:net:1904:16)\n    at listenInCluster (node:net:1961:12)\n    at Server.listen (node:net:2063:7)\n    at Function.listen (D:\\BackendWorkspace\\nodeProject\\node_modules\\express\\lib\\application.js:635:24)\n    at Object.<anonymous> (D:\\BackendWorkspace\\nodeProject\\src\\/index.js:37:5)\n    at Module._compile (node:internal/modules/cjs/loader:1358:14)\n    at Module._compile (D:\\BackendWorkspace\\nodeProject\\node_modules\\pirates\\lib\\index.js:117:24)\n    at Module._extensions..js (node:internal/modules/cjs/loader:1416:10)\n    at Object.newLoader [as .js] (D:\\BackendWorkspace\\nodeProject\\node_modules\\pirates\\lib\\index.js:121:7)\n    at Module.load (node:internal/modules/cjs/loader:1208:32)\n    at Function.Module._load (node:internal/modules/cjs/loader:1024:12)\n    at Function.runMain (node:internal/modules/run_main:174:12)\n    at Object.<anonymous> (D:\\BackendWorkspace\\nodeProject\\node_modules\\@babel\\node\\src\\_babel-node.ts:159:12)\n    at Module._compile (node:internal/modules/cjs/loader:1358:14)\n    at Object.Module._extensions..js (node:internal/modules/cjs/loader:1416:10)\n    at Module.load (node:internal/modules/cjs/loader:1208:32)\n    at Function.Module._load (node:internal/modules/cjs/loader:1024:12)\n    at Function.executeUserEntryPoint [as runMain] (node:internal/modules/run_main:174:12)\n    at node:internal/main/run_main_module:28:49","trace":[{"column":16,"file":"node:net","function":"Server.setupListenHandle [as _listen2]","line":1904,"method":"setupListenHandle [as _listen2]","native":false},{"column":12,"file":"node:net","function":"listenInCluster","line":1961,"method":null,"native":false},{"column":7,"file":"node:net","function":"Server.listen","line":2063,"method":"listen","native":false},{"column":24,"file":"D:\\BackendWorkspace\\nodeProject\\node_modules\\express\\lib\\application.js","function":"Function.listen","line":635,"method":"listen","native":false},{"column":5,"file":"D:\\BackendWorkspace\\nodeProject\\src\\/index.js","function":null,"line":37,"method":null,"native":false},{"column":14,"file":"node:internal/modules/cjs/loader","function":"Module._compile","line":1358,"method":"_compile","native":false},{"column":24,"file":"D:\\BackendWorkspace\\nodeProject\\node_modules\\pirates\\lib\\index.js","function":"Module._compile","line":117,"method":"_compile","native":false},{"column":10,"file":"node:internal/modules/cjs/loader","function":"Module._extensions..js","line":1416,"method":".js","native":false},{"column":7,"file":"D:\\BackendWorkspace\\nodeProject\\node_modules\\pirates\\lib\\index.js","function":"Object.newLoader [as .js]","line":121,"method":"js]","native":false},{"column":32,"file":"node:internal/modules/cjs/loader","function":"Module.load","line":1208,"method":"load","native":false},{"column":12,"file":"node:internal/modules/cjs/loader","function":"Module._load","line":1024,"method":"_load","native":false},{"column":12,"file":"node:internal/modules/run_main","function":"Function.runMain","line":174,"method":"runMain","native":false},{"column":12,"file":"D:\\BackendWorkspace\\nodeProject\\node_modules\\@babel\\node\\src\\_babel-node.ts","function":null,"line":159,"method":null,"native":false},{"column":14,"file":"node:internal/modules/cjs/loader","function":"Module._compile","line":1358,"method":"_compile","native":false},{"column":10,"file":"node:internal/modules/cjs/loader","function":"Module._extensions..js","line":1416,"method":".js","native":false},{"column":32,"file":"node:internal/modules/cjs/loader","function":"Module.load","line":1208,"method":"load","native":false},{"column":12,"file":"node:internal/modules/cjs/loader","function":"Module._load","line":1024,"method":"_load","native":false},{"column":12,"file":"node:internal/modules/run_main","function":"Function.executeUserEntryPoint [as runMain]","line":174,"method":"executeUserEntryPoint [as runMain]","native":false},{"column":49,"file":"node:internal/main/run_main_module","function":null,"line":28,"method":null,"native":false}]}
info: ::1 - - [18/Oct/2024:09:06:51 +0000] "POST /api/v1/notes/create HTTP/1.1" 201 189 "-" "PostmanRuntime/7.42.0"

info: ::1 - - [18/Oct/2024:09:12:48 +0000] "POST /api/v1/users HTTP/1.1" 500 48 "-" "PostmanRuntime/7.42.0"

info: ::1 - - [18/Oct/2024:09:13:05 +0000] "POST /api/v1/users HTTP/1.1" 201 322 "-" "PostmanRuntime/7.42.0"

info: ::1 - - [18/Oct/2024:09:13:17 +0000] "POST /api/v1/users HTTP/1.1" 500 48 "-" "PostmanRuntime/7.42.0"

info: ::1 - - [18/Oct/2024:09:20:52 +0000] "POST /api/v1/users HTTP/1.1" 500 48 "-" "PostmanRuntime/7.42.0"

info: ::1 - - [18/Oct/2024:09:20:54 +0000] "POST /api/v1/users HTTP/1.1" 500 48 "-" "PostmanRuntime/7.42.0"

info: ::1 - - [18/Oct/2024:09:22:59 +0000] "POST /api/v1/users HTTP/1.1" 500 48 "-" "PostmanRuntime/7.42.0"

info: ::1 - - [18/Oct/2024:09:23:05 +0000] "POST /api/v1/users/ HTTP/1.1" 500 48 "-" "PostmanRuntime/7.42.0"

info: ::1 - - [18/Oct/2024:09:25:26 +0000] "POST /api/v1/users/ HTTP/1.1" 500 48 "-" "PostmanRuntime/7.42.0"

info: ::1 - - [18/Oct/2024:09:25:28 +0000] "POST /api/v1/users/ HTTP/1.1" 500 48 "-" "PostmanRuntime/7.42.0"

info: ::1 - - [18/Oct/2024:09:27:47 +0000] "POST /api/v1/users/ HTTP/1.1" 500 48 "-" "PostmanRuntime/7.42.0"

info: ::1 - - [18/Oct/2024:09:33:02 +0000] "POST /api/v1/users/ HTTP/1.1" 500 48 "-" "PostmanRuntime/7.42.0"

info: ::1 - - [18/Oct/2024:09:33:27 +0000] "POST /api/v1/users/ HTTP/1.1" 500 48 "-" "PostmanRuntime/7.42.0"

info: ::1 - - [18/Oct/2024:10:35:30 +0000] "POST /api/v1/users/ HTTP/1.1" 500 48 "-" "PostmanRuntime/7.42.0"

info: ::1 - - [18/Oct/2024:10:41:40 +0000] "POST /api/v1/users/ HTTP/1.1" 200 855 "-" "PostmanRuntime/7.42.0"

info: ::1 - - [18/Oct/2024:10:43:56 +0000] "POST /api/v1/users/ HTTP/1.1" 200 2 "-" "PostmanRuntime/7.42.0"

info: ::1 - - [18/Oct/2024:10:44:42 +0000] "POST /api/v1/users/ HTTP/1.1" 200 2 "-" "PostmanRuntime/7.42.0"

info: ::1 - - [18/Oct/2024:10:45:28 +0000] "POST /api/v1/users/ HTTP/1.1" 200 2 "-" "PostmanRuntime/7.42.0"

info: ::1 - - [18/Oct/2024:10:48:57 +0000] "POST /api/v1/users/ HTTP/1.1" 201 322 "-" "PostmanRuntime/7.42.0"

info: ::1 - - [18/Oct/2024:11:14:25 +0000] "POST /api/v1/users/login HTTP/1.1" 500 48 "-" "PostmanRuntime/7.42.0"

info: ::1 - - [18/Oct/2024:11:16:31 +0000] "POST /api/v1/users/login HTTP/1.1" 500 48 "-" "PostmanRuntime/7.42.0"

info: ::1 - - [18/Oct/2024:11:17:24 +0000] "POST /api/v1/users/login HTTP/1.1" 200 299 "-" "PostmanRuntime/7.42.0"

info: ::1 - - [18/Oct/2024:11:23:43 +0000] "POST /api/v1/users/login HTTP/1.1" 200 506 "-" "PostmanRuntime/7.42.0"

info: ::1 - - [21/Oct/2024:09:07:36 +0000] "POST /api/v1/users/login HTTP/1.1" 403 27 "-" "PostmanRuntime/7.42.0"

info: ::1 - - [21/Oct/2024:09:12:21 +0000] "POST /api/v1/users/login HTTP/1.1" 403 27 "-" "PostmanRuntime/7.42.0"

info: ::1 - - [21/Oct/2024:09:13:38 +0000] "POST /api/v1/users/login HTTP/1.1" 200 506 "-" "PostmanRuntime/7.42.0"

info: ::1 - - [21/Oct/2024:09:14:25 +0000] "POST /api/v1/users/login HTTP/1.1" 403 27 "-" "PostmanRuntime/7.42.0"

info: ::1 - - [21/Oct/2024:09:15:12 +0000] "POST /api/v1/users/login HTTP/1.1" 401 31 "-" "PostmanRuntime/7.42.0"

info: ::1 - - [21/Oct/2024:09:15:25 +0000] "POST /api/v1/users/login HTTP/1.1" 403 27 "-" "PostmanRuntime/7.42.0"

info: ::1 - - [21/Oct/2024:09:17:59 +0000] "POST /api/v1/users/login HTTP/1.1" 200 506 "-" "PostmanRuntime/7.42.0"

info: ::1 - - [21/Oct/2024:09:18:37 +0000] "POST /api/v1/users/login HTTP/1.1" 200 506 "-" "PostmanRuntime/7.42.0"

info: ::1 - - [21/Oct/2024:09:18:39 +0000] "POST /api/v1/users/login HTTP/1.1" 200 506 "-" "PostmanRuntime/7.42.0"

info: ::1 - - [21/Oct/2024:09:19:19 +0000] "POST /api/v1/users/login HTTP/1.1" 200 506 "-" "PostmanRuntime/7.42.0"

info: ::1 - - [21/Oct/2024:09:20:07 +0000] "POST /api/v1/users HTTP/1.1" 401 54 "-" "PostmanRuntime/7.42.0"

info: ::1 - - [21/Oct/2024:09:21:35 +0000] "POST /api/v1/users HTTP/1.1" 400 58 "-" "PostmanRuntime/7.42.0"

info: ::1 - - [21/Oct/2024:09:22:38 +0000] "POST /api/v1/users/login HTTP/1.1" 200 506 "-" "PostmanRuntime/7.42.0"

info: ::1 - - [21/Oct/2024:09:30:40 +0000] "POST /api/v1/users/login HTTP/1.1" 200 506 "-" "PostmanRuntime/7.42.0"

error: uncaughtException: swagger is not defined
ReferenceError: swagger is not defined
    at Object.<anonymous> (D:\BackendWorkspace\nodeProject\src\/index.js:31:22)
    at Module._compile (node:internal/modules/cjs/loader:1358:14)
    at Module._compile (D:\BackendWorkspace\nodeProject\node_modules\pirates\lib\index.js:117:24)
    at Module._extensions..js (node:internal/modules/cjs/loader:1416:10)
    at Object.newLoader [as .js] (D:\BackendWorkspace\nodeProject\node_modules\pirates\lib\index.js:121:7)
    at Module.load (node:internal/modules/cjs/loader:1208:32)
    at Function.Module._load (node:internal/modules/cjs/loader:1024:12)
    at Function.runMain (node:internal/modules/run_main:174:12)
    at Object.<anonymous> (D:\BackendWorkspace\nodeProject\node_modules\@babel\node\src\_babel-node.ts:159:12)
    at Module._compile (node:internal/modules/cjs/loader:1358:14)
    at Object.Module._extensions..js (node:internal/modules/cjs/loader:1416:10)
    at Module.load (node:internal/modules/cjs/loader:1208:32)
    at Function.Module._load (node:internal/modules/cjs/loader:1024:12)
    at Function.executeUserEntryPoint [as runMain] (node:internal/modules/run_main:174:12)
    at node:internal/main/run_main_module:28:49 {"date":"Mon Oct 21 2024 15:37:00 GMT+0530 (India Standard Time)","error":{},"exception":true,"os":{"loadavg":[0,0,0],"uptime":263037.265},"process":{"argv":["node","D:\\BackendWorkspace\\nodeProject\\src\\index.js"],"cwd":"D:\\BackendWorkspace\\nodeProject","execPath":"C:\\Program Files\\nodejs\\node.exe","gid":null,"memoryUsage":{"arrayBuffers":18289017,"external":21257196,"heapTotal":81297408,"heapUsed":46127112,"rss":120733696},"pid":19620,"uid":null,"version":"v20.16.0"},"stack":"ReferenceError: swagger is not defined\n    at Object.<anonymous> (D:\\BackendWorkspace\\nodeProject\\src\\/index.js:31:22)\n    at Module._compile (node:internal/modules/cjs/loader:1358:14)\n    at Module._compile (D:\\BackendWorkspace\\nodeProject\\node_modules\\pirates\\lib\\index.js:117:24)\n    at Module._extensions..js (node:internal/modules/cjs/loader:1416:10)\n    at Object.newLoader [as .js] (D:\\BackendWorkspace\\nodeProject\\node_modules\\pirates\\lib\\index.js:121:7)\n    at Module.load (node:internal/modules/cjs/loader:1208:32)\n    at Function.Module._load (node:internal/modules/cjs/loader:1024:12)\n    at Function.runMain (node:internal/modules/run_main:174:12)\n    at Object.<anonymous> (D:\\BackendWorkspace\\nodeProject\\node_modules\\@babel\\node\\src\\_babel-node.ts:159:12)\n    at Module._compile (node:internal/modules/cjs/loader:1358:14)\n    at Object.Module._extensions..js (node:internal/modules/cjs/loader:1416:10)\n    at Module.load (node:internal/modules/cjs/loader:1208:32)\n    at Function.Module._load (node:internal/modules/cjs/loader:1024:12)\n    at Function.executeUserEntryPoint [as runMain] (node:internal/modules/run_main:174:12)\n    at node:internal/main/run_main_module:28:49","trace":[{"column":22,"file":"D:\\BackendWorkspace\\nodeProject\\src\\/index.js","function":null,"line":31,"method":null,"native":false},{"column":14,"file":"node:internal/modules/cjs/loader","function":"Module._compile","line":1358,"method":"_compile","native":false},{"column":24,"file":"D:\\BackendWorkspace\\nodeProject\\node_modules\\pirates\\lib\\index.js","function":"Module._compile","line":117,"method":"_compile","native":false},{"column":10,"file":"node:internal/modules/cjs/loader","function":"Module._extensions..js","line":1416,"method":".js","native":false},{"column":7,"file":"D:\\BackendWorkspace\\nodeProject\\node_modules\\pirates\\lib\\index.js","function":"Object.newLoader [as .js]","line":121,"method":"js]","native":false},{"column":32,"file":"node:internal/modules/cjs/loader","function":"Module.load","line":1208,"method":"load","native":false},{"column":12,"file":"node:internal/modules/cjs/loader","function":"Module._load","line":1024,"method":"_load","native":false},{"column":12,"file":"node:internal/modules/run_main","function":"Function.runMain","line":174,"method":"runMain","native":false},{"column":12,"file":"D:\\BackendWorkspace\\nodeProject\\node_modules\\@babel\\node\\src\\_babel-node.ts","function":null,"line":159,"method":null,"native":false},{"column":14,"file":"node:internal/modules/cjs/loader","function":"Module._compile","line":1358,"method":"_compile","native":false},{"column":10,"file":"node:internal/modules/cjs/loader","function":"Module._extensions..js","line":1416,"method":".js","native":false},{"column":32,"file":"node:internal/modules/cjs/loader","function":"Module.load","line":1208,"method":"load","native":false},{"column":12,"file":"node:internal/modules/cjs/loader","function":"Module._load","line":1024,"method":"_load","native":false},{"column":12,"file":"node:internal/modules/run_main","function":"Function.executeUserEntryPoint [as runMain]","line":174,"method":"executeUserEntryPoint [as runMain]","native":false},{"column":49,"file":"node:internal/main/run_main_module","function":null,"line":28,"method":null,"native":false}]}
info: ::1 - - [21/Oct/2024:10:07:31 +0000] "GET /api-docs HTTP/1.1" 301 158 "-" "Mozilla/5.0 (Windows NT 10.0; Win64; x64) AppleWebKit/537.36 (KHTML, like Gecko) Chrome/129.0.0.0 Safari/537.36"

info: ::1 - - [21/Oct/2024:10:07:31 +0000] "GET /api-docs/ HTTP/1.1" 200 3106 "-" "Mozilla/5.0 (Windows NT 10.0; Win64; x64) AppleWebKit/537.36 (KHTML, like Gecko) Chrome/129.0.0.0 Safari/537.36"

info: ::1 - - [21/Oct/2024:10:07:31 +0000] "GET /api-docs/swagger-ui-init.js HTTP/1.1" 200 1425 "-" "Mozilla/5.0 (Windows NT 10.0; Win64; x64) AppleWebKit/537.36 (KHTML, like Gecko) Chrome/129.0.0.0 Safari/537.36"

info: ::1 - - [21/Oct/2024:10:07:31 +0000] "GET /api-docs/swagger-ui.css HTTP/1.1" 200 152071 "-" "Mozilla/5.0 (Windows NT 10.0; Win64; x64) AppleWebKit/537.36 (KHTML, like Gecko) Chrome/129.0.0.0 Safari/537.36"

info: ::1 - - [21/Oct/2024:10:07:31 +0000] "GET /api-docs/swagger-ui-standalone-preset.js HTTP/1.1" 200 230293 "-" "Mozilla/5.0 (Windows NT 10.0; Win64; x64) AppleWebKit/537.36 (KHTML, like Gecko) Chrome/129.0.0.0 Safari/537.36"

info: ::1 - - [21/Oct/2024:10:07:31 +0000] "GET /api-docs/swagger-ui-bundle.js HTTP/1.1" 200 1452753 "-" "Mozilla/5.0 (Windows NT 10.0; Win64; x64) AppleWebKit/537.36 (KHTML, like Gecko) Chrome/129.0.0.0 Safari/537.36"

info: ::1 - - [21/Oct/2024:10:07:32 +0000] "GET / HTTP/1.1" 404 47 "-" "Mozilla/5.0 (Windows NT 10.0; Win64; x64) AppleWebKit/537.36 (KHTML, like Gecko) Chrome/129.0.0.0 Safari/537.36"

info: ::1 - - [21/Oct/2024:10:07:32 +0000] "GET /api-docs/favicon-32x32.png HTTP/1.1" 200 628 "-" "Mozilla/5.0 (Windows NT 10.0; Win64; x64) AppleWebKit/537.36 (KHTML, like Gecko) Chrome/129.0.0.0 Safari/537.36"

info: ::1 - - [21/Oct/2024:12:40:06 +0000] "GET / HTTP/1.1" 404 47 "-" "Mozilla/5.0 (Windows NT 10.0; Win64; x64) AppleWebKit/537.36 (KHTML, like Gecko) Chrome/129.0.0.0 Safari/537.36"

info: ::1 - - [21/Oct/2024:12:40:06 +0000] "GET /favicon.ico HTTP/1.1" 404 47 "-" "Mozilla/5.0 (Windows NT 10.0; Win64; x64) AppleWebKit/537.36 (KHTML, like Gecko) Chrome/129.0.0.0 Safari/537.36"

info: ::1 - - [21/Oct/2024:12:40:12 +0000] "GET /api-docs/ HTTP/1.1" 304 - "-" "Mozilla/5.0 (Windows NT 10.0; Win64; x64) AppleWebKit/537.36 (KHTML, like Gecko) Chrome/129.0.0.0 Safari/537.36"

info: ::1 - - [21/Oct/2024:12:40:12 +0000] "GET /api-docs/swagger-ui.css HTTP/1.1" 304 - "-" "Mozilla/5.0 (Windows NT 10.0; Win64; x64) AppleWebKit/537.36 (KHTML, like Gecko) Chrome/129.0.0.0 Safari/537.36"

info: ::1 - - [21/Oct/2024:12:40:12 +0000] "GET /api-docs/swagger-ui-init.js HTTP/1.1" 200 1605 "-" "Mozilla/5.0 (Windows NT 10.0; Win64; x64) AppleWebKit/537.36 (KHTML, like Gecko) Chrome/129.0.0.0 Safari/537.36"

info: ::1 - - [21/Oct/2024:12:40:12 +0000] "GET /api-docs/swagger-ui-bundle.js HTTP/1.1" 304 - "-" "Mozilla/5.0 (Windows NT 10.0; Win64; x64) AppleWebKit/537.36 (KHTML, like Gecko) Chrome/129.0.0.0 Safari/537.36"

info: ::1 - - [21/Oct/2024:12:40:12 +0000] "GET /api-docs/swagger-ui-standalone-preset.js HTTP/1.1" 304 - "-" "Mozilla/5.0 (Windows NT 10.0; Win64; x64) AppleWebKit/537.36 (KHTML, like Gecko) Chrome/129.0.0.0 Safari/537.36"

info: ::1 - - [21/Oct/2024:12:41:27 +0000] "GET /api-docs/ HTTP/1.1" 304 - "-" "Mozilla/5.0 (Windows NT 10.0; Win64; x64) AppleWebKit/537.36 (KHTML, like Gecko) Chrome/129.0.0.0 Safari/537.36"

info: ::1 - - [21/Oct/2024:12:41:27 +0000] "GET /api-docs/swagger-ui.css HTTP/1.1" 304 - "-" "Mozilla/5.0 (Windows NT 10.0; Win64; x64) AppleWebKit/537.36 (KHTML, like Gecko) Chrome/129.0.0.0 Safari/537.36"

info: ::1 - - [21/Oct/2024:12:41:27 +0000] "GET /api-docs/swagger-ui-bundle.js HTTP/1.1" 304 - "-" "Mozilla/5.0 (Windows NT 10.0; Win64; x64) AppleWebKit/537.36 (KHTML, like Gecko) Chrome/129.0.0.0 Safari/537.36"

info: ::1 - - [21/Oct/2024:12:41:27 +0000] "GET /api-docs/swagger-ui-standalone-preset.js HTTP/1.1" 304 - "-" "Mozilla/5.0 (Windows NT 10.0; Win64; x64) AppleWebKit/537.36 (KHTML, like Gecko) Chrome/129.0.0.0 Safari/537.36"

info: ::1 - - [21/Oct/2024:12:41:27 +0000] "GET /api-docs/swagger-ui-init.js HTTP/1.1" 304 - "-" "Mozilla/5.0 (Windows NT 10.0; Win64; x64) AppleWebKit/537.36 (KHTML, like Gecko) Chrome/129.0.0.0 Safari/537.36"

info: ::1 - - [21/Oct/2024:12:41:27 +0000] "GET /api-docs/favicon-32x32.png HTTP/1.1" 304 - "-" "Mozilla/5.0 (Windows NT 10.0; Win64; x64) AppleWebKit/537.36 (KHTML, like Gecko) Chrome/129.0.0.0 Safari/537.36"

info: ::1 - - [21/Oct/2024:12:41:29 +0000] "GET /api-docs/ HTTP/1.1" 304 - "-" "Mozilla/5.0 (Windows NT 10.0; Win64; x64) AppleWebKit/537.36 (KHTML, like Gecko) Chrome/129.0.0.0 Safari/537.36"

info: ::ffff:127.0.0.1 - - [21/Oct/2024:12:41:29 +0000] "GET /api-docs/swagger-ui-init.js HTTP/1.1" 304 - "-" "Mozilla/5.0 (Windows NT 10.0; Win64; x64) AppleWebKit/537.36 (KHTML, like Gecko) Chrome/129.0.0.0 Safari/537.36"

info: ::1 - - [21/Oct/2024:12:41:29 +0000] "GET /api-docs/swagger-ui.css HTTP/1.1" 304 - "-" "Mozilla/5.0 (Windows NT 10.0; Win64; x64) AppleWebKit/537.36 (KHTML, like Gecko) Chrome/129.0.0.0 Safari/537.36"

info: ::1 - - [21/Oct/2024:12:41:29 +0000] "GET /api-docs/swagger-ui-bundle.js HTTP/1.1" 304 - "-" "Mozilla/5.0 (Windows NT 10.0; Win64; x64) AppleWebKit/537.36 (KHTML, like Gecko) Chrome/129.0.0.0 Safari/537.36"

info: ::1 - - [21/Oct/2024:12:41:29 +0000] "GET /api-docs/swagger-ui-standalone-preset.js HTTP/1.1" 304 - "-" "Mozilla/5.0 (Windows NT 10.0; Win64; x64) AppleWebKit/537.36 (KHTML, like Gecko) Chrome/129.0.0.0 Safari/537.36"

info: ::1 - - [21/Oct/2024:12:41:29 +0000] "GET /api-docs/favicon-32x32.png HTTP/1.1" 304 - "-" "Mozilla/5.0 (Windows NT 10.0; Win64; x64) AppleWebKit/537.36 (KHTML, like Gecko) Chrome/129.0.0.0 Safari/537.36"

info: ::1 - - [21/Oct/2024:12:41:58 +0000] "GET /api-docs/ HTTP/1.1" 304 - "-" "Mozilla/5.0 (Windows NT 10.0; Win64; x64) AppleWebKit/537.36 (KHTML, like Gecko) Chrome/129.0.0.0 Safari/537.36"

info: ::1 - - [21/Oct/2024:12:41:58 +0000] "GET /api-docs/swagger-ui.css HTTP/1.1" 304 - "-" "Mozilla/5.0 (Windows NT 10.0; Win64; x64) AppleWebKit/537.36 (KHTML, like Gecko) Chrome/129.0.0.0 Safari/537.36"

info: ::1 - - [21/Oct/2024:12:41:58 +0000] "GET /api-docs/swagger-ui-bundle.js HTTP/1.1" 304 - "-" "Mozilla/5.0 (Windows NT 10.0; Win64; x64) AppleWebKit/537.36 (KHTML, like Gecko) Chrome/129.0.0.0 Safari/537.36"

info: ::1 - - [21/Oct/2024:12:41:58 +0000] "GET /api-docs/swagger-ui-init.js HTTP/1.1" 304 - "-" "Mozilla/5.0 (Windows NT 10.0; Win64; x64) AppleWebKit/537.36 (KHTML, like Gecko) Chrome/129.0.0.0 Safari/537.36"

info: ::1 - - [21/Oct/2024:12:41:58 +0000] "GET /api-docs/swagger-ui-standalone-preset.js HTTP/1.1" 304 - "-" "Mozilla/5.0 (Windows NT 10.0; Win64; x64) AppleWebKit/537.36 (KHTML, like Gecko) Chrome/129.0.0.0 Safari/537.36"

info: ::1 - - [21/Oct/2024:12:41:58 +0000] "GET /api-docs/favicon-32x32.png HTTP/1.1" 304 - "-" "Mozilla/5.0 (Windows NT 10.0; Win64; x64) AppleWebKit/537.36 (KHTML, like Gecko) Chrome/129.0.0.0 Safari/537.36"

info: ::1 - - [21/Oct/2024:12:42:00 +0000] "GET /api-docs/ HTTP/1.1" 304 - "-" "Mozilla/5.0 (Windows NT 10.0; Win64; x64) AppleWebKit/537.36 (KHTML, like Gecko) Chrome/129.0.0.0 Safari/537.36"

info: ::1 - - [21/Oct/2024:12:42:00 +0000] "GET /api-docs/swagger-ui-init.js HTTP/1.1" 304 - "-" "Mozilla/5.0 (Windows NT 10.0; Win64; x64) AppleWebKit/537.36 (KHTML, like Gecko) Chrome/129.0.0.0 Safari/537.36"

info: ::1 - - [21/Oct/2024:12:42:00 +0000] "GET /api-docs/swagger-ui.css HTTP/1.1" 304 - "-" "Mozilla/5.0 (Windows NT 10.0; Win64; x64) AppleWebKit/537.36 (KHTML, like Gecko) Chrome/129.0.0.0 Safari/537.36"

info: ::1 - - [21/Oct/2024:12:42:00 +0000] "GET /api-docs/swagger-ui-bundle.js HTTP/1.1" 304 - "-" "Mozilla/5.0 (Windows NT 10.0; Win64; x64) AppleWebKit/537.36 (KHTML, like Gecko) Chrome/129.0.0.0 Safari/537.36"

info: ::1 - - [21/Oct/2024:12:42:00 +0000] "GET /api-docs/swagger-ui-standalone-preset.js HTTP/1.1" 304 - "-" "Mozilla/5.0 (Windows NT 10.0; Win64; x64) AppleWebKit/537.36 (KHTML, like Gecko) Chrome/129.0.0.0 Safari/537.36"

info: ::1 - - [21/Oct/2024:12:42:00 +0000] "GET /api-docs/favicon-32x32.png HTTP/1.1" 304 - "-" "Mozilla/5.0 (Windows NT 10.0; Win64; x64) AppleWebKit/537.36 (KHTML, like Gecko) Chrome/129.0.0.0 Safari/537.36"

info: ::1 - - [21/Oct/2024:12:42:46 +0000] "GET /api-docs/ HTTP/1.1" 304 - "-" "Mozilla/5.0 (Windows NT 10.0; Win64; x64) AppleWebKit/537.36 (KHTML, like Gecko) Chrome/129.0.0.0 Safari/537.36"

info: ::1 - - [21/Oct/2024:12:42:46 +0000] "GET /api-docs/swagger-ui.css HTTP/1.1" 304 - "-" "Mozilla/5.0 (Windows NT 10.0; Win64; x64) AppleWebKit/537.36 (KHTML, like Gecko) Chrome/129.0.0.0 Safari/537.36"

info: ::1 - - [21/Oct/2024:12:42:46 +0000] "GET /api-docs/swagger-ui-bundle.js HTTP/1.1" 304 - "-" "Mozilla/5.0 (Windows NT 10.0; Win64; x64) AppleWebKit/537.36 (KHTML, like Gecko) Chrome/129.0.0.0 Safari/537.36"

info: ::1 - - [21/Oct/2024:12:42:46 +0000] "GET /api-docs/swagger-ui-standalone-preset.js HTTP/1.1" 304 - "-" "Mozilla/5.0 (Windows NT 10.0; Win64; x64) AppleWebKit/537.36 (KHTML, like Gecko) Chrome/129.0.0.0 Safari/537.36"

info: ::1 - - [21/Oct/2024:12:42:46 +0000] "GET /api-docs/swagger-ui-init.js HTTP/1.1" 200 1889 "-" "Mozilla/5.0 (Windows NT 10.0; Win64; x64) AppleWebKit/537.36 (KHTML, like Gecko) Chrome/129.0.0.0 Safari/537.36"

info: ::1 - - [21/Oct/2024:12:42:46 +0000] "GET /api-docs/favicon-32x32.png HTTP/1.1" 304 - "-" "Mozilla/5.0 (Windows NT 10.0; Win64; x64) AppleWebKit/537.36 (KHTML, like Gecko) Chrome/129.0.0.0 Safari/537.36"

info: ::1 - - [21/Oct/2024:12:44:11 +0000] "GET /api-docs/ HTTP/1.1" 304 - "-" "Mozilla/5.0 (Windows NT 10.0; Win64; x64) AppleWebKit/537.36 (KHTML, like Gecko) Chrome/129.0.0.0 Safari/537.36"

info: ::1 - - [21/Oct/2024:12:44:11 +0000] "GET /api-docs/swagger-ui.css HTTP/1.1" 304 - "-" "Mozilla/5.0 (Windows NT 10.0; Win64; x64) AppleWebKit/537.36 (KHTML, like Gecko) Chrome/129.0.0.0 Safari/537.36"

info: ::1 - - [21/Oct/2024:12:44:11 +0000] "GET /api-docs/swagger-ui-bundle.js HTTP/1.1" 304 - "-" "Mozilla/5.0 (Windows NT 10.0; Win64; x64) AppleWebKit/537.36 (KHTML, like Gecko) Chrome/129.0.0.0 Safari/537.36"

info: ::1 - - [21/Oct/2024:12:44:11 +0000] "GET /api-docs/swagger-ui-init.js HTTP/1.1" 200 2019 "-" "Mozilla/5.0 (Windows NT 10.0; Win64; x64) AppleWebKit/537.36 (KHTML, like Gecko) Chrome/129.0.0.0 Safari/537.36"

info: ::1 - - [21/Oct/2024:12:44:11 +0000] "GET /api-docs/swagger-ui-standalone-preset.js HTTP/1.1" 304 - "-" "Mozilla/5.0 (Windows NT 10.0; Win64; x64) AppleWebKit/537.36 (KHTML, like Gecko) Chrome/129.0.0.0 Safari/537.36"

info: ::1 - - [21/Oct/2024:12:44:11 +0000] "GET /api-docs/favicon-32x32.png HTTP/1.1" 304 - "-" "Mozilla/5.0 (Windows NT 10.0; Win64; x64) AppleWebKit/537.36 (KHTML, like Gecko) Chrome/129.0.0.0 Safari/537.36"

info: ::1 - - [21/Oct/2024:12:44:50 +0000] "GET /api-docs/ HTTP/1.1" 200 3106 "-" "Mozilla/5.0 (Windows NT 10.0; Win64; x64) AppleWebKit/537.36 (KHTML, like Gecko) Chrome/129.0.0.0 Safari/537.36"

info: ::1 - - [21/Oct/2024:12:44:50 +0000] "GET /api-docs/swagger-ui.css HTTP/1.1" 304 - "-" "Mozilla/5.0 (Windows NT 10.0; Win64; x64) AppleWebKit/537.36 (KHTML, like Gecko) Chrome/129.0.0.0 Safari/537.36"

info: ::1 - - [21/Oct/2024:12:44:50 +0000] "GET /api-docs/swagger-ui-bundle.js HTTP/1.1" 304 - "-" "Mozilla/5.0 (Windows NT 10.0; Win64; x64) AppleWebKit/537.36 (KHTML, like Gecko) Chrome/129.0.0.0 Safari/537.36"

info: ::ffff:127.0.0.1 - - [21/Oct/2024:12:44:50 +0000] "GET /api-docs/swagger-ui-standalone-preset.js HTTP/1.1" 304 - "-" "Mozilla/5.0 (Windows NT 10.0; Win64; x64) AppleWebKit/537.36 (KHTML, like Gecko) Chrome/129.0.0.0 Safari/537.36"

info: ::1 - - [21/Oct/2024:12:44:50 +0000] "GET /api-docs/swagger-ui-init.js HTTP/1.1" 304 - "-" "Mozilla/5.0 (Windows NT 10.0; Win64; x64) AppleWebKit/537.36 (KHTML, like Gecko) Chrome/129.0.0.0 Safari/537.36"

info: ::1 - - [21/Oct/2024:12:44:50 +0000] "GET /api-docs/favicon-32x32.png HTTP/1.1" 304 - "-" "Mozilla/5.0 (Windows NT 10.0; Win64; x64) AppleWebKit/537.36 (KHTML, like Gecko) Chrome/129.0.0.0 Safari/537.36"

info: ::1 - - [22/Oct/2024:06:20:07 +0000] "GET /api-docs/ HTTP/1.1" 304 - "-" "Mozilla/5.0 (Windows NT 10.0; Win64; x64) AppleWebKit/537.36 (KHTML, like Gecko) Chrome/129.0.0.0 Safari/537.36"

info: ::1 - - [22/Oct/2024:06:20:07 +0000] "GET /api-docs/swagger-ui.css HTTP/1.1" 304 - "-" "Mozilla/5.0 (Windows NT 10.0; Win64; x64) AppleWebKit/537.36 (KHTML, like Gecko) Chrome/129.0.0.0 Safari/537.36"

info: ::1 - - [22/Oct/2024:06:20:07 +0000] "GET /api-docs/swagger-ui-init.js HTTP/1.1" 304 - "-" "Mozilla/5.0 (Windows NT 10.0; Win64; x64) AppleWebKit/537.36 (KHTML, like Gecko) Chrome/129.0.0.0 Safari/537.36"

info: ::1 - - [22/Oct/2024:06:20:07 +0000] "GET /api-docs/swagger-ui-bundle.js HTTP/1.1" 304 - "-" "Mozilla/5.0 (Windows NT 10.0; Win64; x64) AppleWebKit/537.36 (KHTML, like Gecko) Chrome/129.0.0.0 Safari/537.36"

info: ::1 - - [22/Oct/2024:06:20:07 +0000] "GET /api-docs/swagger-ui-standalone-preset.js HTTP/1.1" 304 - "-" "Mozilla/5.0 (Windows NT 10.0; Win64; x64) AppleWebKit/537.36 (KHTML, like Gecko) Chrome/129.0.0.0 Safari/537.36"

info: ::1 - - [22/Oct/2024:06:20:37 +0000] "GET /api-docs/ HTTP/1.1" 304 - "-" "Mozilla/5.0 (Windows NT 10.0; Win64; x64) AppleWebKit/537.36 (KHTML, like Gecko) Chrome/129.0.0.0 Safari/537.36"

info: ::1 - - [22/Oct/2024:06:20:37 +0000] "GET /api-docs/swagger-ui.css HTTP/1.1" 304 - "-" "Mozilla/5.0 (Windows NT 10.0; Win64; x64) AppleWebKit/537.36 (KHTML, like Gecko) Chrome/129.0.0.0 Safari/537.36"

info: ::1 - - [22/Oct/2024:06:20:37 +0000] "GET /api-docs/swagger-ui-init.js HTTP/1.1" 200 3457 "-" "Mozilla/5.0 (Windows NT 10.0; Win64; x64) AppleWebKit/537.36 (KHTML, like Gecko) Chrome/129.0.0.0 Safari/537.36"

info: ::1 - - [22/Oct/2024:06:20:37 +0000] "GET /api-docs/swagger-ui-bundle.js HTTP/1.1" 304 - "-" "Mozilla/5.0 (Windows NT 10.0; Win64; x64) AppleWebKit/537.36 (KHTML, like Gecko) Chrome/129.0.0.0 Safari/537.36"

info: ::1 - - [22/Oct/2024:06:20:37 +0000] "GET /api-docs/swagger-ui-standalone-preset.js HTTP/1.1" 304 - "-" "Mozilla/5.0 (Windows NT 10.0; Win64; x64) AppleWebKit/537.36 (KHTML, like Gecko) Chrome/129.0.0.0 Safari/537.36"

info: ::1 - - [22/Oct/2024:06:20:37 +0000] "GET /api-docs/favicon-32x32.png HTTP/1.1" 304 - "-" "Mozilla/5.0 (Windows NT 10.0; Win64; x64) AppleWebKit/537.36 (KHTML, like Gecko) Chrome/129.0.0.0 Safari/537.36"

info: ::1 - - [22/Oct/2024:07:00:39 +0000] "POST /login HTTP/1.1" 404 47 "-" "Mozilla/5.0 (Windows NT 10.0; Win64; x64) AppleWebKit/537.36 (KHTML, like Gecko) Chrome/129.0.0.0 Safari/537.36"

info: ::1 - - [22/Oct/2024:07:00:59 +0000] "POST /login HTTP/1.1" 404 47 "-" "Mozilla/5.0 (Windows NT 10.0; Win64; x64) AppleWebKit/537.36 (KHTML, like Gecko) Chrome/129.0.0.0 Safari/537.36"

info: ::1 - - [22/Oct/2024:07:05:59 +0000] "GET /api-docs/ HTTP/1.1" 304 - "-" "Mozilla/5.0 (Windows NT 10.0; Win64; x64) AppleWebKit/537.36 (KHTML, like Gecko) Chrome/129.0.0.0 Safari/537.36"

info: ::1 - - [22/Oct/2024:07:05:59 +0000] "GET /api-docs/swagger-ui.css HTTP/1.1" 304 - "-" "Mozilla/5.0 (Windows NT 10.0; Win64; x64) AppleWebKit/537.36 (KHTML, like Gecko) Chrome/129.0.0.0 Safari/537.36"

info: ::1 - - [22/Oct/2024:07:05:59 +0000] "GET /api-docs/swagger-ui-init.js HTTP/1.1" 304 - "-" "Mozilla/5.0 (Windows NT 10.0; Win64; x64) AppleWebKit/537.36 (KHTML, like Gecko) Chrome/129.0.0.0 Safari/537.36"

info: ::1 - - [22/Oct/2024:07:05:59 +0000] "GET /api-docs/swagger-ui-bundle.js HTTP/1.1" 304 - "-" "Mozilla/5.0 (Windows NT 10.0; Win64; x64) AppleWebKit/537.36 (KHTML, like Gecko) Chrome/129.0.0.0 Safari/537.36"

info: ::1 - - [22/Oct/2024:07:05:59 +0000] "GET /api-docs/swagger-ui-standalone-preset.js HTTP/1.1" 304 - "-" "Mozilla/5.0 (Windows NT 10.0; Win64; x64) AppleWebKit/537.36 (KHTML, like Gecko) Chrome/129.0.0.0 Safari/537.36"

info: ::1 - - [22/Oct/2024:07:06:00 +0000] "GET /api-docs/favicon-32x32.png HTTP/1.1" 304 - "-" "Mozilla/5.0 (Windows NT 10.0; Win64; x64) AppleWebKit/537.36 (KHTML, like Gecko) Chrome/129.0.0.0 Safari/537.36"

info: ::1 - - [22/Oct/2024:07:06:01 +0000] "GET /api-docs/ HTTP/1.1" 304 - "-" "Mozilla/5.0 (Windows NT 10.0; Win64; x64) AppleWebKit/537.36 (KHTML, like Gecko) Chrome/129.0.0.0 Safari/537.36"

info: ::1 - - [22/Oct/2024:07:06:01 +0000] "GET /api-docs/swagger-ui-init.js HTTP/1.1" 304 - "-" "Mozilla/5.0 (Windows NT 10.0; Win64; x64) AppleWebKit/537.36 (KHTML, like Gecko) Chrome/129.0.0.0 Safari/537.36"

info: ::1 - - [22/Oct/2024:07:06:01 +0000] "GET /api-docs/swagger-ui.css HTTP/1.1" 304 - "-" "Mozilla/5.0 (Windows NT 10.0; Win64; x64) AppleWebKit/537.36 (KHTML, like Gecko) Chrome/129.0.0.0 Safari/537.36"

info: ::1 - - [22/Oct/2024:07:06:01 +0000] "GET /api-docs/swagger-ui-bundle.js HTTP/1.1" 304 - "-" "Mozilla/5.0 (Windows NT 10.0; Win64; x64) AppleWebKit/537.36 (KHTML, like Gecko) Chrome/129.0.0.0 Safari/537.36"

info: ::1 - - [22/Oct/2024:07:06:01 +0000] "GET /api-docs/swagger-ui-standalone-preset.js HTTP/1.1" 304 - "-" "Mozilla/5.0 (Windows NT 10.0; Win64; x64) AppleWebKit/537.36 (KHTML, like Gecko) Chrome/129.0.0.0 Safari/537.36"

info: ::1 - - [22/Oct/2024:07:06:01 +0000] "GET /api-docs/favicon-32x32.png HTTP/1.1" 304 - "-" "Mozilla/5.0 (Windows NT 10.0; Win64; x64) AppleWebKit/537.36 (KHTML, like Gecko) Chrome/129.0.0.0 Safari/537.36"

info: ::1 - - [22/Oct/2024:07:11:42 +0000] "GET /api-docs/ HTTP/1.1" 304 - "-" "Mozilla/5.0 (Windows NT 10.0; Win64; x64) AppleWebKit/537.36 (KHTML, like Gecko) Chrome/129.0.0.0 Safari/537.36"

info: ::1 - - [22/Oct/2024:07:11:42 +0000] "GET /api-docs/swagger-ui-init.js HTTP/1.1" 200 2019 "-" "Mozilla/5.0 (Windows NT 10.0; Win64; x64) AppleWebKit/537.36 (KHTML, like Gecko) Chrome/129.0.0.0 Safari/537.36"

info: ::1 - - [22/Oct/2024:07:11:42 +0000] "GET /api-docs/swagger-ui.css HTTP/1.1" 304 - "-" "Mozilla/5.0 (Windows NT 10.0; Win64; x64) AppleWebKit/537.36 (KHTML, like Gecko) Chrome/129.0.0.0 Safari/537.36"

info: ::1 - - [22/Oct/2024:07:11:42 +0000] "GET /api-docs/swagger-ui-bundle.js HTTP/1.1" 304 - "-" "Mozilla/5.0 (Windows NT 10.0; Win64; x64) AppleWebKit/537.36 (KHTML, like Gecko) Chrome/129.0.0.0 Safari/537.36"

info: ::1 - - [22/Oct/2024:07:11:42 +0000] "GET /api-docs/swagger-ui-standalone-preset.js HTTP/1.1" 304 - "-" "Mozilla/5.0 (Windows NT 10.0; Win64; x64) AppleWebKit/537.36 (KHTML, like Gecko) Chrome/129.0.0.0 Safari/537.36"

info: ::1 - - [22/Oct/2024:07:11:43 +0000] "GET /api-docs/favicon-32x32.png HTTP/1.1" 304 - "-" "Mozilla/5.0 (Windows NT 10.0; Win64; x64) AppleWebKit/537.36 (KHTML, like Gecko) Chrome/129.0.0.0 Safari/537.36"

info: ::1 - - [22/Oct/2024:07:12:13 +0000] "GET /api-docs/ HTTP/1.1" 304 - "-" "Mozilla/5.0 (Windows NT 10.0; Win64; x64) AppleWebKit/537.36 (KHTML, like Gecko) Chrome/129.0.0.0 Safari/537.36"

info: ::1 - - [22/Oct/2024:07:12:13 +0000] "GET /api-docs/favicon-32x32.png HTTP/1.1" 304 - "-" "Mozilla/5.0 (Windows NT 10.0; Win64; x64) AppleWebKit/537.36 (KHTML, like Gecko) Chrome/129.0.0.0 Safari/537.36"

info: ::1 - - [22/Oct/2024:07:12:13 +0000] "GET /api-docs/swagger-ui.css HTTP/1.1" 304 - "-" "Mozilla/5.0 (Windows NT 10.0; Win64; x64) AppleWebKit/537.36 (KHTML, like Gecko) Chrome/129.0.0.0 Safari/537.36"

info: ::1 - - [22/Oct/2024:07:12:13 +0000] "GET /api-docs/swagger-ui-bundle.js HTTP/1.1" 304 - "-" "Mozilla/5.0 (Windows NT 10.0; Win64; x64) AppleWebKit/537.36 (KHTML, like Gecko) Chrome/129.0.0.0 Safari/537.36"

info: ::1 - - [22/Oct/2024:07:12:13 +0000] "GET /api-docs/swagger-ui-standalone-preset.js HTTP/1.1" 304 - "-" "Mozilla/5.0 (Windows NT 10.0; Win64; x64) AppleWebKit/537.36 (KHTML, like Gecko) Chrome/129.0.0.0 Safari/537.36"

info: ::1 - - [22/Oct/2024:07:12:13 +0000] "GET /api-docs/swagger-ui-init.js HTTP/1.1" 200 3457 "-" "Mozilla/5.0 (Windows NT 10.0; Win64; x64) AppleWebKit/537.36 (KHTML, like Gecko) Chrome/129.0.0.0 Safari/537.36"

info: ::1 - - [22/Oct/2024:07:12:13 +0000] "GET /api-docs/favicon-16x16.png HTTP/1.1" 200 665 "-" "Mozilla/5.0 (Windows NT 10.0; Win64; x64) AppleWebKit/537.36 (KHTML, like Gecko) Chrome/129.0.0.0 Safari/537.36"

info: ::1 - - [22/Oct/2024:07:12:13 +0000] "GET /api-docs/favicon-32x32.png HTTP/1.1" 200 628 "-" "Mozilla/5.0 (Windows NT 10.0; Win64; x64) AppleWebKit/537.36 (KHTML, like Gecko) Chrome/129.0.0.0 Safari/537.36"

info: ::1 - - [22/Oct/2024:07:18:05 +0000] "GET /api-docs/ HTTP/1.1" 304 - "-" "Mozilla/5.0 (Windows NT 10.0; Win64; x64) AppleWebKit/537.36 (KHTML, like Gecko) Chrome/129.0.0.0 Safari/537.36"

info: ::1 - - [22/Oct/2024:07:18:05 +0000] "GET /api-docs/swagger-ui.css HTTP/1.1" 304 - "-" "Mozilla/5.0 (Windows NT 10.0; Win64; x64) AppleWebKit/537.36 (KHTML, like Gecko) Chrome/129.0.0.0 Safari/537.36"

info: ::1 - - [22/Oct/2024:07:18:05 +0000] "GET /api-docs/swagger-ui-bundle.js HTTP/1.1" 304 - "-" "Mozilla/5.0 (Windows NT 10.0; Win64; x64) AppleWebKit/537.36 (KHTML, like Gecko) Chrome/129.0.0.0 Safari/537.36"

info: ::1 - - [22/Oct/2024:07:18:05 +0000] "GET /api-docs/swagger-ui-standalone-preset.js HTTP/1.1" 304 - "-" "Mozilla/5.0 (Windows NT 10.0; Win64; x64) AppleWebKit/537.36 (KHTML, like Gecko) Chrome/129.0.0.0 Safari/537.36"

info: ::1 - - [22/Oct/2024:07:18:05 +0000] "GET /api-docs/swagger-ui-init.js HTTP/1.1" 200 4307 "-" "Mozilla/5.0 (Windows NT 10.0; Win64; x64) AppleWebKit/537.36 (KHTML, like Gecko) Chrome/129.0.0.0 Safari/537.36"

info: ::1 - - [22/Oct/2024:07:18:06 +0000] "GET /api-docs/favicon-32x32.png HTTP/1.1" 304 - "-" "Mozilla/5.0 (Windows NT 10.0; Win64; x64) AppleWebKit/537.36 (KHTML, like Gecko) Chrome/129.0.0.0 Safari/537.36"

info: ::1 - - [22/Oct/2024:07:18:17 +0000] "GET /get HTTP/1.1" 404 47 "-" "Mozilla/5.0 (Windows NT 10.0; Win64; x64) AppleWebKit/537.36 (KHTML, like Gecko) Chrome/129.0.0.0 Safari/537.36"

info: ::1 - - [22/Oct/2024:07:19:06 +0000] "GET /get HTTP/1.1" 404 47 "-" "Mozilla/5.0 (Windows NT 10.0; Win64; x64) AppleWebKit/537.36 (KHTML, like Gecko) Chrome/129.0.0.0 Safari/537.36"

info: ::1 - - [22/Oct/2024:07:19:17 +0000] "GET /get HTTP/1.1" 404 47 "-" "Mozilla/5.0 (Windows NT 10.0; Win64; x64) AppleWebKit/537.36 (KHTML, like Gecko) Chrome/129.0.0.0 Safari/537.36"

info: ::1 - - [22/Oct/2024:07:19:18 +0000] "GET /get HTTP/1.1" 404 47 "-" "Mozilla/5.0 (Windows NT 10.0; Win64; x64) AppleWebKit/537.36 (KHTML, like Gecko) Chrome/129.0.0.0 Safari/537.36"

info: ::1 - - [22/Oct/2024:07:19:22 +0000] "GET /api-docs/ HTTP/1.1" 304 - "-" "Mozilla/5.0 (Windows NT 10.0; Win64; x64) AppleWebKit/537.36 (KHTML, like Gecko) Chrome/129.0.0.0 Safari/537.36"

info: ::1 - - [22/Oct/2024:07:19:22 +0000] "GET /api-docs/swagger-ui.css HTTP/1.1" 304 - "-" "Mozilla/5.0 (Windows NT 10.0; Win64; x64) AppleWebKit/537.36 (KHTML, like Gecko) Chrome/129.0.0.0 Safari/537.36"

info: ::1 - - [22/Oct/2024:07:19:22 +0000] "GET /api-docs/swagger-ui-init.js HTTP/1.1" 200 4319 "-" "Mozilla/5.0 (Windows NT 10.0; Win64; x64) AppleWebKit/537.36 (KHTML, like Gecko) Chrome/129.0.0.0 Safari/537.36"

info: ::1 - - [22/Oct/2024:07:19:22 +0000] "GET /api-docs/swagger-ui-standalone-preset.js HTTP/1.1" 304 - "-" "Mozilla/5.0 (Windows NT 10.0; Win64; x64) AppleWebKit/537.36 (KHTML, like Gecko) Chrome/129.0.0.0 Safari/537.36"

info: ::1 - - [22/Oct/2024:07:19:22 +0000] "GET /api-docs/swagger-ui-bundle.js HTTP/1.1" 304 - "-" "Mozilla/5.0 (Windows NT 10.0; Win64; x64) AppleWebKit/537.36 (KHTML, like Gecko) Chrome/129.0.0.0 Safari/537.36"

info: ::1 - - [22/Oct/2024:07:19:33 +0000] "GET /api/v1/users/get HTTP/1.1" 200 2905 "-" "Mozilla/5.0 (Windows NT 10.0; Win64; x64) AppleWebKit/537.36 (KHTML, like Gecko) Chrome/129.0.0.0 Safari/537.36"

info: ::1 - - [22/Oct/2024:07:19:33 +0000] "GET /favicon.ico HTTP/1.1" 404 47 "-" "Mozilla/5.0 (Windows NT 10.0; Win64; x64) AppleWebKit/537.36 (KHTML, like Gecko) Chrome/129.0.0.0 Safari/537.36"

info: ::ffff:127.0.0.1 - - [22/Oct/2024:07:19:44 +0000] "GET /api-docs/ HTTP/1.1" 304 - "-" "Mozilla/5.0 (Windows NT 10.0; Win64; x64) AppleWebKit/537.36 (KHTML, like Gecko) Chrome/129.0.0.0 Safari/537.36"

info: ::ffff:127.0.0.1 - - [22/Oct/2024:07:19:44 +0000] "GET /api-docs/swagger-ui.css HTTP/1.1" 304 - "-" "Mozilla/5.0 (Windows NT 10.0; Win64; x64) AppleWebKit/537.36 (KHTML, like Gecko) Chrome/129.0.0.0 Safari/537.36"

info: ::ffff:127.0.0.1 - - [22/Oct/2024:07:19:44 +0000] "GET /api-docs/swagger-ui-bundle.js HTTP/1.1" 304 - "-" "Mozilla/5.0 (Windows NT 10.0; Win64; x64) AppleWebKit/537.36 (KHTML, like Gecko) Chrome/129.0.0.0 Safari/537.36"

info: ::ffff:127.0.0.1 - - [22/Oct/2024:07:19:44 +0000] "GET /api-docs/swagger-ui-init.js HTTP/1.1" 200 4320 "-" "Mozilla/5.0 (Windows NT 10.0; Win64; x64) AppleWebKit/537.36 (KHTML, like Gecko) Chrome/129.0.0.0 Safari/537.36"

info: ::1 - - [22/Oct/2024:07:19:44 +0000] "GET /api-docs/swagger-ui-standalone-preset.js HTTP/1.1" 304 - "-" "Mozilla/5.0 (Windows NT 10.0; Win64; x64) AppleWebKit/537.36 (KHTML, like Gecko) Chrome/129.0.0.0 Safari/537.36"

info: ::1 - - [22/Oct/2024:07:19:44 +0000] "GET /api-docs/favicon-32x32.png HTTP/1.1" 304 - "-" "Mozilla/5.0 (Windows NT 10.0; Win64; x64) AppleWebKit/537.36 (KHTML, like Gecko) Chrome/129.0.0.0 Safari/537.36"

info: ::ffff:127.0.0.1 - - [22/Oct/2024:07:19:50 +0000] "GET /api/v1/users/get HTTP/1.1" 304 - "-" "Mozilla/5.0 (Windows NT 10.0; Win64; x64) AppleWebKit/537.36 (KHTML, like Gecko) Chrome/129.0.0.0 Safari/537.36"

info: ::1 - - [22/Oct/2024:07:23:18 +0000] "GET /api-docs/ HTTP/1.1" 304 - "-" "Mozilla/5.0 (Windows NT 10.0; Win64; x64) AppleWebKit/537.36 (KHTML, like Gecko) Chrome/129.0.0.0 Safari/537.36"

info: ::1 - - [22/Oct/2024:07:23:18 +0000] "GET /api-docs/swagger-ui-init.js HTTP/1.1" 200 5667 "-" "Mozilla/5.0 (Windows NT 10.0; Win64; x64) AppleWebKit/537.36 (KHTML, like Gecko) Chrome/129.0.0.0 Safari/537.36"

info: ::1 - - [22/Oct/2024:07:23:18 +0000] "GET /api-docs/swagger-ui.css HTTP/1.1" 304 - "-" "Mozilla/5.0 (Windows NT 10.0; Win64; x64) AppleWebKit/537.36 (KHTML, like Gecko) Chrome/129.0.0.0 Safari/537.36"

info: ::1 - - [22/Oct/2024:07:23:18 +0000] "GET /api-docs/swagger-ui-bundle.js HTTP/1.1" 304 - "-" "Mozilla/5.0 (Windows NT 10.0; Win64; x64) AppleWebKit/537.36 (KHTML, like Gecko) Chrome/129.0.0.0 Safari/537.36"

info: ::1 - - [22/Oct/2024:07:23:18 +0000] "GET /api-docs/swagger-ui-standalone-preset.js HTTP/1.1" 304 - "-" "Mozilla/5.0 (Windows NT 10.0; Win64; x64) AppleWebKit/537.36 (KHTML, like Gecko) Chrome/129.0.0.0 Safari/537.36"

info: ::1 - - [22/Oct/2024:07:23:18 +0000] "GET /api-docs/favicon-32x32.png HTTP/1.1" 304 - "-" "Mozilla/5.0 (Windows NT 10.0; Win64; x64) AppleWebKit/537.36 (KHTML, like Gecko) Chrome/129.0.0.0 Safari/537.36"

info: ::1 - - [22/Oct/2024:07:35:34 +0000] "GET /api-docs/ HTTP/1.1" 304 - "-" "Mozilla/5.0 (Windows NT 10.0; Win64; x64) AppleWebKit/537.36 (KHTML, like Gecko) Chrome/129.0.0.0 Safari/537.36"

info: ::1 - - [22/Oct/2024:07:35:34 +0000] "GET /api-docs/swagger-ui-init.js HTTP/1.1" 200 5667 "-" "Mozilla/5.0 (Windows NT 10.0; Win64; x64) AppleWebKit/537.36 (KHTML, like Gecko) Chrome/129.0.0.0 Safari/537.36"

info: ::1 - - [22/Oct/2024:07:35:34 +0000] "GET /api-docs/swagger-ui-bundle.js HTTP/1.1" 304 - "-" "Mozilla/5.0 (Windows NT 10.0; Win64; x64) AppleWebKit/537.36 (KHTML, like Gecko) Chrome/129.0.0.0 Safari/537.36"

info: ::1 - - [22/Oct/2024:07:35:34 +0000] "GET /api-docs/swagger-ui.css HTTP/1.1" 304 - "-" "Mozilla/5.0 (Windows NT 10.0; Win64; x64) AppleWebKit/537.36 (KHTML, like Gecko) Chrome/129.0.0.0 Safari/537.36"

info: ::1 - - [22/Oct/2024:07:35:34 +0000] "GET /api-docs/swagger-ui-standalone-preset.js HTTP/1.1" 304 - "-" "Mozilla/5.0 (Windows NT 10.0; Win64; x64) AppleWebKit/537.36 (KHTML, like Gecko) Chrome/129.0.0.0 Safari/537.36"

info: ::1 - - [22/Oct/2024:07:35:34 +0000] "GET /api-docs/favicon-32x32.png HTTP/1.1" 304 - "-" "Mozilla/5.0 (Windows NT 10.0; Win64; x64) AppleWebKit/537.36 (KHTML, like Gecko) Chrome/129.0.0.0 Safari/537.36"

info: ::1 - - [22/Oct/2024:07:37:58 +0000] "GET /api-docs/ HTTP/1.1" 304 - "-" "Mozilla/5.0 (Windows NT 10.0; Win64; x64) AppleWebKit/537.36 (KHTML, like Gecko) Chrome/129.0.0.0 Safari/537.36"

info: ::1 - - [22/Oct/2024:07:37:58 +0000] "GET /api-docs/swagger-ui.css HTTP/1.1" 304 - "-" "Mozilla/5.0 (Windows NT 10.0; Win64; x64) AppleWebKit/537.36 (KHTML, like Gecko) Chrome/129.0.0.0 Safari/537.36"

info: ::1 - - [22/Oct/2024:07:37:58 +0000] "GET /api-docs/swagger-ui-init.js HTTP/1.1" 304 - "-" "Mozilla/5.0 (Windows NT 10.0; Win64; x64) AppleWebKit/537.36 (KHTML, like Gecko) Chrome/129.0.0.0 Safari/537.36"

info: ::1 - - [22/Oct/2024:07:37:58 +0000] "GET /api-docs/swagger-ui-bundle.js HTTP/1.1" 304 - "-" "Mozilla/5.0 (Windows NT 10.0; Win64; x64) AppleWebKit/537.36 (KHTML, like Gecko) Chrome/129.0.0.0 Safari/537.36"

info: ::1 - - [22/Oct/2024:07:37:58 +0000] "GET /api-docs/swagger-ui-standalone-preset.js HTTP/1.1" 304 - "-" "Mozilla/5.0 (Windows NT 10.0; Win64; x64) AppleWebKit/537.36 (KHTML, like Gecko) Chrome/129.0.0.0 Safari/537.36"

info: ::1 - - [22/Oct/2024:07:37:58 +0000] "GET /api-docs/favicon-32x32.png HTTP/1.1" 304 - "-" "Mozilla/5.0 (Windows NT 10.0; Win64; x64) AppleWebKit/537.36 (KHTML, like Gecko) Chrome/129.0.0.0 Safari/537.36"

